ARM GAS  C:\Users\tiantiaf\AppData\Local\Temp\ccqELnog.s 			page 1


   1              		.cpu cortex-m0
   2              		.fpu softvfp
   3              		.eabi_attribute 20, 1
   4              		.eabi_attribute 21, 1
   5              		.eabi_attribute 23, 3
   6              		.eabi_attribute 24, 1
   7              		.eabi_attribute 25, 1
   8              		.eabi_attribute 26, 1
   9              		.eabi_attribute 30, 6
  10              		.eabi_attribute 34, 0
  11              		.eabi_attribute 18, 4
  12              		.code	16
  13              		.file	"cyfitter_cfg.c"
  14              		.text
  15              	.Ltext0:
  16              		.cfi_sections	.debug_frame
  17              		.section	.text.CYMEMZERO,"ax",%progbits
  18              		.align	2
  19              		.code	16
  20              		.thumb_func
  21              		.type	CYMEMZERO, %function
  22              	CYMEMZERO:
  23              	.LFB2:
  24              		.file 1 ".\\Generated_Source\\PSoC4\\cyfitter_cfg.c"
   1:.\Generated_Source\PSoC4/cyfitter_cfg.c **** /*******************************************************************************
   2:.\Generated_Source\PSoC4/cyfitter_cfg.c **** * File Name: cyfitter_cfg.c
   3:.\Generated_Source\PSoC4/cyfitter_cfg.c **** * 
   4:.\Generated_Source\PSoC4/cyfitter_cfg.c **** * PSoC Creator  3.3 CP3
   5:.\Generated_Source\PSoC4/cyfitter_cfg.c **** *
   6:.\Generated_Source\PSoC4/cyfitter_cfg.c **** * Description:
   7:.\Generated_Source\PSoC4/cyfitter_cfg.c **** * This file contains device initialization code.
   8:.\Generated_Source\PSoC4/cyfitter_cfg.c **** * Except for the user defined sections in CyClockStartupError(), this file should not be modified.
   9:.\Generated_Source\PSoC4/cyfitter_cfg.c **** * This file is automatically generated by PSoC Creator.
  10:.\Generated_Source\PSoC4/cyfitter_cfg.c **** *
  11:.\Generated_Source\PSoC4/cyfitter_cfg.c **** ********************************************************************************
  12:.\Generated_Source\PSoC4/cyfitter_cfg.c **** * Copyright (c) 2007-2016 Cypress Semiconductor.  All rights reserved.
  13:.\Generated_Source\PSoC4/cyfitter_cfg.c **** * You may use this file only in accordance with the license, terms, conditions, 
  14:.\Generated_Source\PSoC4/cyfitter_cfg.c **** * disclaimers, and limitations in the end user license agreement accompanying 
  15:.\Generated_Source\PSoC4/cyfitter_cfg.c **** * the software package with which this file was provided.
  16:.\Generated_Source\PSoC4/cyfitter_cfg.c **** ********************************************************************************/
  17:.\Generated_Source\PSoC4/cyfitter_cfg.c **** 
  18:.\Generated_Source\PSoC4/cyfitter_cfg.c **** #include <string.h>
  19:.\Generated_Source\PSoC4/cyfitter_cfg.c **** #include "cytypes.h"
  20:.\Generated_Source\PSoC4/cyfitter_cfg.c **** #include "cydevice_trm.h"
  21:.\Generated_Source\PSoC4/cyfitter_cfg.c **** #include "cyfitter.h"
  22:.\Generated_Source\PSoC4/cyfitter_cfg.c **** #include "CyLib.h"
  23:.\Generated_Source\PSoC4/cyfitter_cfg.c **** #include "cyfitter_cfg.h"
  24:.\Generated_Source\PSoC4/cyfitter_cfg.c **** 
  25:.\Generated_Source\PSoC4/cyfitter_cfg.c **** 
  26:.\Generated_Source\PSoC4/cyfitter_cfg.c **** #if defined(__GNUC__) || defined(__ARMCC_VERSION)
  27:.\Generated_Source\PSoC4/cyfitter_cfg.c ****     #define CYPACKED 
  28:.\Generated_Source\PSoC4/cyfitter_cfg.c ****     #define CYPACKED_ATTR __attribute__ ((packed))
  29:.\Generated_Source\PSoC4/cyfitter_cfg.c ****     #define CYALIGNED __attribute__ ((aligned))
  30:.\Generated_Source\PSoC4/cyfitter_cfg.c ****     #define CY_CFG_UNUSED __attribute__ ((unused))
  31:.\Generated_Source\PSoC4/cyfitter_cfg.c ****     #ifndef CY_CFG_SECTION
  32:.\Generated_Source\PSoC4/cyfitter_cfg.c ****         #define CY_CFG_SECTION __attribute__ ((section(".psocinit")))
  33:.\Generated_Source\PSoC4/cyfitter_cfg.c ****     #endif
ARM GAS  C:\Users\tiantiaf\AppData\Local\Temp\ccqELnog.s 			page 2


  34:.\Generated_Source\PSoC4/cyfitter_cfg.c ****     
  35:.\Generated_Source\PSoC4/cyfitter_cfg.c ****     #if defined(__ARMCC_VERSION)
  36:.\Generated_Source\PSoC4/cyfitter_cfg.c ****         #define CY_CFG_MEMORY_BARRIER() __memory_changed()
  37:.\Generated_Source\PSoC4/cyfitter_cfg.c ****     #else
  38:.\Generated_Source\PSoC4/cyfitter_cfg.c ****         #define CY_CFG_MEMORY_BARRIER() __sync_synchronize()
  39:.\Generated_Source\PSoC4/cyfitter_cfg.c ****     #endif
  40:.\Generated_Source\PSoC4/cyfitter_cfg.c ****     
  41:.\Generated_Source\PSoC4/cyfitter_cfg.c **** #elif defined(__ICCARM__)
  42:.\Generated_Source\PSoC4/cyfitter_cfg.c ****     #include <intrinsics.h>
  43:.\Generated_Source\PSoC4/cyfitter_cfg.c **** 
  44:.\Generated_Source\PSoC4/cyfitter_cfg.c ****     #define CYPACKED __packed
  45:.\Generated_Source\PSoC4/cyfitter_cfg.c ****     #define CYPACKED_ATTR 
  46:.\Generated_Source\PSoC4/cyfitter_cfg.c ****     #define CYALIGNED _Pragma("data_alignment=4")
  47:.\Generated_Source\PSoC4/cyfitter_cfg.c ****     #define CY_CFG_UNUSED _Pragma("diag_suppress=Pe177")
  48:.\Generated_Source\PSoC4/cyfitter_cfg.c ****     #define CY_CFG_SECTION _Pragma("location=\".psocinit\"")
  49:.\Generated_Source\PSoC4/cyfitter_cfg.c ****     
  50:.\Generated_Source\PSoC4/cyfitter_cfg.c ****     #define CY_CFG_MEMORY_BARRIER() __DMB()
  51:.\Generated_Source\PSoC4/cyfitter_cfg.c ****     
  52:.\Generated_Source\PSoC4/cyfitter_cfg.c **** #else
  53:.\Generated_Source\PSoC4/cyfitter_cfg.c ****     #error Unsupported toolchain
  54:.\Generated_Source\PSoC4/cyfitter_cfg.c **** #endif
  55:.\Generated_Source\PSoC4/cyfitter_cfg.c **** 
  56:.\Generated_Source\PSoC4/cyfitter_cfg.c **** 
  57:.\Generated_Source\PSoC4/cyfitter_cfg.c **** CY_CFG_UNUSED
  58:.\Generated_Source\PSoC4/cyfitter_cfg.c **** static void CYMEMZERO(void *s, size_t n);
  59:.\Generated_Source\PSoC4/cyfitter_cfg.c **** CY_CFG_UNUSED
  60:.\Generated_Source\PSoC4/cyfitter_cfg.c **** static void CYMEMZERO(void *s, size_t n)
  61:.\Generated_Source\PSoC4/cyfitter_cfg.c **** {
  25              		.loc 1 61 0
  26              		.cfi_startproc
  27 0000 80B5     		push	{r7, lr}
  28              		.cfi_def_cfa_offset 8
  29              		.cfi_offset 7, -8
  30              		.cfi_offset 14, -4
  31 0002 82B0     		sub	sp, sp, #8
  32              		.cfi_def_cfa_offset 16
  33 0004 00AF     		add	r7, sp, #0
  34              		.cfi_def_cfa_register 7
  35 0006 7860     		str	r0, [r7, #4]
  36 0008 3960     		str	r1, [r7]
  62:.\Generated_Source\PSoC4/cyfitter_cfg.c **** 	(void)memset(s, 0, n);
  37              		.loc 1 62 0
  38 000a 7A68     		ldr	r2, [r7, #4]
  39 000c 3B68     		ldr	r3, [r7]
  40 000e 101C     		mov	r0, r2
  41 0010 0021     		mov	r1, #0
  42 0012 1A1C     		mov	r2, r3
  43 0014 FFF7FEFF 		bl	memset
  63:.\Generated_Source\PSoC4/cyfitter_cfg.c **** }
  44              		.loc 1 63 0
  45 0018 BD46     		mov	sp, r7
  46 001a 02B0     		add	sp, sp, #8
  47              		@ sp needed
  48 001c 80BD     		pop	{r7, pc}
  49              		.cfi_endproc
  50              	.LFE2:
  51              		.size	CYMEMZERO, .-CYMEMZERO
ARM GAS  C:\Users\tiantiaf\AppData\Local\Temp\ccqELnog.s 			page 3


  52 001e C046     		.section	.text.CYCONFIGCPY,"ax",%progbits
  53              		.align	2
  54              		.code	16
  55              		.thumb_func
  56              		.type	CYCONFIGCPY, %function
  57              	CYCONFIGCPY:
  58              	.LFB3:
  64:.\Generated_Source\PSoC4/cyfitter_cfg.c **** CY_CFG_UNUSED
  65:.\Generated_Source\PSoC4/cyfitter_cfg.c **** static void CYCONFIGCPY(void *dest, const void *src, size_t n);
  66:.\Generated_Source\PSoC4/cyfitter_cfg.c **** CY_CFG_UNUSED
  67:.\Generated_Source\PSoC4/cyfitter_cfg.c **** static void CYCONFIGCPY(void *dest, const void *src, size_t n)
  68:.\Generated_Source\PSoC4/cyfitter_cfg.c **** {
  59              		.loc 1 68 0
  60              		.cfi_startproc
  61 0000 80B5     		push	{r7, lr}
  62              		.cfi_def_cfa_offset 8
  63              		.cfi_offset 7, -8
  64              		.cfi_offset 14, -4
  65 0002 84B0     		sub	sp, sp, #16
  66              		.cfi_def_cfa_offset 24
  67 0004 00AF     		add	r7, sp, #0
  68              		.cfi_def_cfa_register 7
  69 0006 F860     		str	r0, [r7, #12]
  70 0008 B960     		str	r1, [r7, #8]
  71 000a 7A60     		str	r2, [r7, #4]
  69:.\Generated_Source\PSoC4/cyfitter_cfg.c **** 	(void)memcpy(dest, src, n);
  72              		.loc 1 69 0
  73 000c F968     		ldr	r1, [r7, #12]
  74 000e BA68     		ldr	r2, [r7, #8]
  75 0010 7B68     		ldr	r3, [r7, #4]
  76 0012 081C     		mov	r0, r1
  77 0014 111C     		mov	r1, r2
  78 0016 1A1C     		mov	r2, r3
  79 0018 FFF7FEFF 		bl	memcpy
  70:.\Generated_Source\PSoC4/cyfitter_cfg.c **** }
  80              		.loc 1 70 0
  81 001c BD46     		mov	sp, r7
  82 001e 04B0     		add	sp, sp, #16
  83              		@ sp needed
  84 0020 80BD     		pop	{r7, pc}
  85              		.cfi_endproc
  86              	.LFE3:
  87              		.size	CYCONFIGCPY, .-CYCONFIGCPY
  88 0022 C046     		.section	.text.CYCONFIGCPYCODE,"ax",%progbits
  89              		.align	2
  90              		.code	16
  91              		.thumb_func
  92              		.type	CYCONFIGCPYCODE, %function
  93              	CYCONFIGCPYCODE:
  94              	.LFB4:
  71:.\Generated_Source\PSoC4/cyfitter_cfg.c **** CY_CFG_UNUSED
  72:.\Generated_Source\PSoC4/cyfitter_cfg.c **** static void CYCONFIGCPYCODE(void *dest, const void *src, size_t n);
  73:.\Generated_Source\PSoC4/cyfitter_cfg.c **** CY_CFG_UNUSED
  74:.\Generated_Source\PSoC4/cyfitter_cfg.c **** static void CYCONFIGCPYCODE(void *dest, const void *src, size_t n)
  75:.\Generated_Source\PSoC4/cyfitter_cfg.c **** {
  95              		.loc 1 75 0
  96              		.cfi_startproc
ARM GAS  C:\Users\tiantiaf\AppData\Local\Temp\ccqELnog.s 			page 4


  97 0000 80B5     		push	{r7, lr}
  98              		.cfi_def_cfa_offset 8
  99              		.cfi_offset 7, -8
 100              		.cfi_offset 14, -4
 101 0002 84B0     		sub	sp, sp, #16
 102              		.cfi_def_cfa_offset 24
 103 0004 00AF     		add	r7, sp, #0
 104              		.cfi_def_cfa_register 7
 105 0006 F860     		str	r0, [r7, #12]
 106 0008 B960     		str	r1, [r7, #8]
 107 000a 7A60     		str	r2, [r7, #4]
  76:.\Generated_Source\PSoC4/cyfitter_cfg.c **** 	(void)memcpy(dest, src, n);
 108              		.loc 1 76 0
 109 000c F968     		ldr	r1, [r7, #12]
 110 000e BA68     		ldr	r2, [r7, #8]
 111 0010 7B68     		ldr	r3, [r7, #4]
 112 0012 081C     		mov	r0, r1
 113 0014 111C     		mov	r1, r2
 114 0016 1A1C     		mov	r2, r3
 115 0018 FFF7FEFF 		bl	memcpy
  77:.\Generated_Source\PSoC4/cyfitter_cfg.c **** }
 116              		.loc 1 77 0
 117 001c BD46     		mov	sp, r7
 118 001e 04B0     		add	sp, sp, #16
 119              		@ sp needed
 120 0020 80BD     		pop	{r7, pc}
 121              		.cfi_endproc
 122              	.LFE4:
 123              		.size	CYCONFIGCPYCODE, .-CYCONFIGCPYCODE
 124 0022 C046     		.section	.text.cfg_write_bytes32,"ax",%progbits
 125              		.align	2
 126              		.code	16
 127              		.thumb_func
 128              		.type	cfg_write_bytes32, %function
 129              	cfg_write_bytes32:
 130              	.LFB5:
  78:.\Generated_Source\PSoC4/cyfitter_cfg.c **** 
  79:.\Generated_Source\PSoC4/cyfitter_cfg.c **** 
  80:.\Generated_Source\PSoC4/cyfitter_cfg.c **** 
  81:.\Generated_Source\PSoC4/cyfitter_cfg.c **** /* Clock startup error codes                                                   */
  82:.\Generated_Source\PSoC4/cyfitter_cfg.c **** #define CYCLOCKSTART_NO_ERROR    0u
  83:.\Generated_Source\PSoC4/cyfitter_cfg.c **** #define CYCLOCKSTART_XTAL_ERROR  1u
  84:.\Generated_Source\PSoC4/cyfitter_cfg.c **** #define CYCLOCKSTART_32KHZ_ERROR 2u
  85:.\Generated_Source\PSoC4/cyfitter_cfg.c **** #define CYCLOCKSTART_PLL_ERROR   3u
  86:.\Generated_Source\PSoC4/cyfitter_cfg.c **** 
  87:.\Generated_Source\PSoC4/cyfitter_cfg.c **** #ifdef CY_NEED_CYCLOCKSTARTUPERROR
  88:.\Generated_Source\PSoC4/cyfitter_cfg.c **** /*******************************************************************************
  89:.\Generated_Source\PSoC4/cyfitter_cfg.c **** * Function Name: CyClockStartupError
  90:.\Generated_Source\PSoC4/cyfitter_cfg.c **** ********************************************************************************
  91:.\Generated_Source\PSoC4/cyfitter_cfg.c **** * Summary:
  92:.\Generated_Source\PSoC4/cyfitter_cfg.c **** *  If an error is encountered during clock configuration (crystal startup error,
  93:.\Generated_Source\PSoC4/cyfitter_cfg.c **** *  PLL lock error, etc.), the system will end up here.  Unless reimplemented by
  94:.\Generated_Source\PSoC4/cyfitter_cfg.c **** *  the customer, this function will stop in an infinite loop.
  95:.\Generated_Source\PSoC4/cyfitter_cfg.c **** *
  96:.\Generated_Source\PSoC4/cyfitter_cfg.c **** * Parameters:
  97:.\Generated_Source\PSoC4/cyfitter_cfg.c **** *   void
  98:.\Generated_Source\PSoC4/cyfitter_cfg.c **** *
ARM GAS  C:\Users\tiantiaf\AppData\Local\Temp\ccqELnog.s 			page 5


  99:.\Generated_Source\PSoC4/cyfitter_cfg.c **** * Return:
 100:.\Generated_Source\PSoC4/cyfitter_cfg.c **** *   void
 101:.\Generated_Source\PSoC4/cyfitter_cfg.c **** *
 102:.\Generated_Source\PSoC4/cyfitter_cfg.c **** *******************************************************************************/
 103:.\Generated_Source\PSoC4/cyfitter_cfg.c **** CY_CFG_UNUSED
 104:.\Generated_Source\PSoC4/cyfitter_cfg.c **** static void CyClockStartupError(uint8 errorCode);
 105:.\Generated_Source\PSoC4/cyfitter_cfg.c **** CY_CFG_UNUSED
 106:.\Generated_Source\PSoC4/cyfitter_cfg.c **** static void CyClockStartupError(uint8 errorCode)
 107:.\Generated_Source\PSoC4/cyfitter_cfg.c **** {
 108:.\Generated_Source\PSoC4/cyfitter_cfg.c ****     /* To remove the compiler warning if errorCode not used.                */
 109:.\Generated_Source\PSoC4/cyfitter_cfg.c ****     errorCode = errorCode;
 110:.\Generated_Source\PSoC4/cyfitter_cfg.c **** 
 111:.\Generated_Source\PSoC4/cyfitter_cfg.c ****     /* `#START CyClockStartupError` */
 112:.\Generated_Source\PSoC4/cyfitter_cfg.c **** 
 113:.\Generated_Source\PSoC4/cyfitter_cfg.c ****     /* If we have a clock startup error (bad MHz crystal, PLL lock, etc.),  */
 114:.\Generated_Source\PSoC4/cyfitter_cfg.c ****     /* we will end up here to allow the customer to implement something to  */
 115:.\Generated_Source\PSoC4/cyfitter_cfg.c ****     /* deal with the clock condition.                                       */
 116:.\Generated_Source\PSoC4/cyfitter_cfg.c **** 
 117:.\Generated_Source\PSoC4/cyfitter_cfg.c ****     /* `#END` */
 118:.\Generated_Source\PSoC4/cyfitter_cfg.c **** 
 119:.\Generated_Source\PSoC4/cyfitter_cfg.c ****     /* If nothing else, stop here since the clocks have not started         */
 120:.\Generated_Source\PSoC4/cyfitter_cfg.c ****     /* correctly.                                                           */
 121:.\Generated_Source\PSoC4/cyfitter_cfg.c ****     while(1) {}
 122:.\Generated_Source\PSoC4/cyfitter_cfg.c **** }
 123:.\Generated_Source\PSoC4/cyfitter_cfg.c **** #endif
 124:.\Generated_Source\PSoC4/cyfitter_cfg.c **** 
 125:.\Generated_Source\PSoC4/cyfitter_cfg.c **** #define CY_CFG_BASE_ADDR_COUNT 2u
 126:.\Generated_Source\PSoC4/cyfitter_cfg.c **** CYPACKED typedef struct
 127:.\Generated_Source\PSoC4/cyfitter_cfg.c **** {
 128:.\Generated_Source\PSoC4/cyfitter_cfg.c **** 	uint8 offset;
 129:.\Generated_Source\PSoC4/cyfitter_cfg.c **** 	uint8 value;
 130:.\Generated_Source\PSoC4/cyfitter_cfg.c **** } CYPACKED_ATTR cy_cfg_addrvalue_t;
 131:.\Generated_Source\PSoC4/cyfitter_cfg.c **** 
 132:.\Generated_Source\PSoC4/cyfitter_cfg.c **** 
 133:.\Generated_Source\PSoC4/cyfitter_cfg.c **** 
 134:.\Generated_Source\PSoC4/cyfitter_cfg.c **** /*******************************************************************************
 135:.\Generated_Source\PSoC4/cyfitter_cfg.c **** * Function Name: cfg_write_bytes32
 136:.\Generated_Source\PSoC4/cyfitter_cfg.c **** ********************************************************************************
 137:.\Generated_Source\PSoC4/cyfitter_cfg.c **** * Summary:
 138:.\Generated_Source\PSoC4/cyfitter_cfg.c **** *  This function is used for setting up the chip configuration areas that
 139:.\Generated_Source\PSoC4/cyfitter_cfg.c **** *  contain relatively sparse data.
 140:.\Generated_Source\PSoC4/cyfitter_cfg.c **** *
 141:.\Generated_Source\PSoC4/cyfitter_cfg.c **** * Parameters:
 142:.\Generated_Source\PSoC4/cyfitter_cfg.c **** *   void
 143:.\Generated_Source\PSoC4/cyfitter_cfg.c **** *
 144:.\Generated_Source\PSoC4/cyfitter_cfg.c **** * Return:
 145:.\Generated_Source\PSoC4/cyfitter_cfg.c **** *   void
 146:.\Generated_Source\PSoC4/cyfitter_cfg.c **** *
 147:.\Generated_Source\PSoC4/cyfitter_cfg.c **** *******************************************************************************/
 148:.\Generated_Source\PSoC4/cyfitter_cfg.c **** static void cfg_write_bytes32(const uint32 addr_table[], const cy_cfg_addrvalue_t data_table[]);
 149:.\Generated_Source\PSoC4/cyfitter_cfg.c **** static void cfg_write_bytes32(const uint32 addr_table[], const cy_cfg_addrvalue_t data_table[])
 150:.\Generated_Source\PSoC4/cyfitter_cfg.c **** {
 131              		.loc 1 150 0
 132              		.cfi_startproc
 133 0000 80B5     		push	{r7, lr}
 134              		.cfi_def_cfa_offset 8
 135              		.cfi_offset 7, -8
ARM GAS  C:\Users\tiantiaf\AppData\Local\Temp\ccqELnog.s 			page 6


 136              		.cfi_offset 14, -4
 137 0002 86B0     		sub	sp, sp, #24
 138              		.cfi_def_cfa_offset 32
 139 0004 00AF     		add	r7, sp, #0
 140              		.cfi_def_cfa_register 7
 141 0006 7860     		str	r0, [r7, #4]
 142 0008 3960     		str	r1, [r7]
 151:.\Generated_Source\PSoC4/cyfitter_cfg.c **** 	/* For 32-bit little-endian architectures */
 152:.\Generated_Source\PSoC4/cyfitter_cfg.c **** 	uint32 i, j = 0u;
 143              		.loc 1 152 0
 144 000a 0023     		mov	r3, #0
 145 000c 3B61     		str	r3, [r7, #16]
 153:.\Generated_Source\PSoC4/cyfitter_cfg.c **** 	for (i = 0u; i < CY_CFG_BASE_ADDR_COUNT; i++)
 146              		.loc 1 153 0
 147 000e 0023     		mov	r3, #0
 148 0010 7B61     		str	r3, [r7, #20]
 149 0012 2FE0     		b	.L5
 150              	.L8:
 151              	.LBB2:
 154:.\Generated_Source\PSoC4/cyfitter_cfg.c **** 	{
 155:.\Generated_Source\PSoC4/cyfitter_cfg.c **** 		uint32 baseAddr = addr_table[i];
 152              		.loc 1 155 0
 153 0014 7B69     		ldr	r3, [r7, #20]
 154 0016 9B00     		lsl	r3, r3, #2
 155 0018 7A68     		ldr	r2, [r7, #4]
 156 001a D318     		add	r3, r2, r3
 157 001c 1B68     		ldr	r3, [r3]
 158 001e BB60     		str	r3, [r7, #8]
 156:.\Generated_Source\PSoC4/cyfitter_cfg.c **** 		uint8 count = (uint8)baseAddr;
 159              		.loc 1 156 0
 160 0020 0F23     		mov	r3, #15
 161 0022 FB18     		add	r3, r7, r3
 162 0024 BA68     		ldr	r2, [r7, #8]
 163 0026 1A70     		strb	r2, [r3]
 157:.\Generated_Source\PSoC4/cyfitter_cfg.c **** 		baseAddr &= 0xFFFFFF00u;
 164              		.loc 1 157 0
 165 0028 BB68     		ldr	r3, [r7, #8]
 166 002a FF22     		mov	r2, #255
 167 002c 9343     		bic	r3, r2
 168 002e BB60     		str	r3, [r7, #8]
 158:.\Generated_Source\PSoC4/cyfitter_cfg.c **** 		while (count != 0u)
 169              		.loc 1 158 0
 170 0030 18E0     		b	.L6
 171              	.L7:
 159:.\Generated_Source\PSoC4/cyfitter_cfg.c **** 		{
 160:.\Generated_Source\PSoC4/cyfitter_cfg.c **** 			CY_SET_XTND_REG8((void CYFAR *)(baseAddr + data_table[j].offset), data_table[j].value);
 172              		.loc 1 160 0
 173 0032 3B69     		ldr	r3, [r7, #16]
 174 0034 5B00     		lsl	r3, r3, #1
 175 0036 3A68     		ldr	r2, [r7]
 176 0038 D318     		add	r3, r2, r3
 177 003a 1B78     		ldrb	r3, [r3]
 178 003c 1A1C     		mov	r2, r3
 179 003e BB68     		ldr	r3, [r7, #8]
 180 0040 D318     		add	r3, r2, r3
 181 0042 191C     		mov	r1, r3
 182 0044 3B69     		ldr	r3, [r7, #16]
ARM GAS  C:\Users\tiantiaf\AppData\Local\Temp\ccqELnog.s 			page 7


 183 0046 5B00     		lsl	r3, r3, #1
 184 0048 3A68     		ldr	r2, [r7]
 185 004a D318     		add	r3, r2, r3
 186 004c 5B78     		ldrb	r3, [r3, #1]
 187 004e 0B70     		strb	r3, [r1]
 161:.\Generated_Source\PSoC4/cyfitter_cfg.c **** 			j++;
 188              		.loc 1 161 0
 189 0050 3B69     		ldr	r3, [r7, #16]
 190 0052 0133     		add	r3, r3, #1
 191 0054 3B61     		str	r3, [r7, #16]
 162:.\Generated_Source\PSoC4/cyfitter_cfg.c **** 			count--;
 192              		.loc 1 162 0
 193 0056 0F23     		mov	r3, #15
 194 0058 FB18     		add	r3, r7, r3
 195 005a 1A78     		ldrb	r2, [r3]
 196 005c 0F23     		mov	r3, #15
 197 005e FB18     		add	r3, r7, r3
 198 0060 013A     		sub	r2, r2, #1
 199 0062 1A70     		strb	r2, [r3]
 200              	.L6:
 158:.\Generated_Source\PSoC4/cyfitter_cfg.c **** 		{
 201              		.loc 1 158 0
 202 0064 0F23     		mov	r3, #15
 203 0066 FB18     		add	r3, r7, r3
 204 0068 1B78     		ldrb	r3, [r3]
 205 006a 002B     		cmp	r3, #0
 206 006c E1D1     		bne	.L7
 207              	.LBE2:
 153:.\Generated_Source\PSoC4/cyfitter_cfg.c **** 	{
 208              		.loc 1 153 0 discriminator 2
 209 006e 7B69     		ldr	r3, [r7, #20]
 210 0070 0133     		add	r3, r3, #1
 211 0072 7B61     		str	r3, [r7, #20]
 212              	.L5:
 153:.\Generated_Source\PSoC4/cyfitter_cfg.c **** 	{
 213              		.loc 1 153 0 is_stmt 0 discriminator 1
 214 0074 7B69     		ldr	r3, [r7, #20]
 215 0076 012B     		cmp	r3, #1
 216 0078 CCD9     		bls	.L8
 163:.\Generated_Source\PSoC4/cyfitter_cfg.c **** 		}
 164:.\Generated_Source\PSoC4/cyfitter_cfg.c **** 	}
 165:.\Generated_Source\PSoC4/cyfitter_cfg.c **** }
 217              		.loc 1 165 0 is_stmt 1
 218 007a BD46     		mov	sp, r7
 219 007c 06B0     		add	sp, sp, #24
 220              		@ sp needed
 221 007e 80BD     		pop	{r7, pc}
 222              		.cfi_endproc
 223              	.LFE5:
 224              		.size	cfg_write_bytes32, .-cfg_write_bytes32
 225              		.section	.psocinit,"ax",%progbits
 226              		.align	2
 227              		.code	16
 228              		.thumb_func
 229              		.type	ClockSetup, %function
 230              	ClockSetup:
 231              	.LFB6:
ARM GAS  C:\Users\tiantiaf\AppData\Local\Temp\ccqELnog.s 			page 8


 166:.\Generated_Source\PSoC4/cyfitter_cfg.c **** 
 167:.\Generated_Source\PSoC4/cyfitter_cfg.c **** 
 168:.\Generated_Source\PSoC4/cyfitter_cfg.c **** /*******************************************************************************
 169:.\Generated_Source\PSoC4/cyfitter_cfg.c **** * Function Name: ClockSetup
 170:.\Generated_Source\PSoC4/cyfitter_cfg.c **** ********************************************************************************
 171:.\Generated_Source\PSoC4/cyfitter_cfg.c **** *
 172:.\Generated_Source\PSoC4/cyfitter_cfg.c **** * Summary:
 173:.\Generated_Source\PSoC4/cyfitter_cfg.c **** *   Performs the initialization of all of the clocks in the device based on the
 174:.\Generated_Source\PSoC4/cyfitter_cfg.c **** *   settings in the Clock tab of the DWR.  This includes enabling the requested
 175:.\Generated_Source\PSoC4/cyfitter_cfg.c **** *   clocks and setting the necessary dividers to produce the desired frequency. 
 176:.\Generated_Source\PSoC4/cyfitter_cfg.c **** *
 177:.\Generated_Source\PSoC4/cyfitter_cfg.c **** * Parameters:
 178:.\Generated_Source\PSoC4/cyfitter_cfg.c **** *   void
 179:.\Generated_Source\PSoC4/cyfitter_cfg.c **** *
 180:.\Generated_Source\PSoC4/cyfitter_cfg.c **** * Return:
 181:.\Generated_Source\PSoC4/cyfitter_cfg.c **** *   void
 182:.\Generated_Source\PSoC4/cyfitter_cfg.c **** *
 183:.\Generated_Source\PSoC4/cyfitter_cfg.c **** *******************************************************************************/
 184:.\Generated_Source\PSoC4/cyfitter_cfg.c **** static void ClockSetup(void);
 185:.\Generated_Source\PSoC4/cyfitter_cfg.c **** CY_CFG_SECTION
 186:.\Generated_Source\PSoC4/cyfitter_cfg.c **** static void ClockSetup(void)
 187:.\Generated_Source\PSoC4/cyfitter_cfg.c **** {
 232              		.loc 1 187 0
 233              		.cfi_startproc
 234 0000 80B5     		push	{r7, lr}
 235              		.cfi_def_cfa_offset 8
 236              		.cfi_offset 7, -8
 237              		.cfi_offset 14, -4
 238 0002 00AF     		add	r7, sp, #0
 239              		.cfi_def_cfa_register 7
 188:.\Generated_Source\PSoC4/cyfitter_cfg.c **** 
 189:.\Generated_Source\PSoC4/cyfitter_cfg.c **** 	/* Set Flash Cycles based on max possible frequency in case a glitch occurs during ClockSetup(). *
 190:.\Generated_Source\PSoC4/cyfitter_cfg.c **** 	CY_SET_REG32((void CYXDATA *)(CYREG_CPUSS_FLASH_CTL), (0x0012u));
 240              		.loc 1 190 0
 241 0004 224B     		ldr	r3, .L10
 242 0006 1222     		mov	r2, #18
 243 0008 1A60     		str	r2, [r3]
 191:.\Generated_Source\PSoC4/cyfitter_cfg.c **** 
 192:.\Generated_Source\PSoC4/cyfitter_cfg.c **** 	/* Start the WCO */
 193:.\Generated_Source\PSoC4/cyfitter_cfg.c **** 	CySysClkWcoStart();
 244              		.loc 1 193 0
 245 000a FFF7FEFF 		bl	CySysClkWcoStart
 194:.\Generated_Source\PSoC4/cyfitter_cfg.c **** 	CyDelayCycles(12000000u); /* WCO may take up to 500ms to start */
 246              		.loc 1 194 0
 247 000e 214B     		ldr	r3, .L10+4
 248 0010 181C     		mov	r0, r3
 249 0012 FFF7FEFF 		bl	CyDelayCycles
 195:.\Generated_Source\PSoC4/cyfitter_cfg.c **** 	(void)CySysClkWcoSetPowerMode(CY_SYS_CLK_WCO_LPM);    /* Switch to the low power mode */
 250              		.loc 1 195 0
 251 0016 0120     		mov	r0, #1
 252 0018 FFF7FEFF 		bl	CySysClkWcoSetPowerMode
 196:.\Generated_Source\PSoC4/cyfitter_cfg.c **** 
 197:.\Generated_Source\PSoC4/cyfitter_cfg.c **** 	/* Setup and trim IMO based on desired frequency. */
 198:.\Generated_Source\PSoC4/cyfitter_cfg.c **** 	CySysClkWriteImoFreq(48u);
 253              		.loc 1 198 0
 254 001c 3020     		mov	r0, #48
 255 001e FFF7FEFF 		bl	CySysClkWriteImoFreq
ARM GAS  C:\Users\tiantiaf\AppData\Local\Temp\ccqELnog.s 			page 9


 199:.\Generated_Source\PSoC4/cyfitter_cfg.c **** 	/* CYDEV_CLK_ILO_CONFIG Starting address: CYDEV_CLK_ILO_CONFIG */
 200:.\Generated_Source\PSoC4/cyfitter_cfg.c **** 	CY_SET_XTND_REG32((void CYFAR *)(CYREG_CLK_ILO_CONFIG), 0x80000006u);
 256              		.loc 1 200 0
 257 0022 1D4B     		ldr	r3, .L10+8
 258 0024 1D4A     		ldr	r2, .L10+12
 259 0026 1A60     		str	r2, [r3]
 201:.\Generated_Source\PSoC4/cyfitter_cfg.c **** 
 202:.\Generated_Source\PSoC4/cyfitter_cfg.c **** 	/* CYDEV_WDT_CONFIG Starting address: CYDEV_WDT_CONFIG */
 203:.\Generated_Source\PSoC4/cyfitter_cfg.c **** 	CY_SET_XTND_REG32((void CYFAR *)(CYREG_WDT_CONFIG), 0x40000000u);
 260              		.loc 1 203 0
 261 0028 1D4B     		ldr	r3, .L10+16
 262 002a 8022     		mov	r2, #128
 263 002c D205     		lsl	r2, r2, #23
 264 002e 1A60     		str	r2, [r3]
 204:.\Generated_Source\PSoC4/cyfitter_cfg.c **** 
 205:.\Generated_Source\PSoC4/cyfitter_cfg.c **** 
 206:.\Generated_Source\PSoC4/cyfitter_cfg.c **** 	/* Enable fast start mode for XO */
 207:.\Generated_Source\PSoC4/cyfitter_cfg.c **** 	CY_SET_REG32((void*)CYREG_BLE_BLERD_BB_XO, CY_GET_REG32((void*)CYREG_BLE_BLERD_BB_XO) | (uint32)0x
 265              		.loc 1 207 0
 266 0030 1C4B     		ldr	r3, .L10+20
 267 0032 1C4A     		ldr	r2, .L10+20
 268 0034 1268     		ldr	r2, [r2]
 269 0036 0221     		mov	r1, #2
 270 0038 0A43     		orr	r2, r1
 271 003a 1A60     		str	r2, [r3]
 208:.\Generated_Source\PSoC4/cyfitter_cfg.c **** 	CY_SET_XTND_REG32((void CYFAR *)(CYREG_BLE_BLERD_BB_XO_CAPTRIM), 0x00003E2Du);
 272              		.loc 1 208 0
 273 003c 1A4B     		ldr	r3, .L10+24
 274 003e 1B4A     		ldr	r2, .L10+28
 275 0040 1A60     		str	r2, [r3]
 209:.\Generated_Source\PSoC4/cyfitter_cfg.c **** 	/* Disable Crystal Stable Interrupt before enabling ECO */
 210:.\Generated_Source\PSoC4/cyfitter_cfg.c **** 	CY_SET_REG32((void*)CYREG_BLE_BLESS_LL_DSM_CTRL, CY_GET_REG32((void*)CYREG_BLE_BLESS_LL_DSM_CTRL) 
 276              		.loc 1 210 0
 277 0042 1B4B     		ldr	r3, .L10+32
 278 0044 1A4A     		ldr	r2, .L10+32
 279 0046 1268     		ldr	r2, [r2]
 280 0048 0821     		mov	r1, #8
 281 004a 8A43     		bic	r2, r1
 282 004c 1A60     		str	r2, [r3]
 211:.\Generated_Source\PSoC4/cyfitter_cfg.c **** 	/* Start the ECO and do not check status since it is not needed for HFCLK */
 212:.\Generated_Source\PSoC4/cyfitter_cfg.c **** 	(void)CySysClkEcoStart(2000u);
 283              		.loc 1 212 0
 284 004e FA23     		mov	r3, #250
 285 0050 DB00     		lsl	r3, r3, #3
 286 0052 181C     		mov	r0, r3
 287 0054 FFF7FEFF 		bl	CySysClkEcoStart
 213:.\Generated_Source\PSoC4/cyfitter_cfg.c **** 	CyDelayUs(1500u); /* Wait to stabalize */
 288              		.loc 1 213 0
 289 0058 164B     		ldr	r3, .L10+36
 290 005a 181C     		mov	r0, r3
 291 005c FFF7FEFF 		bl	CyDelayUs
 214:.\Generated_Source\PSoC4/cyfitter_cfg.c **** 
 215:.\Generated_Source\PSoC4/cyfitter_cfg.c **** 	/* Setup phase aligned clocks */
 216:.\Generated_Source\PSoC4/cyfitter_cfg.c **** 	CY_SET_REG32((void *)CYREG_PERI_DIV_16_CTL0, 0x00BB7F00u);
 292              		.loc 1 216 0
 293 0060 154B     		ldr	r3, .L10+40
 294 0062 164A     		ldr	r2, .L10+44
ARM GAS  C:\Users\tiantiaf\AppData\Local\Temp\ccqELnog.s 			page 10


 295 0064 1A60     		str	r2, [r3]
 217:.\Generated_Source\PSoC4/cyfitter_cfg.c **** 	CY_SET_REG32((void *)CYREG_PERI_DIV_CMD, 0x8000FF40u);
 296              		.loc 1 217 0
 297 0066 164B     		ldr	r3, .L10+48
 298 0068 164A     		ldr	r2, .L10+52
 299 006a 1A60     		str	r2, [r3]
 218:.\Generated_Source\PSoC4/cyfitter_cfg.c **** 
 219:.\Generated_Source\PSoC4/cyfitter_cfg.c **** 	/* CYDEV_CLK_IMO_CONFIG Starting address: CYDEV_CLK_IMO_CONFIG */
 220:.\Generated_Source\PSoC4/cyfitter_cfg.c **** 	CY_SET_XTND_REG32((void CYFAR *)(CYREG_CLK_IMO_CONFIG), 0x80000000u);
 300              		.loc 1 220 0
 301 006c 164B     		ldr	r3, .L10+56
 302 006e 8022     		mov	r2, #128
 303 0070 1206     		lsl	r2, r2, #24
 304 0072 1A60     		str	r2, [r3]
 221:.\Generated_Source\PSoC4/cyfitter_cfg.c **** 
 222:.\Generated_Source\PSoC4/cyfitter_cfg.c **** 	/* CYDEV_CLK_SELECT Starting address: CYDEV_CLK_SELECT */
 223:.\Generated_Source\PSoC4/cyfitter_cfg.c **** 	CY_SET_XTND_REG32((void CYFAR *)(CYREG_CLK_SELECT), 0x00040000u);
 305              		.loc 1 223 0
 306 0074 154B     		ldr	r3, .L10+60
 307 0076 8022     		mov	r2, #128
 308 0078 D202     		lsl	r2, r2, #11
 309 007a 1A60     		str	r2, [r3]
 224:.\Generated_Source\PSoC4/cyfitter_cfg.c **** 
 225:.\Generated_Source\PSoC4/cyfitter_cfg.c **** 	/* CYDEV_PERI_PCLK_CTL7 Starting address: CYDEV_PERI_PCLK_CTL7 */
 226:.\Generated_Source\PSoC4/cyfitter_cfg.c **** 	CY_SET_XTND_REG32((void CYFAR *)(CYREG_PERI_PCLK_CTL7), 0x00000040u);
 310              		.loc 1 226 0
 311 007c 144B     		ldr	r3, .L10+64
 312 007e 4022     		mov	r2, #64
 313 0080 1A60     		str	r2, [r3]
 227:.\Generated_Source\PSoC4/cyfitter_cfg.c **** 
 228:.\Generated_Source\PSoC4/cyfitter_cfg.c **** 	CY_SET_XTND_REG32((void CYFAR *)(CYREG_WDT_CONFIG), 0x40000000u);
 314              		.loc 1 228 0
 315 0082 074B     		ldr	r3, .L10+16
 316 0084 8022     		mov	r2, #128
 317 0086 D205     		lsl	r2, r2, #23
 318 0088 1A60     		str	r2, [r3]
 229:.\Generated_Source\PSoC4/cyfitter_cfg.c **** }
 319              		.loc 1 229 0
 320 008a BD46     		mov	sp, r7
 321              		@ sp needed
 322 008c 80BD     		pop	{r7, pc}
 323              	.L11:
 324 008e C046     		.align	2
 325              	.L10:
 326 0090 30001040 		.word	1074790448
 327 0094 001BB700 		.word	12000000
 328 0098 04010B40 		.word	1074462980
 329 009c 06000080 		.word	-2147483642
 330 00a0 0C020B40 		.word	1074463244
 331 00a4 78002E40 		.word	1076756600
 332 00a8 7C002E40 		.word	1076756604
 333 00ac 2D3E0000 		.word	15917
 334 00b0 6CF02E40 		.word	1076818028
 335 00b4 DC050000 		.word	1500
 336 00b8 00030140 		.word	1073808128
 337 00bc 007FBB00 		.word	12287744
 338 00c0 00000140 		.word	1073807360
ARM GAS  C:\Users\tiantiaf\AppData\Local\Temp\ccqELnog.s 			page 11


 339 00c4 40FF0080 		.word	-2147418304
 340 00c8 08010B40 		.word	1074462984
 341 00cc 00010B40 		.word	1074462976
 342 00d0 1C010140 		.word	1073807644
 343              		.cfi_endproc
 344              	.LFE6:
 345              		.size	ClockSetup, .-ClockSetup
 346              		.section	.text.AnalogSetDefault,"ax",%progbits
 347              		.align	2
 348              		.code	16
 349              		.thumb_func
 350              		.type	AnalogSetDefault, %function
 351              	AnalogSetDefault:
 352              	.LFB7:
 230:.\Generated_Source\PSoC4/cyfitter_cfg.c **** 
 231:.\Generated_Source\PSoC4/cyfitter_cfg.c **** 
 232:.\Generated_Source\PSoC4/cyfitter_cfg.c **** /* Analog API Functions */
 233:.\Generated_Source\PSoC4/cyfitter_cfg.c **** 
 234:.\Generated_Source\PSoC4/cyfitter_cfg.c **** 
 235:.\Generated_Source\PSoC4/cyfitter_cfg.c **** /*******************************************************************************
 236:.\Generated_Source\PSoC4/cyfitter_cfg.c **** * Function Name: AnalogSetDefault
 237:.\Generated_Source\PSoC4/cyfitter_cfg.c **** ********************************************************************************
 238:.\Generated_Source\PSoC4/cyfitter_cfg.c **** *
 239:.\Generated_Source\PSoC4/cyfitter_cfg.c **** * Summary:
 240:.\Generated_Source\PSoC4/cyfitter_cfg.c **** *  Sets up the analog portions of the chip to default values based on chip
 241:.\Generated_Source\PSoC4/cyfitter_cfg.c **** *  configuration options from the project.
 242:.\Generated_Source\PSoC4/cyfitter_cfg.c **** *
 243:.\Generated_Source\PSoC4/cyfitter_cfg.c **** * Parameters:
 244:.\Generated_Source\PSoC4/cyfitter_cfg.c **** *  void
 245:.\Generated_Source\PSoC4/cyfitter_cfg.c **** *
 246:.\Generated_Source\PSoC4/cyfitter_cfg.c **** * Return:
 247:.\Generated_Source\PSoC4/cyfitter_cfg.c **** *  void
 248:.\Generated_Source\PSoC4/cyfitter_cfg.c **** *
 249:.\Generated_Source\PSoC4/cyfitter_cfg.c **** *******************************************************************************/
 250:.\Generated_Source\PSoC4/cyfitter_cfg.c **** static void AnalogSetDefault(void);
 251:.\Generated_Source\PSoC4/cyfitter_cfg.c **** static void AnalogSetDefault(void)
 252:.\Generated_Source\PSoC4/cyfitter_cfg.c **** {
 353              		.loc 1 252 0
 354              		.cfi_startproc
 355 0000 80B5     		push	{r7, lr}
 356              		.cfi_def_cfa_offset 8
 357              		.cfi_offset 7, -8
 358              		.cfi_offset 14, -4
 359 0002 00AF     		add	r7, sp, #0
 360              		.cfi_def_cfa_register 7
 253:.\Generated_Source\PSoC4/cyfitter_cfg.c **** 	CY_SET_XTND_REG32((void CYFAR *)CYREG_CTBM0_DFT_CTRL, 0x00000003u);
 361              		.loc 1 253 0
 362 0004 054B     		ldr	r3, .L13
 363 0006 0322     		mov	r2, #3
 364 0008 1A60     		str	r2, [r3]
 254:.\Generated_Source\PSoC4/cyfitter_cfg.c **** 	CY_SET_XTND_REG32((void CYFAR *)CYREG_CTBM1_DFT_CTRL, 0x00000003u);
 365              		.loc 1 254 0
 366 000a 054B     		ldr	r3, .L13+4
 367 000c 0322     		mov	r2, #3
 368 000e 1A60     		str	r2, [r3]
 255:.\Generated_Source\PSoC4/cyfitter_cfg.c **** 	CY_SET_XTND_REG32((void CYFAR *)CYREG_PASS_DSAB_DSAB_CTRL, 0x00000000u);
 369              		.loc 1 255 0
ARM GAS  C:\Users\tiantiaf\AppData\Local\Temp\ccqELnog.s 			page 12


 370 0010 044B     		ldr	r3, .L13+8
 371 0012 0022     		mov	r2, #0
 372 0014 1A60     		str	r2, [r3]
 256:.\Generated_Source\PSoC4/cyfitter_cfg.c **** }
 373              		.loc 1 256 0
 374 0016 BD46     		mov	sp, r7
 375              		@ sp needed
 376 0018 80BD     		pop	{r7, pc}
 377              	.L14:
 378 001a C046     		.align	2
 379              	.L13:
 380 001c 30003040 		.word	1076887600
 381 0020 30003140 		.word	1076953136
 382 0024 000E3F40 		.word	1077874176
 383              		.cfi_endproc
 384              	.LFE7:
 385              		.size	AnalogSetDefault, .-AnalogSetDefault
 386              		.section	.psocinit
 387              		.align	2
 388              		.global	cyfitter_cfg
 389              		.code	16
 390              		.thumb_func
 391              		.type	cyfitter_cfg, %function
 392              	cyfitter_cfg:
 393              	.LFB8:
 257:.\Generated_Source\PSoC4/cyfitter_cfg.c **** 
 258:.\Generated_Source\PSoC4/cyfitter_cfg.c **** #define CY_AMUX_UNUSED CYREG_CM0_ROM_DWT
 259:.\Generated_Source\PSoC4/cyfitter_cfg.c **** 
 260:.\Generated_Source\PSoC4/cyfitter_cfg.c **** 
 261:.\Generated_Source\PSoC4/cyfitter_cfg.c **** /*******************************************************************************
 262:.\Generated_Source\PSoC4/cyfitter_cfg.c **** * Function Name: cyfitter_cfg
 263:.\Generated_Source\PSoC4/cyfitter_cfg.c **** ********************************************************************************
 264:.\Generated_Source\PSoC4/cyfitter_cfg.c **** * Summary:
 265:.\Generated_Source\PSoC4/cyfitter_cfg.c **** *  This function is called by the start-up code for the selected device. It
 266:.\Generated_Source\PSoC4/cyfitter_cfg.c **** *  performs all of the necessary device configuration based on the design
 267:.\Generated_Source\PSoC4/cyfitter_cfg.c **** *  settings.  This includes settings from the Design Wide Resources (DWR) such
 268:.\Generated_Source\PSoC4/cyfitter_cfg.c **** *  as Clocks and Pins as well as any component configuration that is necessary.
 269:.\Generated_Source\PSoC4/cyfitter_cfg.c **** *
 270:.\Generated_Source\PSoC4/cyfitter_cfg.c **** * Parameters:  
 271:.\Generated_Source\PSoC4/cyfitter_cfg.c **** *   void
 272:.\Generated_Source\PSoC4/cyfitter_cfg.c **** *
 273:.\Generated_Source\PSoC4/cyfitter_cfg.c **** * Return:
 274:.\Generated_Source\PSoC4/cyfitter_cfg.c **** *   void
 275:.\Generated_Source\PSoC4/cyfitter_cfg.c **** *
 276:.\Generated_Source\PSoC4/cyfitter_cfg.c **** *******************************************************************************/
 277:.\Generated_Source\PSoC4/cyfitter_cfg.c **** CY_CFG_SECTION
 278:.\Generated_Source\PSoC4/cyfitter_cfg.c **** void cyfitter_cfg(void)
 279:.\Generated_Source\PSoC4/cyfitter_cfg.c **** {
 394              		.loc 1 279 0
 395              		.cfi_startproc
 396 00d4 80B5     		push	{r7, lr}
 397              		.cfi_def_cfa_offset 8
 398              		.cfi_offset 7, -8
 399              		.cfi_offset 14, -4
 400 00d6 82B0     		sub	sp, sp, #8
 401              		.cfi_def_cfa_offset 16
 402 00d8 00AF     		add	r7, sp, #0
ARM GAS  C:\Users\tiantiaf\AppData\Local\Temp\ccqELnog.s 			page 13


 403              		.cfi_def_cfa_register 7
 280:.\Generated_Source\PSoC4/cyfitter_cfg.c **** 	/* Disable interrupts by default. Let user enable if/when they want. */
 281:.\Generated_Source\PSoC4/cyfitter_cfg.c **** 	CyGlobalIntDisable;
 404              		.loc 1 281 0
 405              	@ 281 ".\Generated_Source\PSoC4\cyfitter_cfg.c" 1
 406 00da 72B6     		CPSID   i
 407              	@ 0 "" 2
 282:.\Generated_Source\PSoC4/cyfitter_cfg.c **** 
 283:.\Generated_Source\PSoC4/cyfitter_cfg.c **** 	CY_SET_XTND_REG32((void CYFAR *)(CYREG_BLE_BLESS_LL_DSM_CTRL), 0x00000000u);
 408              		.loc 1 283 0
 409              		.code	16
 410 00dc 3A4B     		ldr	r3, .L18
 411 00de 0022     		mov	r2, #0
 412 00e0 1A60     		str	r2, [r3]
 413              	.LBB3:
 284:.\Generated_Source\PSoC4/cyfitter_cfg.c **** 
 285:.\Generated_Source\PSoC4/cyfitter_cfg.c **** 	{
 286:.\Generated_Source\PSoC4/cyfitter_cfg.c **** 		static const uint32 CYCODE cy_cfg_addr_table[] = {
 287:.\Generated_Source\PSoC4/cyfitter_cfg.c **** 			0x400F4202u, /* Base address: 0x400F4200 Count: 2 */
 288:.\Generated_Source\PSoC4/cyfitter_cfg.c **** 			0x400F4303u, /* Base address: 0x400F4300 Count: 3 */
 289:.\Generated_Source\PSoC4/cyfitter_cfg.c **** 		};
 290:.\Generated_Source\PSoC4/cyfitter_cfg.c **** 
 291:.\Generated_Source\PSoC4/cyfitter_cfg.c **** 		static const cy_cfg_addrvalue_t CYCODE cy_cfg_data_table[] = {
 292:.\Generated_Source\PSoC4/cyfitter_cfg.c **** 			{0x18u, 0x10u},
 293:.\Generated_Source\PSoC4/cyfitter_cfg.c **** 			{0xC6u, 0x08u},
 294:.\Generated_Source\PSoC4/cyfitter_cfg.c **** 			{0x60u, 0x10u},
 295:.\Generated_Source\PSoC4/cyfitter_cfg.c **** 			{0x90u, 0x10u},
 296:.\Generated_Source\PSoC4/cyfitter_cfg.c **** 			{0xD8u, 0x02u},
 297:.\Generated_Source\PSoC4/cyfitter_cfg.c **** 		};
 298:.\Generated_Source\PSoC4/cyfitter_cfg.c **** 
 299:.\Generated_Source\PSoC4/cyfitter_cfg.c **** 
 300:.\Generated_Source\PSoC4/cyfitter_cfg.c **** 
 301:.\Generated_Source\PSoC4/cyfitter_cfg.c **** 		CYPACKED typedef struct {
 302:.\Generated_Source\PSoC4/cyfitter_cfg.c **** 			void CYFAR *address;
 303:.\Generated_Source\PSoC4/cyfitter_cfg.c **** 			uint16 size;
 304:.\Generated_Source\PSoC4/cyfitter_cfg.c **** 		} CYPACKED_ATTR cfg_memset_t;
 305:.\Generated_Source\PSoC4/cyfitter_cfg.c **** 
 306:.\Generated_Source\PSoC4/cyfitter_cfg.c **** 		static const cfg_memset_t CYCODE cfg_memset_list [] = {
 307:.\Generated_Source\PSoC4/cyfitter_cfg.c **** 			/* address, size */
 308:.\Generated_Source\PSoC4/cyfitter_cfg.c **** 			{(void CYFAR *)(CYDEV_UDB_P0_U0_BASE), 1024u},
 309:.\Generated_Source\PSoC4/cyfitter_cfg.c **** 			{(void CYFAR *)(CYDEV_UDB_DSI0_BASE), 1024u},
 310:.\Generated_Source\PSoC4/cyfitter_cfg.c **** 		};
 311:.\Generated_Source\PSoC4/cyfitter_cfg.c **** 
 312:.\Generated_Source\PSoC4/cyfitter_cfg.c **** 		uint8 CYDATA i;
 313:.\Generated_Source\PSoC4/cyfitter_cfg.c **** 
 314:.\Generated_Source\PSoC4/cyfitter_cfg.c **** 		/* Zero out critical memory blocks before beginning configuration */
 315:.\Generated_Source\PSoC4/cyfitter_cfg.c **** 		for (i = 0u; i < (sizeof(cfg_memset_list)/sizeof(cfg_memset_list[0])); i++)
 414              		.loc 1 315 0
 415 00e2 FB1D     		add	r3, r7, #7
 416 00e4 0022     		mov	r2, #0
 417 00e6 1A70     		strb	r2, [r3]
 418 00e8 23E0     		b	.L16
 419              	.L17:
 420              	.LBB4:
 316:.\Generated_Source\PSoC4/cyfitter_cfg.c **** 		{
 317:.\Generated_Source\PSoC4/cyfitter_cfg.c **** 			const cfg_memset_t CYCODE * CYDATA ms = &cfg_memset_list[i];
 421              		.loc 1 317 0 discriminator 3
ARM GAS  C:\Users\tiantiaf\AppData\Local\Temp\ccqELnog.s 			page 14


 422 00ea FB1D     		add	r3, r7, #7
 423 00ec 1A78     		ldrb	r2, [r3]
 424 00ee 131C     		mov	r3, r2
 425 00f0 5B00     		lsl	r3, r3, #1
 426 00f2 9B18     		add	r3, r3, r2
 427 00f4 5B00     		lsl	r3, r3, #1
 428 00f6 354A     		ldr	r2, .L18+4
 429 00f8 9B18     		add	r3, r3, r2
 430 00fa 3B60     		str	r3, [r7]
 318:.\Generated_Source\PSoC4/cyfitter_cfg.c **** 			CYMEMZERO(ms->address, (size_t)(uint32)(ms->size));
 431              		.loc 1 318 0 discriminator 3
 432 00fc 3B68     		ldr	r3, [r7]
 433 00fe 1A78     		ldrb	r2, [r3]
 434 0100 5978     		ldrb	r1, [r3, #1]
 435 0102 0902     		lsl	r1, r1, #8
 436 0104 0A43     		orr	r2, r1
 437 0106 9978     		ldrb	r1, [r3, #2]
 438 0108 0904     		lsl	r1, r1, #16
 439 010a 0A43     		orr	r2, r1
 440 010c DB78     		ldrb	r3, [r3, #3]
 441 010e 1B06     		lsl	r3, r3, #24
 442 0110 1343     		orr	r3, r2
 443 0112 191C     		mov	r1, r3
 444 0114 3B68     		ldr	r3, [r7]
 445 0116 1A79     		ldrb	r2, [r3, #4]
 446 0118 5B79     		ldrb	r3, [r3, #5]
 447 011a 1B02     		lsl	r3, r3, #8
 448 011c 1343     		orr	r3, r2
 449 011e 9BB2     		uxth	r3, r3
 450 0120 081C     		mov	r0, r1
 451 0122 191C     		mov	r1, r3
 452 0124 FFF7FEFF 		bl	CYMEMZERO
 453              	.LBE4:
 315:.\Generated_Source\PSoC4/cyfitter_cfg.c **** 		{
 454              		.loc 1 315 0 discriminator 3
 455 0128 FB1D     		add	r3, r7, #7
 456 012a 1A78     		ldrb	r2, [r3]
 457 012c FB1D     		add	r3, r7, #7
 458 012e 0132     		add	r2, r2, #1
 459 0130 1A70     		strb	r2, [r3]
 460              	.L16:
 315:.\Generated_Source\PSoC4/cyfitter_cfg.c **** 		{
 461              		.loc 1 315 0 is_stmt 0 discriminator 1
 462 0132 FB1D     		add	r3, r7, #7
 463 0134 1B78     		ldrb	r3, [r3]
 464 0136 012B     		cmp	r3, #1
 465 0138 D7D9     		bls	.L17
 319:.\Generated_Source\PSoC4/cyfitter_cfg.c **** 		}
 320:.\Generated_Source\PSoC4/cyfitter_cfg.c **** 
 321:.\Generated_Source\PSoC4/cyfitter_cfg.c **** 		cfg_write_bytes32(cy_cfg_addr_table, cy_cfg_data_table);
 466              		.loc 1 321 0 is_stmt 1
 467 013a 254A     		ldr	r2, .L18+8
 468 013c 254B     		ldr	r3, .L18+12
 469 013e 101C     		mov	r0, r2
 470 0140 191C     		mov	r1, r3
 471 0142 FFF7FEFF 		bl	cfg_write_bytes32
 322:.\Generated_Source\PSoC4/cyfitter_cfg.c **** 
ARM GAS  C:\Users\tiantiaf\AppData\Local\Temp\ccqELnog.s 			page 15


 323:.\Generated_Source\PSoC4/cyfitter_cfg.c **** 		/* HSIOM Starting address: CYDEV_HSIOM_BASE */
 324:.\Generated_Source\PSoC4/cyfitter_cfg.c **** 		CY_SET_XTND_REG32((void CYFAR *)(CYDEV_HSIOM_BASE), 0xEE000000u);
 472              		.loc 1 324 0
 473 0146 244B     		ldr	r3, .L18+16
 474 0148 EE22     		mov	r2, #238
 475 014a 1206     		lsl	r2, r2, #24
 476 014c 1A60     		str	r2, [r3]
 325:.\Generated_Source\PSoC4/cyfitter_cfg.c **** 		CY_SET_XTND_REG32((void CYFAR *)(CYREG_HSIOM_PORT_SEL3), 0x30000000u);
 477              		.loc 1 325 0
 478 014e 234B     		ldr	r3, .L18+20
 479 0150 C022     		mov	r2, #192
 480 0152 9205     		lsl	r2, r2, #22
 481 0154 1A60     		str	r2, [r3]
 326:.\Generated_Source\PSoC4/cyfitter_cfg.c **** 
 327:.\Generated_Source\PSoC4/cyfitter_cfg.c **** 		/* UDB_PA_0 Starting address: CYDEV_UDB_PA0_BASE */
 328:.\Generated_Source\PSoC4/cyfitter_cfg.c **** 		CY_SET_XTND_REG32((void CYFAR *)(CYDEV_UDB_PA0_BASE), 0x00990000u);
 482              		.loc 1 328 0
 483 0156 224B     		ldr	r3, .L18+24
 484 0158 9922     		mov	r2, #153
 485 015a 1204     		lsl	r2, r2, #16
 486 015c 1A60     		str	r2, [r3]
 329:.\Generated_Source\PSoC4/cyfitter_cfg.c **** 
 330:.\Generated_Source\PSoC4/cyfitter_cfg.c **** 		/* UDB_PA_3 Starting address: CYDEV_UDB_PA3_BASE */
 331:.\Generated_Source\PSoC4/cyfitter_cfg.c **** 		CY_SET_XTND_REG32((void CYFAR *)(CYDEV_UDB_PA3_BASE), 0x00990000u);
 487              		.loc 1 331 0
 488 015e 214B     		ldr	r3, .L18+28
 489 0160 9922     		mov	r2, #153
 490 0162 1204     		lsl	r2, r2, #16
 491 0164 1A60     		str	r2, [r3]
 332:.\Generated_Source\PSoC4/cyfitter_cfg.c **** 		CY_SET_XTND_REG32((void CYFAR *)(CYREG_UDB_PA3_CFG8), 0x80000000u);
 492              		.loc 1 332 0
 493 0166 204B     		ldr	r3, .L18+32
 494 0168 8022     		mov	r2, #128
 495 016a 1206     		lsl	r2, r2, #24
 496 016c 1A60     		str	r2, [r3]
 333:.\Generated_Source\PSoC4/cyfitter_cfg.c **** 
 334:.\Generated_Source\PSoC4/cyfitter_cfg.c **** 		/* Enable digital routing */
 335:.\Generated_Source\PSoC4/cyfitter_cfg.c **** 		CY_SET_XTND_REG8((void *)CYREG_UDB_UDBIF_BANK_CTL, CY_GET_XTND_REG8((void *)CYREG_UDB_UDBIF_BANK_
 497              		.loc 1 335 0
 498 016e 1F4A     		ldr	r2, .L18+36
 499 0170 1E4B     		ldr	r3, .L18+36
 500 0172 1B78     		ldrb	r3, [r3]
 501 0174 DBB2     		uxtb	r3, r3
 502 0176 0221     		mov	r1, #2
 503 0178 0B43     		orr	r3, r1
 504 017a DBB2     		uxtb	r3, r3
 505 017c 1370     		strb	r3, [r2]
 336:.\Generated_Source\PSoC4/cyfitter_cfg.c **** 
 337:.\Generated_Source\PSoC4/cyfitter_cfg.c **** 		/* Enable UDB array */
 338:.\Generated_Source\PSoC4/cyfitter_cfg.c **** 		CY_SET_XTND_REG8((void *)CYREG_UDB_UDBIF_WAIT_CFG, (uint8)((CY_GET_XTND_REG8((void *)CYREG_UDB_UD
 506              		.loc 1 338 0
 507 017e 1C4A     		ldr	r2, .L18+40
 508 0180 1B4B     		ldr	r3, .L18+40
 509 0182 1B78     		ldrb	r3, [r3]
 510 0184 DBB2     		uxtb	r3, r3
 511 0186 3C21     		mov	r1, #60
 512 0188 8B43     		bic	r3, r1
ARM GAS  C:\Users\tiantiaf\AppData\Local\Temp\ccqELnog.s 			page 16


 513 018a DBB2     		uxtb	r3, r3
 514 018c 1421     		mov	r1, #20
 515 018e 0B43     		orr	r3, r1
 516 0190 DBB2     		uxtb	r3, r3
 517 0192 1370     		strb	r3, [r2]
 339:.\Generated_Source\PSoC4/cyfitter_cfg.c **** 		CY_SET_XTND_REG8((void *)CYREG_UDB_UDBIF_BANK_CTL, (uint8)(CY_GET_XTND_REG8((void *)CYREG_UDB_UDB
 518              		.loc 1 339 0
 519 0194 154A     		ldr	r2, .L18+36
 520 0196 154B     		ldr	r3, .L18+36
 521 0198 1B78     		ldrb	r3, [r3]
 522 019a DBB2     		uxtb	r3, r3
 523 019c 1621     		mov	r1, #22
 524 019e 0B43     		orr	r3, r1
 525 01a0 DBB2     		uxtb	r3, r3
 526 01a2 1370     		strb	r3, [r2]
 527              	.LBE3:
 340:.\Generated_Source\PSoC4/cyfitter_cfg.c **** 	}
 341:.\Generated_Source\PSoC4/cyfitter_cfg.c **** 
 342:.\Generated_Source\PSoC4/cyfitter_cfg.c **** 	/* Perform second pass device configuration. These items must be configured in specific order afte
 343:.\Generated_Source\PSoC4/cyfitter_cfg.c **** 	/* IOPINS0_0 Starting address: CYDEV_GPIO_PRT0_BASE */
 344:.\Generated_Source\PSoC4/cyfitter_cfg.c **** 	CY_SET_XTND_REG32((void CYFAR *)(CYREG_GPIO_PRT0_PC), 0x00D80000u);
 528              		.loc 1 344 0
 529 01a4 134B     		ldr	r3, .L18+44
 530 01a6 D822     		mov	r2, #216
 531 01a8 1204     		lsl	r2, r2, #16
 532 01aa 1A60     		str	r2, [r3]
 345:.\Generated_Source\PSoC4/cyfitter_cfg.c **** 
 346:.\Generated_Source\PSoC4/cyfitter_cfg.c **** 	/* IOPINS0_3 Starting address: CYDEV_GPIO_PRT3_BASE */
 347:.\Generated_Source\PSoC4/cyfitter_cfg.c **** 	CY_SET_XTND_REG32((void CYFAR *)(CYDEV_GPIO_PRT3_BASE), 0x00000080u);
 533              		.loc 1 347 0
 534 01ac 124B     		ldr	r3, .L18+48
 535 01ae 8022     		mov	r2, #128
 536 01b0 1A60     		str	r2, [r3]
 348:.\Generated_Source\PSoC4/cyfitter_cfg.c **** 	CY_SET_XTND_REG32((void CYFAR *)(CYREG_GPIO_PRT3_PC), 0x00C00000u);
 537              		.loc 1 348 0
 538 01b2 124B     		ldr	r3, .L18+52
 539 01b4 C022     		mov	r2, #192
 540 01b6 1204     		lsl	r2, r2, #16
 541 01b8 1A60     		str	r2, [r3]
 349:.\Generated_Source\PSoC4/cyfitter_cfg.c **** 
 350:.\Generated_Source\PSoC4/cyfitter_cfg.c **** 
 351:.\Generated_Source\PSoC4/cyfitter_cfg.c **** 	/* Setup clocks based on selections from Clock DWR */
 352:.\Generated_Source\PSoC4/cyfitter_cfg.c **** 	ClockSetup();
 542              		.loc 1 352 0
 543 01ba FFF721FF 		bl	ClockSetup
 353:.\Generated_Source\PSoC4/cyfitter_cfg.c **** 
 354:.\Generated_Source\PSoC4/cyfitter_cfg.c **** 	/* Perform basic analog initialization to defaults */
 355:.\Generated_Source\PSoC4/cyfitter_cfg.c **** 	AnalogSetDefault();
 544              		.loc 1 355 0
 545 01be FFF7FEFF 		bl	AnalogSetDefault
 356:.\Generated_Source\PSoC4/cyfitter_cfg.c **** 
 357:.\Generated_Source\PSoC4/cyfitter_cfg.c **** }
 546              		.loc 1 357 0
 547 01c2 BD46     		mov	sp, r7
 548 01c4 02B0     		add	sp, sp, #8
 549              		@ sp needed
 550 01c6 80BD     		pop	{r7, pc}
ARM GAS  C:\Users\tiantiaf\AppData\Local\Temp\ccqELnog.s 			page 17


 551              	.L19:
 552              		.align	2
 553              	.L18:
 554 01c8 6CF02E40 		.word	1076818028
 555 01cc 00000000 		.word	cfg_memset_list.4781
 556 01d0 0C000000 		.word	cy_cfg_addr_table.4775
 557 01d4 14000000 		.word	cy_cfg_data_table.4776
 558 01d8 00000240 		.word	1073872896
 559 01dc 00030240 		.word	1073873664
 560 01e0 00500F40 		.word	1074745344
 561 01e4 30500F40 		.word	1074745392
 562 01e8 38500F40 		.word	1074745400
 563 01ec 00700F40 		.word	1074753536
 564 01f0 01700F40 		.word	1074753537
 565 01f4 08000440 		.word	1074003976
 566 01f8 00030440 		.word	1074004736
 567 01fc 08030440 		.word	1074004744
 568              		.cfi_endproc
 569              	.LFE8:
 570              		.size	cyfitter_cfg, .-cyfitter_cfg
 571              		.section	.rodata
 572              		.align	2
 573              		.type	cfg_memset_list.4781, %object
 574              		.size	cfg_memset_list.4781, 12
 575              	cfg_memset_list.4781:
 576 0000 00300F40 		.word	1074737152
 577 0004 0004     		.short	1024
 578 0006 00400F40 		.4byte	1074741248
 579 000a 0004     		.short	1024
 580              		.align	2
 581              		.type	cy_cfg_addr_table.4775, %object
 582              		.size	cy_cfg_addr_table.4775, 8
 583              	cy_cfg_addr_table.4775:
 584 000c 02420F40 		.word	1074741762
 585 0010 03430F40 		.word	1074742019
 586              		.align	2
 587              		.type	cy_cfg_data_table.4776, %object
 588              		.size	cy_cfg_data_table.4776, 10
 589              	cy_cfg_data_table.4776:
 590 0014 18       		.byte	24
 591 0015 10       		.byte	16
 592 0016 C6       		.byte	-58
 593 0017 08       		.byte	8
 594 0018 60       		.byte	96
 595 0019 10       		.byte	16
 596 001a 90       		.byte	-112
 597 001b 10       		.byte	16
 598 001c D8       		.byte	-40
 599 001d 02       		.byte	2
 600 001e 0000     		.text
 601              	.Letext0:
 602              		.file 2 "d:\\program files (x86)\\cypress\\psoc creator\\3.3\\psoc creator\\import\\gnu\\arm\\4.9.
 603              		.file 3 ".\\Generated_Source\\PSoC4\\cytypes.h"
 604              		.section	.debug_info,"",%progbits
 605              	.Ldebug_info0:
 606 0000 52030000 		.4byte	0x352
 607 0004 0400     		.2byte	0x4
ARM GAS  C:\Users\tiantiaf\AppData\Local\Temp\ccqELnog.s 			page 18


 608 0006 00000000 		.4byte	.Ldebug_abbrev0
 609 000a 04       		.byte	0x4
 610 000b 01       		.uleb128 0x1
 611 000c 1E000000 		.4byte	.LASF39
 612 0010 01       		.byte	0x1
 613 0011 DD010000 		.4byte	.LASF40
 614 0015 3C020000 		.4byte	.LASF41
 615 0019 00000000 		.4byte	.Ldebug_ranges0+0
 616 001d 00000000 		.4byte	0
 617 0021 00000000 		.4byte	.Ldebug_line0
 618 0025 02       		.uleb128 0x2
 619 0026 04       		.byte	0x4
 620 0027 05       		.byte	0x5
 621 0028 696E7400 		.ascii	"int\000"
 622 002c 03       		.uleb128 0x3
 623 002d 06000000 		.4byte	.LASF11
 624 0031 02       		.byte	0x2
 625 0032 D4       		.byte	0xd4
 626 0033 37000000 		.4byte	0x37
 627 0037 04       		.uleb128 0x4
 628 0038 04       		.byte	0x4
 629 0039 07       		.byte	0x7
 630 003a 92010000 		.4byte	.LASF0
 631 003e 04       		.uleb128 0x4
 632 003f 01       		.byte	0x1
 633 0040 06       		.byte	0x6
 634 0041 B7020000 		.4byte	.LASF1
 635 0045 04       		.uleb128 0x4
 636 0046 01       		.byte	0x1
 637 0047 08       		.byte	0x8
 638 0048 84010000 		.4byte	.LASF2
 639 004c 04       		.uleb128 0x4
 640 004d 02       		.byte	0x2
 641 004e 05       		.byte	0x5
 642 004f 32020000 		.4byte	.LASF3
 643 0053 04       		.uleb128 0x4
 644 0054 02       		.byte	0x2
 645 0055 07       		.byte	0x7
 646 0056 C3020000 		.4byte	.LASF4
 647 005a 04       		.uleb128 0x4
 648 005b 04       		.byte	0x4
 649 005c 05       		.byte	0x5
 650 005d AE020000 		.4byte	.LASF5
 651 0061 04       		.uleb128 0x4
 652 0062 04       		.byte	0x4
 653 0063 07       		.byte	0x7
 654 0064 0C010000 		.4byte	.LASF6
 655 0068 04       		.uleb128 0x4
 656 0069 08       		.byte	0x8
 657 006a 05       		.byte	0x5
 658 006b 05020000 		.4byte	.LASF7
 659 006f 04       		.uleb128 0x4
 660 0070 08       		.byte	0x8
 661 0071 07       		.byte	0x7
 662 0072 A7010000 		.4byte	.LASF8
 663 0076 04       		.uleb128 0x4
 664 0077 04       		.byte	0x4
ARM GAS  C:\Users\tiantiaf\AppData\Local\Temp\ccqELnog.s 			page 19


 665 0078 07       		.byte	0x7
 666 0079 D4010000 		.4byte	.LASF9
 667 007d 05       		.uleb128 0x5
 668 007e 04       		.byte	0x4
 669 007f 04       		.uleb128 0x4
 670 0080 01       		.byte	0x1
 671 0081 08       		.byte	0x8
 672 0082 13020000 		.4byte	.LASF10
 673 0086 06       		.uleb128 0x6
 674 0087 1E010000 		.4byte	.LASF12
 675 008b 03       		.byte	0x3
 676 008c 9801     		.2byte	0x198
 677 008e 45000000 		.4byte	0x45
 678 0092 06       		.uleb128 0x6
 679 0093 6B010000 		.4byte	.LASF13
 680 0097 03       		.byte	0x3
 681 0098 9901     		.2byte	0x199
 682 009a 53000000 		.4byte	0x53
 683 009e 06       		.uleb128 0x6
 684 009f 7D010000 		.4byte	.LASF14
 685 00a3 03       		.byte	0x3
 686 00a4 9A01     		.2byte	0x19a
 687 00a6 61000000 		.4byte	0x61
 688 00aa 04       		.uleb128 0x4
 689 00ab 04       		.byte	0x4
 690 00ac 04       		.byte	0x4
 691 00ad E7000000 		.4byte	.LASF15
 692 00b1 04       		.uleb128 0x4
 693 00b2 08       		.byte	0x8
 694 00b3 04       		.byte	0x4
 695 00b4 3A010000 		.4byte	.LASF16
 696 00b8 06       		.uleb128 0x6
 697 00b9 07010000 		.4byte	.LASF17
 698 00bd 03       		.byte	0x3
 699 00be 4202     		.2byte	0x242
 700 00c0 C4000000 		.4byte	0xc4
 701 00c4 07       		.uleb128 0x7
 702 00c5 86000000 		.4byte	0x86
 703 00c9 06       		.uleb128 0x6
 704 00ca 00000000 		.4byte	.LASF18
 705 00ce 03       		.byte	0x3
 706 00cf 4402     		.2byte	0x244
 707 00d1 D5000000 		.4byte	0xd5
 708 00d5 07       		.uleb128 0x7
 709 00d6 9E000000 		.4byte	0x9e
 710 00da 08       		.uleb128 0x8
 711 00db 02       		.byte	0x2
 712 00dc 01       		.byte	0x1
 713 00dd 7E       		.byte	0x7e
 714 00de FB000000 		.4byte	0xfb
 715 00e2 09       		.uleb128 0x9
 716 00e3 2B020000 		.4byte	.LASF19
 717 00e7 01       		.byte	0x1
 718 00e8 80       		.byte	0x80
 719 00e9 86000000 		.4byte	0x86
 720 00ed 00       		.byte	0
 721 00ee 09       		.uleb128 0x9
ARM GAS  C:\Users\tiantiaf\AppData\Local\Temp\ccqELnog.s 			page 20


 722 00ef AC000000 		.4byte	.LASF20
 723 00f3 01       		.byte	0x1
 724 00f4 81       		.byte	0x81
 725 00f5 86000000 		.4byte	0x86
 726 00f9 01       		.byte	0x1
 727 00fa 00       		.byte	0
 728 00fb 03       		.uleb128 0x3
 729 00fc 18020000 		.4byte	.LASF21
 730 0100 01       		.byte	0x1
 731 0101 82       		.byte	0x82
 732 0102 DA000000 		.4byte	0xda
 733 0106 0A       		.uleb128 0xa
 734 0107 24010000 		.4byte	.LASF22
 735 010b 01       		.byte	0x1
 736 010c 3C       		.byte	0x3c
 737 010d 00000000 		.4byte	.LFB2
 738 0111 1E000000 		.4byte	.LFE2-.LFB2
 739 0115 01       		.uleb128 0x1
 740 0116 9C       		.byte	0x9c
 741 0117 34010000 		.4byte	0x134
 742 011b 0B       		.uleb128 0xb
 743 011c 7300     		.ascii	"s\000"
 744 011e 01       		.byte	0x1
 745 011f 3C       		.byte	0x3c
 746 0120 7D000000 		.4byte	0x7d
 747 0124 02       		.uleb128 0x2
 748 0125 91       		.byte	0x91
 749 0126 74       		.sleb128 -12
 750 0127 0B       		.uleb128 0xb
 751 0128 6E00     		.ascii	"n\000"
 752 012a 01       		.byte	0x1
 753 012b 3C       		.byte	0x3c
 754 012c 2C000000 		.4byte	0x2c
 755 0130 02       		.uleb128 0x2
 756 0131 91       		.byte	0x91
 757 0132 70       		.sleb128 -16
 758 0133 00       		.byte	0
 759 0134 0A       		.uleb128 0xa
 760 0135 2E010000 		.4byte	.LASF23
 761 0139 01       		.byte	0x1
 762 013a 43       		.byte	0x43
 763 013b 00000000 		.4byte	.LFB3
 764 013f 22000000 		.4byte	.LFE3-.LFB3
 765 0143 01       		.uleb128 0x1
 766 0144 9C       		.byte	0x9c
 767 0145 72010000 		.4byte	0x172
 768 0149 0C       		.uleb128 0xc
 769 014a ED000000 		.4byte	.LASF24
 770 014e 01       		.byte	0x1
 771 014f 43       		.byte	0x43
 772 0150 7D000000 		.4byte	0x7d
 773 0154 02       		.uleb128 0x2
 774 0155 91       		.byte	0x91
 775 0156 74       		.sleb128 -12
 776 0157 0B       		.uleb128 0xb
 777 0158 73726300 		.ascii	"src\000"
 778 015c 01       		.byte	0x1
ARM GAS  C:\Users\tiantiaf\AppData\Local\Temp\ccqELnog.s 			page 21


 779 015d 43       		.byte	0x43
 780 015e 72010000 		.4byte	0x172
 781 0162 02       		.uleb128 0x2
 782 0163 91       		.byte	0x91
 783 0164 70       		.sleb128 -16
 784 0165 0B       		.uleb128 0xb
 785 0166 6E00     		.ascii	"n\000"
 786 0168 01       		.byte	0x1
 787 0169 43       		.byte	0x43
 788 016a 2C000000 		.4byte	0x2c
 789 016e 02       		.uleb128 0x2
 790 016f 91       		.byte	0x91
 791 0170 6C       		.sleb128 -20
 792 0171 00       		.byte	0
 793 0172 0D       		.uleb128 0xd
 794 0173 04       		.byte	0x4
 795 0174 78010000 		.4byte	0x178
 796 0178 0E       		.uleb128 0xe
 797 0179 0A       		.uleb128 0xa
 798 017a D6020000 		.4byte	.LASF25
 799 017e 01       		.byte	0x1
 800 017f 4A       		.byte	0x4a
 801 0180 00000000 		.4byte	.LFB4
 802 0184 22000000 		.4byte	.LFE4-.LFB4
 803 0188 01       		.uleb128 0x1
 804 0189 9C       		.byte	0x9c
 805 018a B7010000 		.4byte	0x1b7
 806 018e 0C       		.uleb128 0xc
 807 018f ED000000 		.4byte	.LASF24
 808 0193 01       		.byte	0x1
 809 0194 4A       		.byte	0x4a
 810 0195 7D000000 		.4byte	0x7d
 811 0199 02       		.uleb128 0x2
 812 019a 91       		.byte	0x91
 813 019b 74       		.sleb128 -12
 814 019c 0B       		.uleb128 0xb
 815 019d 73726300 		.ascii	"src\000"
 816 01a1 01       		.byte	0x1
 817 01a2 4A       		.byte	0x4a
 818 01a3 72010000 		.4byte	0x172
 819 01a7 02       		.uleb128 0x2
 820 01a8 91       		.byte	0x91
 821 01a9 70       		.sleb128 -16
 822 01aa 0B       		.uleb128 0xb
 823 01ab 6E00     		.ascii	"n\000"
 824 01ad 01       		.byte	0x1
 825 01ae 4A       		.byte	0x4a
 826 01af 2C000000 		.4byte	0x2c
 827 01b3 02       		.uleb128 0x2
 828 01b4 91       		.byte	0x91
 829 01b5 6C       		.sleb128 -20
 830 01b6 00       		.byte	0
 831 01b7 0F       		.uleb128 0xf
 832 01b8 41010000 		.4byte	.LASF26
 833 01bc 01       		.byte	0x1
 834 01bd 95       		.byte	0x95
 835 01be 00000000 		.4byte	.LFB5
ARM GAS  C:\Users\tiantiaf\AppData\Local\Temp\ccqELnog.s 			page 22


 836 01c2 80000000 		.4byte	.LFE5-.LFB5
 837 01c6 01       		.uleb128 0x1
 838 01c7 9C       		.byte	0x9c
 839 01c8 27020000 		.4byte	0x227
 840 01cc 0C       		.uleb128 0xc
 841 01cd 60010000 		.4byte	.LASF27
 842 01d1 01       		.byte	0x1
 843 01d2 95       		.byte	0x95
 844 01d3 27020000 		.4byte	0x227
 845 01d7 02       		.uleb128 0x2
 846 01d8 91       		.byte	0x91
 847 01d9 64       		.sleb128 -28
 848 01da 0C       		.uleb128 0xc
 849 01db 72010000 		.4byte	.LASF28
 850 01df 01       		.byte	0x1
 851 01e0 95       		.byte	0x95
 852 01e1 32020000 		.4byte	0x232
 853 01e5 02       		.uleb128 0x2
 854 01e6 91       		.byte	0x91
 855 01e7 60       		.sleb128 -32
 856 01e8 10       		.uleb128 0x10
 857 01e9 6900     		.ascii	"i\000"
 858 01eb 01       		.byte	0x1
 859 01ec 98       		.byte	0x98
 860 01ed 9E000000 		.4byte	0x9e
 861 01f1 02       		.uleb128 0x2
 862 01f2 91       		.byte	0x91
 863 01f3 74       		.sleb128 -12
 864 01f4 10       		.uleb128 0x10
 865 01f5 6A00     		.ascii	"j\000"
 866 01f7 01       		.byte	0x1
 867 01f8 98       		.byte	0x98
 868 01f9 9E000000 		.4byte	0x9e
 869 01fd 02       		.uleb128 0x2
 870 01fe 91       		.byte	0x91
 871 01ff 70       		.sleb128 -16
 872 0200 11       		.uleb128 0x11
 873 0201 14000000 		.4byte	.LBB2
 874 0205 5A000000 		.4byte	.LBE2-.LBB2
 875 0209 12       		.uleb128 0x12
 876 020a CB010000 		.4byte	.LASF29
 877 020e 01       		.byte	0x1
 878 020f 9B       		.byte	0x9b
 879 0210 9E000000 		.4byte	0x9e
 880 0214 02       		.uleb128 0x2
 881 0215 91       		.byte	0x91
 882 0216 68       		.sleb128 -24
 883 0217 12       		.uleb128 0x12
 884 0218 B2000000 		.4byte	.LASF30
 885 021c 01       		.byte	0x1
 886 021d 9C       		.byte	0x9c
 887 021e 86000000 		.4byte	0x86
 888 0222 02       		.uleb128 0x2
 889 0223 91       		.byte	0x91
 890 0224 6F       		.sleb128 -17
 891 0225 00       		.byte	0
 892 0226 00       		.byte	0
ARM GAS  C:\Users\tiantiaf\AppData\Local\Temp\ccqELnog.s 			page 23


 893 0227 0D       		.uleb128 0xd
 894 0228 04       		.byte	0x4
 895 0229 2D020000 		.4byte	0x22d
 896 022d 13       		.uleb128 0x13
 897 022e 9E000000 		.4byte	0x9e
 898 0232 0D       		.uleb128 0xd
 899 0233 04       		.byte	0x4
 900 0234 38020000 		.4byte	0x238
 901 0238 13       		.uleb128 0x13
 902 0239 FB000000 		.4byte	0xfb
 903 023d 14       		.uleb128 0x14
 904 023e B8000000 		.4byte	.LASF31
 905 0242 01       		.byte	0x1
 906 0243 BA       		.byte	0xba
 907 0244 00000000 		.4byte	.LFB6
 908 0248 D4000000 		.4byte	.LFE6-.LFB6
 909 024c 01       		.uleb128 0x1
 910 024d 9C       		.byte	0x9c
 911 024e 15       		.uleb128 0x15
 912 024f 0D000000 		.4byte	.LASF32
 913 0253 01       		.byte	0x1
 914 0254 FB       		.byte	0xfb
 915 0255 00000000 		.4byte	.LFB7
 916 0259 28000000 		.4byte	.LFE7-.LFB7
 917 025d 01       		.uleb128 0x1
 918 025e 9C       		.byte	0x9c
 919 025f 16       		.uleb128 0x16
 920 0260 53010000 		.4byte	.LASF42
 921 0264 01       		.byte	0x1
 922 0265 1601     		.2byte	0x116
 923 0267 D4000000 		.4byte	.LFB8
 924 026b 2C010000 		.4byte	.LFE8-.LFB8
 925 026f 01       		.uleb128 0x1
 926 0270 9C       		.byte	0x9c
 927 0271 2B030000 		.4byte	0x32b
 928 0275 11       		.uleb128 0x11
 929 0276 E2000000 		.4byte	.LBB3
 930 027a C2000000 		.4byte	.LBE3-.LBB3
 931 027e 17       		.uleb128 0x17
 932 027f C3000000 		.4byte	.LASF33
 933 0283 01       		.byte	0x1
 934 0284 1E01     		.2byte	0x11e
 935 0286 3B030000 		.4byte	0x33b
 936 028a 05       		.uleb128 0x5
 937 028b 03       		.byte	0x3
 938 028c 0C000000 		.4byte	cy_cfg_addr_table.4775
 939 0290 17       		.uleb128 0x17
 940 0291 D5000000 		.4byte	.LASF34
 941 0295 01       		.byte	0x1
 942 0296 2301     		.2byte	0x123
 943 0298 50030000 		.4byte	0x350
 944 029c 05       		.uleb128 0x5
 945 029d 03       		.byte	0x3
 946 029e 14000000 		.4byte	cy_cfg_data_table.4776
 947 02a2 18       		.uleb128 0x18
 948 02a3 06       		.byte	0x6
 949 02a4 01       		.byte	0x1
ARM GAS  C:\Users\tiantiaf\AppData\Local\Temp\ccqELnog.s 			page 24


 950 02a5 2D01     		.2byte	0x12d
 951 02a7 C6020000 		.4byte	0x2c6
 952 02ab 19       		.uleb128 0x19
 953 02ac 9F010000 		.4byte	.LASF35
 954 02b0 01       		.byte	0x1
 955 02b1 2E01     		.2byte	0x12e
 956 02b3 7D000000 		.4byte	0x7d
 957 02b7 00       		.byte	0
 958 02b8 19       		.uleb128 0x19
 959 02b9 02010000 		.4byte	.LASF36
 960 02bd 01       		.byte	0x1
 961 02be 2F01     		.2byte	0x12f
 962 02c0 92000000 		.4byte	0x92
 963 02c4 04       		.byte	0x4
 964 02c5 00       		.byte	0
 965 02c6 06       		.uleb128 0x6
 966 02c7 BE010000 		.4byte	.LASF37
 967 02cb 01       		.byte	0x1
 968 02cc 3001     		.2byte	0x130
 969 02ce A2020000 		.4byte	0x2a2
 970 02d2 1A       		.uleb128 0x1a
 971 02d3 C6020000 		.4byte	0x2c6
 972 02d7 E2020000 		.4byte	0x2e2
 973 02db 1B       		.uleb128 0x1b
 974 02dc 76000000 		.4byte	0x76
 975 02e0 01       		.byte	0x1
 976 02e1 00       		.byte	0
 977 02e2 17       		.uleb128 0x17
 978 02e3 F2000000 		.4byte	.LASF38
 979 02e7 01       		.byte	0x1
 980 02e8 3201     		.2byte	0x132
 981 02ea F4020000 		.4byte	0x2f4
 982 02ee 05       		.uleb128 0x5
 983 02ef 03       		.byte	0x3
 984 02f0 00000000 		.4byte	cfg_memset_list.4781
 985 02f4 13       		.uleb128 0x13
 986 02f5 D2020000 		.4byte	0x2d2
 987 02f9 1C       		.uleb128 0x1c
 988 02fa 6900     		.ascii	"i\000"
 989 02fc 01       		.byte	0x1
 990 02fd 3801     		.2byte	0x138
 991 02ff 86000000 		.4byte	0x86
 992 0303 02       		.uleb128 0x2
 993 0304 91       		.byte	0x91
 994 0305 77       		.sleb128 -9
 995 0306 11       		.uleb128 0x11
 996 0307 EA000000 		.4byte	.LBB4
 997 030b 3E000000 		.4byte	.LBE4-.LBB4
 998 030f 1C       		.uleb128 0x1c
 999 0310 6D7300   		.ascii	"ms\000"
 1000 0313 01       		.byte	0x1
 1001 0314 3D01     		.2byte	0x13d
 1002 0316 1D030000 		.4byte	0x31d
 1003 031a 02       		.uleb128 0x2
 1004 031b 91       		.byte	0x91
 1005 031c 70       		.sleb128 -16
 1006 031d 0D       		.uleb128 0xd
ARM GAS  C:\Users\tiantiaf\AppData\Local\Temp\ccqELnog.s 			page 25


 1007 031e 04       		.byte	0x4
 1008 031f 23030000 		.4byte	0x323
 1009 0323 13       		.uleb128 0x13
 1010 0324 C6020000 		.4byte	0x2c6
 1011 0328 00       		.byte	0
 1012 0329 00       		.byte	0
 1013 032a 00       		.byte	0
 1014 032b 1A       		.uleb128 0x1a
 1015 032c 9E000000 		.4byte	0x9e
 1016 0330 3B030000 		.4byte	0x33b
 1017 0334 1B       		.uleb128 0x1b
 1018 0335 76000000 		.4byte	0x76
 1019 0339 01       		.byte	0x1
 1020 033a 00       		.byte	0
 1021 033b 13       		.uleb128 0x13
 1022 033c 2B030000 		.4byte	0x32b
 1023 0340 1A       		.uleb128 0x1a
 1024 0341 FB000000 		.4byte	0xfb
 1025 0345 50030000 		.4byte	0x350
 1026 0349 1B       		.uleb128 0x1b
 1027 034a 76000000 		.4byte	0x76
 1028 034e 04       		.byte	0x4
 1029 034f 00       		.byte	0
 1030 0350 13       		.uleb128 0x13
 1031 0351 40030000 		.4byte	0x340
 1032 0355 00       		.byte	0
 1033              		.section	.debug_abbrev,"",%progbits
 1034              	.Ldebug_abbrev0:
 1035 0000 01       		.uleb128 0x1
 1036 0001 11       		.uleb128 0x11
 1037 0002 01       		.byte	0x1
 1038 0003 25       		.uleb128 0x25
 1039 0004 0E       		.uleb128 0xe
 1040 0005 13       		.uleb128 0x13
 1041 0006 0B       		.uleb128 0xb
 1042 0007 03       		.uleb128 0x3
 1043 0008 0E       		.uleb128 0xe
 1044 0009 1B       		.uleb128 0x1b
 1045 000a 0E       		.uleb128 0xe
 1046 000b 55       		.uleb128 0x55
 1047 000c 17       		.uleb128 0x17
 1048 000d 11       		.uleb128 0x11
 1049 000e 01       		.uleb128 0x1
 1050 000f 10       		.uleb128 0x10
 1051 0010 17       		.uleb128 0x17
 1052 0011 00       		.byte	0
 1053 0012 00       		.byte	0
 1054 0013 02       		.uleb128 0x2
 1055 0014 24       		.uleb128 0x24
 1056 0015 00       		.byte	0
 1057 0016 0B       		.uleb128 0xb
 1058 0017 0B       		.uleb128 0xb
 1059 0018 3E       		.uleb128 0x3e
 1060 0019 0B       		.uleb128 0xb
 1061 001a 03       		.uleb128 0x3
 1062 001b 08       		.uleb128 0x8
 1063 001c 00       		.byte	0
ARM GAS  C:\Users\tiantiaf\AppData\Local\Temp\ccqELnog.s 			page 26


 1064 001d 00       		.byte	0
 1065 001e 03       		.uleb128 0x3
 1066 001f 16       		.uleb128 0x16
 1067 0020 00       		.byte	0
 1068 0021 03       		.uleb128 0x3
 1069 0022 0E       		.uleb128 0xe
 1070 0023 3A       		.uleb128 0x3a
 1071 0024 0B       		.uleb128 0xb
 1072 0025 3B       		.uleb128 0x3b
 1073 0026 0B       		.uleb128 0xb
 1074 0027 49       		.uleb128 0x49
 1075 0028 13       		.uleb128 0x13
 1076 0029 00       		.byte	0
 1077 002a 00       		.byte	0
 1078 002b 04       		.uleb128 0x4
 1079 002c 24       		.uleb128 0x24
 1080 002d 00       		.byte	0
 1081 002e 0B       		.uleb128 0xb
 1082 002f 0B       		.uleb128 0xb
 1083 0030 3E       		.uleb128 0x3e
 1084 0031 0B       		.uleb128 0xb
 1085 0032 03       		.uleb128 0x3
 1086 0033 0E       		.uleb128 0xe
 1087 0034 00       		.byte	0
 1088 0035 00       		.byte	0
 1089 0036 05       		.uleb128 0x5
 1090 0037 0F       		.uleb128 0xf
 1091 0038 00       		.byte	0
 1092 0039 0B       		.uleb128 0xb
 1093 003a 0B       		.uleb128 0xb
 1094 003b 00       		.byte	0
 1095 003c 00       		.byte	0
 1096 003d 06       		.uleb128 0x6
 1097 003e 16       		.uleb128 0x16
 1098 003f 00       		.byte	0
 1099 0040 03       		.uleb128 0x3
 1100 0041 0E       		.uleb128 0xe
 1101 0042 3A       		.uleb128 0x3a
 1102 0043 0B       		.uleb128 0xb
 1103 0044 3B       		.uleb128 0x3b
 1104 0045 05       		.uleb128 0x5
 1105 0046 49       		.uleb128 0x49
 1106 0047 13       		.uleb128 0x13
 1107 0048 00       		.byte	0
 1108 0049 00       		.byte	0
 1109 004a 07       		.uleb128 0x7
 1110 004b 35       		.uleb128 0x35
 1111 004c 00       		.byte	0
 1112 004d 49       		.uleb128 0x49
 1113 004e 13       		.uleb128 0x13
 1114 004f 00       		.byte	0
 1115 0050 00       		.byte	0
 1116 0051 08       		.uleb128 0x8
 1117 0052 13       		.uleb128 0x13
 1118 0053 01       		.byte	0x1
 1119 0054 0B       		.uleb128 0xb
 1120 0055 0B       		.uleb128 0xb
ARM GAS  C:\Users\tiantiaf\AppData\Local\Temp\ccqELnog.s 			page 27


 1121 0056 3A       		.uleb128 0x3a
 1122 0057 0B       		.uleb128 0xb
 1123 0058 3B       		.uleb128 0x3b
 1124 0059 0B       		.uleb128 0xb
 1125 005a 01       		.uleb128 0x1
 1126 005b 13       		.uleb128 0x13
 1127 005c 00       		.byte	0
 1128 005d 00       		.byte	0
 1129 005e 09       		.uleb128 0x9
 1130 005f 0D       		.uleb128 0xd
 1131 0060 00       		.byte	0
 1132 0061 03       		.uleb128 0x3
 1133 0062 0E       		.uleb128 0xe
 1134 0063 3A       		.uleb128 0x3a
 1135 0064 0B       		.uleb128 0xb
 1136 0065 3B       		.uleb128 0x3b
 1137 0066 0B       		.uleb128 0xb
 1138 0067 49       		.uleb128 0x49
 1139 0068 13       		.uleb128 0x13
 1140 0069 38       		.uleb128 0x38
 1141 006a 0B       		.uleb128 0xb
 1142 006b 00       		.byte	0
 1143 006c 00       		.byte	0
 1144 006d 0A       		.uleb128 0xa
 1145 006e 2E       		.uleb128 0x2e
 1146 006f 01       		.byte	0x1
 1147 0070 03       		.uleb128 0x3
 1148 0071 0E       		.uleb128 0xe
 1149 0072 3A       		.uleb128 0x3a
 1150 0073 0B       		.uleb128 0xb
 1151 0074 3B       		.uleb128 0x3b
 1152 0075 0B       		.uleb128 0xb
 1153 0076 27       		.uleb128 0x27
 1154 0077 19       		.uleb128 0x19
 1155 0078 11       		.uleb128 0x11
 1156 0079 01       		.uleb128 0x1
 1157 007a 12       		.uleb128 0x12
 1158 007b 06       		.uleb128 0x6
 1159 007c 40       		.uleb128 0x40
 1160 007d 18       		.uleb128 0x18
 1161 007e 9642     		.uleb128 0x2116
 1162 0080 19       		.uleb128 0x19
 1163 0081 01       		.uleb128 0x1
 1164 0082 13       		.uleb128 0x13
 1165 0083 00       		.byte	0
 1166 0084 00       		.byte	0
 1167 0085 0B       		.uleb128 0xb
 1168 0086 05       		.uleb128 0x5
 1169 0087 00       		.byte	0
 1170 0088 03       		.uleb128 0x3
 1171 0089 08       		.uleb128 0x8
 1172 008a 3A       		.uleb128 0x3a
 1173 008b 0B       		.uleb128 0xb
 1174 008c 3B       		.uleb128 0x3b
 1175 008d 0B       		.uleb128 0xb
 1176 008e 49       		.uleb128 0x49
 1177 008f 13       		.uleb128 0x13
ARM GAS  C:\Users\tiantiaf\AppData\Local\Temp\ccqELnog.s 			page 28


 1178 0090 02       		.uleb128 0x2
 1179 0091 18       		.uleb128 0x18
 1180 0092 00       		.byte	0
 1181 0093 00       		.byte	0
 1182 0094 0C       		.uleb128 0xc
 1183 0095 05       		.uleb128 0x5
 1184 0096 00       		.byte	0
 1185 0097 03       		.uleb128 0x3
 1186 0098 0E       		.uleb128 0xe
 1187 0099 3A       		.uleb128 0x3a
 1188 009a 0B       		.uleb128 0xb
 1189 009b 3B       		.uleb128 0x3b
 1190 009c 0B       		.uleb128 0xb
 1191 009d 49       		.uleb128 0x49
 1192 009e 13       		.uleb128 0x13
 1193 009f 02       		.uleb128 0x2
 1194 00a0 18       		.uleb128 0x18
 1195 00a1 00       		.byte	0
 1196 00a2 00       		.byte	0
 1197 00a3 0D       		.uleb128 0xd
 1198 00a4 0F       		.uleb128 0xf
 1199 00a5 00       		.byte	0
 1200 00a6 0B       		.uleb128 0xb
 1201 00a7 0B       		.uleb128 0xb
 1202 00a8 49       		.uleb128 0x49
 1203 00a9 13       		.uleb128 0x13
 1204 00aa 00       		.byte	0
 1205 00ab 00       		.byte	0
 1206 00ac 0E       		.uleb128 0xe
 1207 00ad 26       		.uleb128 0x26
 1208 00ae 00       		.byte	0
 1209 00af 00       		.byte	0
 1210 00b0 00       		.byte	0
 1211 00b1 0F       		.uleb128 0xf
 1212 00b2 2E       		.uleb128 0x2e
 1213 00b3 01       		.byte	0x1
 1214 00b4 03       		.uleb128 0x3
 1215 00b5 0E       		.uleb128 0xe
 1216 00b6 3A       		.uleb128 0x3a
 1217 00b7 0B       		.uleb128 0xb
 1218 00b8 3B       		.uleb128 0x3b
 1219 00b9 0B       		.uleb128 0xb
 1220 00ba 27       		.uleb128 0x27
 1221 00bb 19       		.uleb128 0x19
 1222 00bc 11       		.uleb128 0x11
 1223 00bd 01       		.uleb128 0x1
 1224 00be 12       		.uleb128 0x12
 1225 00bf 06       		.uleb128 0x6
 1226 00c0 40       		.uleb128 0x40
 1227 00c1 18       		.uleb128 0x18
 1228 00c2 9742     		.uleb128 0x2117
 1229 00c4 19       		.uleb128 0x19
 1230 00c5 01       		.uleb128 0x1
 1231 00c6 13       		.uleb128 0x13
 1232 00c7 00       		.byte	0
 1233 00c8 00       		.byte	0
 1234 00c9 10       		.uleb128 0x10
ARM GAS  C:\Users\tiantiaf\AppData\Local\Temp\ccqELnog.s 			page 29


 1235 00ca 34       		.uleb128 0x34
 1236 00cb 00       		.byte	0
 1237 00cc 03       		.uleb128 0x3
 1238 00cd 08       		.uleb128 0x8
 1239 00ce 3A       		.uleb128 0x3a
 1240 00cf 0B       		.uleb128 0xb
 1241 00d0 3B       		.uleb128 0x3b
 1242 00d1 0B       		.uleb128 0xb
 1243 00d2 49       		.uleb128 0x49
 1244 00d3 13       		.uleb128 0x13
 1245 00d4 02       		.uleb128 0x2
 1246 00d5 18       		.uleb128 0x18
 1247 00d6 00       		.byte	0
 1248 00d7 00       		.byte	0
 1249 00d8 11       		.uleb128 0x11
 1250 00d9 0B       		.uleb128 0xb
 1251 00da 01       		.byte	0x1
 1252 00db 11       		.uleb128 0x11
 1253 00dc 01       		.uleb128 0x1
 1254 00dd 12       		.uleb128 0x12
 1255 00de 06       		.uleb128 0x6
 1256 00df 00       		.byte	0
 1257 00e0 00       		.byte	0
 1258 00e1 12       		.uleb128 0x12
 1259 00e2 34       		.uleb128 0x34
 1260 00e3 00       		.byte	0
 1261 00e4 03       		.uleb128 0x3
 1262 00e5 0E       		.uleb128 0xe
 1263 00e6 3A       		.uleb128 0x3a
 1264 00e7 0B       		.uleb128 0xb
 1265 00e8 3B       		.uleb128 0x3b
 1266 00e9 0B       		.uleb128 0xb
 1267 00ea 49       		.uleb128 0x49
 1268 00eb 13       		.uleb128 0x13
 1269 00ec 02       		.uleb128 0x2
 1270 00ed 18       		.uleb128 0x18
 1271 00ee 00       		.byte	0
 1272 00ef 00       		.byte	0
 1273 00f0 13       		.uleb128 0x13
 1274 00f1 26       		.uleb128 0x26
 1275 00f2 00       		.byte	0
 1276 00f3 49       		.uleb128 0x49
 1277 00f4 13       		.uleb128 0x13
 1278 00f5 00       		.byte	0
 1279 00f6 00       		.byte	0
 1280 00f7 14       		.uleb128 0x14
 1281 00f8 2E       		.uleb128 0x2e
 1282 00f9 00       		.byte	0
 1283 00fa 03       		.uleb128 0x3
 1284 00fb 0E       		.uleb128 0xe
 1285 00fc 3A       		.uleb128 0x3a
 1286 00fd 0B       		.uleb128 0xb
 1287 00fe 3B       		.uleb128 0x3b
 1288 00ff 0B       		.uleb128 0xb
 1289 0100 27       		.uleb128 0x27
 1290 0101 19       		.uleb128 0x19
 1291 0102 11       		.uleb128 0x11
ARM GAS  C:\Users\tiantiaf\AppData\Local\Temp\ccqELnog.s 			page 30


 1292 0103 01       		.uleb128 0x1
 1293 0104 12       		.uleb128 0x12
 1294 0105 06       		.uleb128 0x6
 1295 0106 40       		.uleb128 0x40
 1296 0107 18       		.uleb128 0x18
 1297 0108 9642     		.uleb128 0x2116
 1298 010a 19       		.uleb128 0x19
 1299 010b 00       		.byte	0
 1300 010c 00       		.byte	0
 1301 010d 15       		.uleb128 0x15
 1302 010e 2E       		.uleb128 0x2e
 1303 010f 00       		.byte	0
 1304 0110 03       		.uleb128 0x3
 1305 0111 0E       		.uleb128 0xe
 1306 0112 3A       		.uleb128 0x3a
 1307 0113 0B       		.uleb128 0xb
 1308 0114 3B       		.uleb128 0x3b
 1309 0115 0B       		.uleb128 0xb
 1310 0116 27       		.uleb128 0x27
 1311 0117 19       		.uleb128 0x19
 1312 0118 11       		.uleb128 0x11
 1313 0119 01       		.uleb128 0x1
 1314 011a 12       		.uleb128 0x12
 1315 011b 06       		.uleb128 0x6
 1316 011c 40       		.uleb128 0x40
 1317 011d 18       		.uleb128 0x18
 1318 011e 9742     		.uleb128 0x2117
 1319 0120 19       		.uleb128 0x19
 1320 0121 00       		.byte	0
 1321 0122 00       		.byte	0
 1322 0123 16       		.uleb128 0x16
 1323 0124 2E       		.uleb128 0x2e
 1324 0125 01       		.byte	0x1
 1325 0126 3F       		.uleb128 0x3f
 1326 0127 19       		.uleb128 0x19
 1327 0128 03       		.uleb128 0x3
 1328 0129 0E       		.uleb128 0xe
 1329 012a 3A       		.uleb128 0x3a
 1330 012b 0B       		.uleb128 0xb
 1331 012c 3B       		.uleb128 0x3b
 1332 012d 05       		.uleb128 0x5
 1333 012e 27       		.uleb128 0x27
 1334 012f 19       		.uleb128 0x19
 1335 0130 11       		.uleb128 0x11
 1336 0131 01       		.uleb128 0x1
 1337 0132 12       		.uleb128 0x12
 1338 0133 06       		.uleb128 0x6
 1339 0134 40       		.uleb128 0x40
 1340 0135 18       		.uleb128 0x18
 1341 0136 9642     		.uleb128 0x2116
 1342 0138 19       		.uleb128 0x19
 1343 0139 01       		.uleb128 0x1
 1344 013a 13       		.uleb128 0x13
 1345 013b 00       		.byte	0
 1346 013c 00       		.byte	0
 1347 013d 17       		.uleb128 0x17
 1348 013e 34       		.uleb128 0x34
ARM GAS  C:\Users\tiantiaf\AppData\Local\Temp\ccqELnog.s 			page 31


 1349 013f 00       		.byte	0
 1350 0140 03       		.uleb128 0x3
 1351 0141 0E       		.uleb128 0xe
 1352 0142 3A       		.uleb128 0x3a
 1353 0143 0B       		.uleb128 0xb
 1354 0144 3B       		.uleb128 0x3b
 1355 0145 05       		.uleb128 0x5
 1356 0146 49       		.uleb128 0x49
 1357 0147 13       		.uleb128 0x13
 1358 0148 02       		.uleb128 0x2
 1359 0149 18       		.uleb128 0x18
 1360 014a 00       		.byte	0
 1361 014b 00       		.byte	0
 1362 014c 18       		.uleb128 0x18
 1363 014d 13       		.uleb128 0x13
 1364 014e 01       		.byte	0x1
 1365 014f 0B       		.uleb128 0xb
 1366 0150 0B       		.uleb128 0xb
 1367 0151 3A       		.uleb128 0x3a
 1368 0152 0B       		.uleb128 0xb
 1369 0153 3B       		.uleb128 0x3b
 1370 0154 05       		.uleb128 0x5
 1371 0155 01       		.uleb128 0x1
 1372 0156 13       		.uleb128 0x13
 1373 0157 00       		.byte	0
 1374 0158 00       		.byte	0
 1375 0159 19       		.uleb128 0x19
 1376 015a 0D       		.uleb128 0xd
 1377 015b 00       		.byte	0
 1378 015c 03       		.uleb128 0x3
 1379 015d 0E       		.uleb128 0xe
 1380 015e 3A       		.uleb128 0x3a
 1381 015f 0B       		.uleb128 0xb
 1382 0160 3B       		.uleb128 0x3b
 1383 0161 05       		.uleb128 0x5
 1384 0162 49       		.uleb128 0x49
 1385 0163 13       		.uleb128 0x13
 1386 0164 38       		.uleb128 0x38
 1387 0165 0B       		.uleb128 0xb
 1388 0166 00       		.byte	0
 1389 0167 00       		.byte	0
 1390 0168 1A       		.uleb128 0x1a
 1391 0169 01       		.uleb128 0x1
 1392 016a 01       		.byte	0x1
 1393 016b 49       		.uleb128 0x49
 1394 016c 13       		.uleb128 0x13
 1395 016d 01       		.uleb128 0x1
 1396 016e 13       		.uleb128 0x13
 1397 016f 00       		.byte	0
 1398 0170 00       		.byte	0
 1399 0171 1B       		.uleb128 0x1b
 1400 0172 21       		.uleb128 0x21
 1401 0173 00       		.byte	0
 1402 0174 49       		.uleb128 0x49
 1403 0175 13       		.uleb128 0x13
 1404 0176 2F       		.uleb128 0x2f
 1405 0177 0B       		.uleb128 0xb
ARM GAS  C:\Users\tiantiaf\AppData\Local\Temp\ccqELnog.s 			page 32


 1406 0178 00       		.byte	0
 1407 0179 00       		.byte	0
 1408 017a 1C       		.uleb128 0x1c
 1409 017b 34       		.uleb128 0x34
 1410 017c 00       		.byte	0
 1411 017d 03       		.uleb128 0x3
 1412 017e 08       		.uleb128 0x8
 1413 017f 3A       		.uleb128 0x3a
 1414 0180 0B       		.uleb128 0xb
 1415 0181 3B       		.uleb128 0x3b
 1416 0182 05       		.uleb128 0x5
 1417 0183 49       		.uleb128 0x49
 1418 0184 13       		.uleb128 0x13
 1419 0185 02       		.uleb128 0x2
 1420 0186 18       		.uleb128 0x18
 1421 0187 00       		.byte	0
 1422 0188 00       		.byte	0
 1423 0189 00       		.byte	0
 1424              		.section	.debug_aranges,"",%progbits
 1425 0000 4C000000 		.4byte	0x4c
 1426 0004 0200     		.2byte	0x2
 1427 0006 00000000 		.4byte	.Ldebug_info0
 1428 000a 04       		.byte	0x4
 1429 000b 00       		.byte	0
 1430 000c 0000     		.2byte	0
 1431 000e 0000     		.2byte	0
 1432 0010 00000000 		.4byte	.LFB2
 1433 0014 1E000000 		.4byte	.LFE2-.LFB2
 1434 0018 00000000 		.4byte	.LFB3
 1435 001c 22000000 		.4byte	.LFE3-.LFB3
 1436 0020 00000000 		.4byte	.LFB4
 1437 0024 22000000 		.4byte	.LFE4-.LFB4
 1438 0028 00000000 		.4byte	.LFB5
 1439 002c 80000000 		.4byte	.LFE5-.LFB5
 1440 0030 00000000 		.4byte	.LFB6
 1441 0034 D4000000 		.4byte	.LFE6-.LFB6
 1442 0038 00000000 		.4byte	.LFB7
 1443 003c 28000000 		.4byte	.LFE7-.LFB7
 1444 0040 D4000000 		.4byte	.LFB8
 1445 0044 2C010000 		.4byte	.LFE8-.LFB8
 1446 0048 00000000 		.4byte	0
 1447 004c 00000000 		.4byte	0
 1448              		.section	.debug_ranges,"",%progbits
 1449              	.Ldebug_ranges0:
 1450 0000 00000000 		.4byte	.LFB2
 1451 0004 1E000000 		.4byte	.LFE2
 1452 0008 00000000 		.4byte	.LFB3
 1453 000c 22000000 		.4byte	.LFE3
 1454 0010 00000000 		.4byte	.LFB4
 1455 0014 22000000 		.4byte	.LFE4
 1456 0018 00000000 		.4byte	.LFB5
 1457 001c 80000000 		.4byte	.LFE5
 1458 0020 00000000 		.4byte	.LFB6
 1459 0024 D4000000 		.4byte	.LFE6
 1460 0028 00000000 		.4byte	.LFB7
 1461 002c 28000000 		.4byte	.LFE7
 1462 0030 D4000000 		.4byte	.LFB8
ARM GAS  C:\Users\tiantiaf\AppData\Local\Temp\ccqELnog.s 			page 33


 1463 0034 00020000 		.4byte	.LFE8
 1464 0038 00000000 		.4byte	0
 1465 003c 00000000 		.4byte	0
 1466              		.section	.debug_line,"",%progbits
 1467              	.Ldebug_line0:
 1468 0000 98010000 		.section	.debug_str,"MS",%progbits,1
 1468      0200CD00 
 1468      00000201 
 1468      FB0E0D00 
 1468      01010101 
 1469              	.LASF18:
 1470 0000 72656733 		.ascii	"reg32\000"
 1470      3200
 1471              	.LASF11:
 1472 0006 73697A65 		.ascii	"size_t\000"
 1472      5F7400
 1473              	.LASF32:
 1474 000d 416E616C 		.ascii	"AnalogSetDefault\000"
 1474      6F675365 
 1474      74446566 
 1474      61756C74 
 1474      00
 1475              	.LASF39:
 1476 001e 474E5520 		.ascii	"GNU C 4.9.3 20150303 (release) [ARM/embedded-4_9-br"
 1476      4320342E 
 1476      392E3320 
 1476      32303135 
 1476      30333033 
 1477 0051 616E6368 		.ascii	"anch revision 221220] -mcpu=cortex-m0 -mthumb -g -O"
 1477      20726576 
 1477      6973696F 
 1477      6E203232 
 1477      31323230 
 1478 0084 30202D66 		.ascii	"0 -ffunction-sections -ffat-lto-objects\000"
 1478      66756E63 
 1478      74696F6E 
 1478      2D736563 
 1478      74696F6E 
 1479              	.LASF20:
 1480 00ac 76616C75 		.ascii	"value\000"
 1480      6500
 1481              	.LASF30:
 1482 00b2 636F756E 		.ascii	"count\000"
 1482      7400
 1483              	.LASF31:
 1484 00b8 436C6F63 		.ascii	"ClockSetup\000"
 1484      6B536574 
 1484      757000
 1485              	.LASF33:
 1486 00c3 63795F63 		.ascii	"cy_cfg_addr_table\000"
 1486      66675F61 
 1486      6464725F 
 1486      7461626C 
 1486      6500
 1487              	.LASF34:
 1488 00d5 63795F63 		.ascii	"cy_cfg_data_table\000"
 1488      66675F64 
ARM GAS  C:\Users\tiantiaf\AppData\Local\Temp\ccqELnog.s 			page 34


 1488      6174615F 
 1488      7461626C 
 1488      6500
 1489              	.LASF15:
 1490 00e7 666C6F61 		.ascii	"float\000"
 1490      7400
 1491              	.LASF24:
 1492 00ed 64657374 		.ascii	"dest\000"
 1492      00
 1493              	.LASF38:
 1494 00f2 6366675F 		.ascii	"cfg_memset_list\000"
 1494      6D656D73 
 1494      65745F6C 
 1494      69737400 
 1495              	.LASF36:
 1496 0102 73697A65 		.ascii	"size\000"
 1496      00
 1497              	.LASF17:
 1498 0107 72656738 		.ascii	"reg8\000"
 1498      00
 1499              	.LASF6:
 1500 010c 6C6F6E67 		.ascii	"long unsigned int\000"
 1500      20756E73 
 1500      69676E65 
 1500      6420696E 
 1500      7400
 1501              	.LASF12:
 1502 011e 75696E74 		.ascii	"uint8\000"
 1502      3800
 1503              	.LASF22:
 1504 0124 43594D45 		.ascii	"CYMEMZERO\000"
 1504      4D5A4552 
 1504      4F00
 1505              	.LASF23:
 1506 012e 4359434F 		.ascii	"CYCONFIGCPY\000"
 1506      4E464947 
 1506      43505900 
 1507              	.LASF16:
 1508 013a 646F7562 		.ascii	"double\000"
 1508      6C6500
 1509              	.LASF26:
 1510 0141 6366675F 		.ascii	"cfg_write_bytes32\000"
 1510      77726974 
 1510      655F6279 
 1510      74657333 
 1510      3200
 1511              	.LASF42:
 1512 0153 63796669 		.ascii	"cyfitter_cfg\000"
 1512      74746572 
 1512      5F636667 
 1512      00
 1513              	.LASF27:
 1514 0160 61646472 		.ascii	"addr_table\000"
 1514      5F746162 
 1514      6C6500
 1515              	.LASF13:
 1516 016b 75696E74 		.ascii	"uint16\000"
ARM GAS  C:\Users\tiantiaf\AppData\Local\Temp\ccqELnog.s 			page 35


 1516      313600
 1517              	.LASF28:
 1518 0172 64617461 		.ascii	"data_table\000"
 1518      5F746162 
 1518      6C6500
 1519              	.LASF14:
 1520 017d 75696E74 		.ascii	"uint32\000"
 1520      333200
 1521              	.LASF2:
 1522 0184 756E7369 		.ascii	"unsigned char\000"
 1522      676E6564 
 1522      20636861 
 1522      7200
 1523              	.LASF0:
 1524 0192 756E7369 		.ascii	"unsigned int\000"
 1524      676E6564 
 1524      20696E74 
 1524      00
 1525              	.LASF35:
 1526 019f 61646472 		.ascii	"address\000"
 1526      65737300 
 1527              	.LASF8:
 1528 01a7 6C6F6E67 		.ascii	"long long unsigned int\000"
 1528      206C6F6E 
 1528      6720756E 
 1528      7369676E 
 1528      65642069 
 1529              	.LASF37:
 1530 01be 6366675F 		.ascii	"cfg_memset_t\000"
 1530      6D656D73 
 1530      65745F74 
 1530      00
 1531              	.LASF29:
 1532 01cb 62617365 		.ascii	"baseAddr\000"
 1532      41646472 
 1532      00
 1533              	.LASF9:
 1534 01d4 73697A65 		.ascii	"sizetype\000"
 1534      74797065 
 1534      00
 1535              	.LASF40:
 1536 01dd 2E5C4765 		.ascii	".\\Generated_Source\\PSoC4\\cyfitter_cfg.c\000"
 1536      6E657261 
 1536      7465645F 
 1536      536F7572 
 1536      63655C50 
 1537              	.LASF7:
 1538 0205 6C6F6E67 		.ascii	"long long int\000"
 1538      206C6F6E 
 1538      6720696E 
 1538      7400
 1539              	.LASF10:
 1540 0213 63686172 		.ascii	"char\000"
 1540      00
 1541              	.LASF21:
 1542 0218 63795F63 		.ascii	"cy_cfg_addrvalue_t\000"
 1542      66675F61 
ARM GAS  C:\Users\tiantiaf\AppData\Local\Temp\ccqELnog.s 			page 36


 1542      64647276 
 1542      616C7565 
 1542      5F7400
 1543              	.LASF19:
 1544 022b 6F666673 		.ascii	"offset\000"
 1544      657400
 1545              	.LASF3:
 1546 0232 73686F72 		.ascii	"short int\000"
 1546      7420696E 
 1546      7400
 1547              	.LASF41:
 1548 023c 453A5C50 		.ascii	"E:\\Psoc\\PSoC-4-BLE-master\\100_Projects_in_100_Da"
 1548      736F635C 
 1548      50536F43 
 1548      2D342D42 
 1548      4C452D6D 
 1549 026c 79735C44 		.ascii	"ys\\Day001_Find_Me\\PSoC 4 BLE - Find Me\\PSoC 4 BL"
 1549      61793030 
 1549      315F4669 
 1549      6E645F4D 
 1549      655C5053 
 1550 029c 45202D20 		.ascii	"E - Find Me.cydsn\000"
 1550      46696E64 
 1550      204D652E 
 1550      63796473 
 1550      6E00
 1551              	.LASF5:
 1552 02ae 6C6F6E67 		.ascii	"long int\000"
 1552      20696E74 
 1552      00
 1553              	.LASF1:
 1554 02b7 7369676E 		.ascii	"signed char\000"
 1554      65642063 
 1554      68617200 
 1555              	.LASF4:
 1556 02c3 73686F72 		.ascii	"short unsigned int\000"
 1556      7420756E 
 1556      7369676E 
 1556      65642069 
 1556      6E7400
 1557              	.LASF25:
 1558 02d6 4359434F 		.ascii	"CYCONFIGCPYCODE\000"
 1558      4E464947 
 1558      43505943 
 1558      4F444500 
 1559              		.ident	"GCC: (GNU Tools for ARM Embedded Processors) 4.9.3 20150303 (release) [ARM/embedded-4_9-br
