ARM GAS  C:\Users\tiantiaf\AppData\Local\Temp\ccgtdsno.s 			page 1


   1              		.cpu cortex-m0
   2              		.fpu softvfp
   3              		.eabi_attribute 20, 1
   4              		.eabi_attribute 21, 1
   5              		.eabi_attribute 23, 3
   6              		.eabi_attribute 24, 1
   7              		.eabi_attribute 25, 1
   8              		.eabi_attribute 26, 1
   9              		.eabi_attribute 30, 1
  10              		.eabi_attribute 34, 0
  11              		.eabi_attribute 18, 4
  12              		.code	16
  13              		.file	"BLE_STONE_custom.c"
  14              		.text
  15              	.Ltext0:
  16              		.cfi_sections	.debug_frame
  17              		.section	.text.CyBle_CustomInit,"ax",%progbits
  18              		.align	2
  19              		.global	CyBle_CustomInit
  20              		.code	16
  21              		.thumb_func
  22              		.type	CyBle_CustomInit, %function
  23              	CyBle_CustomInit:
  24              	.LFB2:
  25              		.file 1 ".\\Generated_Source\\PSoC4\\BLE_STONE_custom.c"
   1:.\Generated_Source\PSoC4/BLE_STONE_custom.c **** /***************************************************************************//**
   2:.\Generated_Source\PSoC4/BLE_STONE_custom.c **** * \file CYBLE_custom.c
   3:.\Generated_Source\PSoC4/BLE_STONE_custom.c **** * \version 3.10
   4:.\Generated_Source\PSoC4/BLE_STONE_custom.c **** * 
   5:.\Generated_Source\PSoC4/BLE_STONE_custom.c **** * \brief
   6:.\Generated_Source\PSoC4/BLE_STONE_custom.c **** *  Contains the source code for the Custom Service.
   7:.\Generated_Source\PSoC4/BLE_STONE_custom.c **** * 
   8:.\Generated_Source\PSoC4/BLE_STONE_custom.c **** ********************************************************************************
   9:.\Generated_Source\PSoC4/BLE_STONE_custom.c **** * \copyright
  10:.\Generated_Source\PSoC4/BLE_STONE_custom.c **** * Copyright 2014-2016, Cypress Semiconductor Corporation.  All rights reserved.
  11:.\Generated_Source\PSoC4/BLE_STONE_custom.c **** * You may use this file only in accordance with the license, terms, conditions,
  12:.\Generated_Source\PSoC4/BLE_STONE_custom.c **** * disclaimers, and limitations in the end user license agreement accompanying
  13:.\Generated_Source\PSoC4/BLE_STONE_custom.c **** * the software package with which this file was provided.
  14:.\Generated_Source\PSoC4/BLE_STONE_custom.c **** *******************************************************************************/
  15:.\Generated_Source\PSoC4/BLE_STONE_custom.c **** 
  16:.\Generated_Source\PSoC4/BLE_STONE_custom.c **** 
  17:.\Generated_Source\PSoC4/BLE_STONE_custom.c **** #include "BLE_STONE_eventHandler.h"
  18:.\Generated_Source\PSoC4/BLE_STONE_custom.c **** 
  19:.\Generated_Source\PSoC4/BLE_STONE_custom.c **** #ifdef CYBLE_CUSTOM_SERVER
  20:.\Generated_Source\PSoC4/BLE_STONE_custom.c **** 
  21:.\Generated_Source\PSoC4/BLE_STONE_custom.c **** /* If any custom service with custom characterisctis is defined in the
  22:.\Generated_Source\PSoC4/BLE_STONE_custom.c **** * customizer's GUI their handles will be present in this array.
  23:.\Generated_Source\PSoC4/BLE_STONE_custom.c **** */
  24:.\Generated_Source\PSoC4/BLE_STONE_custom.c **** /* This array contains attribute handles for the defined Custom Services and their characteristics 
  25:.\Generated_Source\PSoC4/BLE_STONE_custom.c ****    The array index definitions are located in the CYBLE_custom.h file. */
  26:.\Generated_Source\PSoC4/BLE_STONE_custom.c **** const CYBLE_CUSTOMS_T cyBle_customs[0x01u] = {
  27:.\Generated_Source\PSoC4/BLE_STONE_custom.c **** 
  28:.\Generated_Source\PSoC4/BLE_STONE_custom.c ****     /* STONE_BLE service */
  29:.\Generated_Source\PSoC4/BLE_STONE_custom.c ****     {
  30:.\Generated_Source\PSoC4/BLE_STONE_custom.c ****         0x000Eu, /* Handle of the STONE_BLE service */ 
  31:.\Generated_Source\PSoC4/BLE_STONE_custom.c ****         {
  32:.\Generated_Source\PSoC4/BLE_STONE_custom.c **** 
ARM GAS  C:\Users\tiantiaf\AppData\Local\Temp\ccgtdsno.s 			page 2


  33:.\Generated_Source\PSoC4/BLE_STONE_custom.c ****             /* CTR_LED characteristic */
  34:.\Generated_Source\PSoC4/BLE_STONE_custom.c ****             {
  35:.\Generated_Source\PSoC4/BLE_STONE_custom.c ****                 0x0010u, /* Handle of the CTR_LED characteristic */ 
  36:.\Generated_Source\PSoC4/BLE_STONE_custom.c ****                 
  37:.\Generated_Source\PSoC4/BLE_STONE_custom.c ****                 /* Array of Descriptors handles */
  38:.\Generated_Source\PSoC4/BLE_STONE_custom.c ****                 {
  39:.\Generated_Source\PSoC4/BLE_STONE_custom.c ****                     0x0011u, /* Handle of the Characteristic User Description descriptor */ 
  40:.\Generated_Source\PSoC4/BLE_STONE_custom.c ****                 }, 
  41:.\Generated_Source\PSoC4/BLE_STONE_custom.c ****             },
  42:.\Generated_Source\PSoC4/BLE_STONE_custom.c **** 
  43:.\Generated_Source\PSoC4/BLE_STONE_custom.c ****             /* CTR_MOTOR characteristic */
  44:.\Generated_Source\PSoC4/BLE_STONE_custom.c ****             {
  45:.\Generated_Source\PSoC4/BLE_STONE_custom.c ****                 0x0013u, /* Handle of the CTR_MOTOR characteristic */ 
  46:.\Generated_Source\PSoC4/BLE_STONE_custom.c ****                 
  47:.\Generated_Source\PSoC4/BLE_STONE_custom.c ****                 /* Array of Descriptors handles */
  48:.\Generated_Source\PSoC4/BLE_STONE_custom.c ****                 {
  49:.\Generated_Source\PSoC4/BLE_STONE_custom.c ****                     0x0014u, /* Handle of the Characteristic User Description descriptor */ 
  50:.\Generated_Source\PSoC4/BLE_STONE_custom.c ****                 }, 
  51:.\Generated_Source\PSoC4/BLE_STONE_custom.c ****             },
  52:.\Generated_Source\PSoC4/BLE_STONE_custom.c ****         }, 
  53:.\Generated_Source\PSoC4/BLE_STONE_custom.c ****     },
  54:.\Generated_Source\PSoC4/BLE_STONE_custom.c **** };
  55:.\Generated_Source\PSoC4/BLE_STONE_custom.c **** 
  56:.\Generated_Source\PSoC4/BLE_STONE_custom.c **** 
  57:.\Generated_Source\PSoC4/BLE_STONE_custom.c **** #endif /* (CYBLE_CUSTOM_SERVER) */
  58:.\Generated_Source\PSoC4/BLE_STONE_custom.c **** 
  59:.\Generated_Source\PSoC4/BLE_STONE_custom.c **** #ifdef CYBLE_CUSTOM_CLIENT
  60:.\Generated_Source\PSoC4/BLE_STONE_custom.c ****     
  61:.\Generated_Source\PSoC4/BLE_STONE_custom.c **** 
  62:.\Generated_Source\PSoC4/BLE_STONE_custom.c **** static uint16 cyBle_customDisServIndex;
  63:.\Generated_Source\PSoC4/BLE_STONE_custom.c **** static uint16 cyBle_customDisCharIndex;
  64:.\Generated_Source\PSoC4/BLE_STONE_custom.c **** 
  65:.\Generated_Source\PSoC4/BLE_STONE_custom.c **** #endif /* (CYBLE_CUSTOM_CLIENT) */
  66:.\Generated_Source\PSoC4/BLE_STONE_custom.c **** 
  67:.\Generated_Source\PSoC4/BLE_STONE_custom.c **** 
  68:.\Generated_Source\PSoC4/BLE_STONE_custom.c **** /****************************************************************************** 
  69:.\Generated_Source\PSoC4/BLE_STONE_custom.c **** * Function Name: CyBle_CustomInit
  70:.\Generated_Source\PSoC4/BLE_STONE_custom.c **** ***************************************************************************//**
  71:.\Generated_Source\PSoC4/BLE_STONE_custom.c **** * 
  72:.\Generated_Source\PSoC4/BLE_STONE_custom.c **** *  This function initializes Custom Service.
  73:.\Generated_Source\PSoC4/BLE_STONE_custom.c **** * 
  74:.\Generated_Source\PSoC4/BLE_STONE_custom.c **** * \return
  75:.\Generated_Source\PSoC4/BLE_STONE_custom.c **** *  None
  76:.\Generated_Source\PSoC4/BLE_STONE_custom.c **** * 
  77:.\Generated_Source\PSoC4/BLE_STONE_custom.c **** ******************************************************************************/
  78:.\Generated_Source\PSoC4/BLE_STONE_custom.c **** void CyBle_CustomInit(void)
  79:.\Generated_Source\PSoC4/BLE_STONE_custom.c **** {
  26              		.loc 1 79 0
  27              		.cfi_startproc
  80:.\Generated_Source\PSoC4/BLE_STONE_custom.c ****     
  81:.\Generated_Source\PSoC4/BLE_STONE_custom.c **** #ifdef CYBLE_CUSTOM_CLIENT
  82:.\Generated_Source\PSoC4/BLE_STONE_custom.c **** 
  83:.\Generated_Source\PSoC4/BLE_STONE_custom.c ****     uint16 locServIndex;
  84:.\Generated_Source\PSoC4/BLE_STONE_custom.c ****     uint16 locCharIndex;
  85:.\Generated_Source\PSoC4/BLE_STONE_custom.c ****     uint16 locDescIndex;
  86:.\Generated_Source\PSoC4/BLE_STONE_custom.c ****     
  87:.\Generated_Source\PSoC4/BLE_STONE_custom.c ****     for(locServIndex = 0u; locServIndex < CYBLE_CUSTOMC_SERVICE_COUNT; locServIndex++)
ARM GAS  C:\Users\tiantiaf\AppData\Local\Temp\ccgtdsno.s 			page 3


  88:.\Generated_Source\PSoC4/BLE_STONE_custom.c ****     {
  89:.\Generated_Source\PSoC4/BLE_STONE_custom.c ****         if(cyBle_serverInfo[CYBLE_SRVI_CUSTOMS + locServIndex].range.startHandle == CYBLE_GATT_INVA
  90:.\Generated_Source\PSoC4/BLE_STONE_custom.c ****         {
  91:.\Generated_Source\PSoC4/BLE_STONE_custom.c ****             for(locCharIndex = 0u; locCharIndex < cyBle_customCServ[locServIndex].charCount; locCha
  92:.\Generated_Source\PSoC4/BLE_STONE_custom.c ****             {
  93:.\Generated_Source\PSoC4/BLE_STONE_custom.c ****                 cyBle_customCServ[locServIndex].customServChar[locCharIndex].
  94:.\Generated_Source\PSoC4/BLE_STONE_custom.c ****                     customServCharHandle = 0u;
  95:.\Generated_Source\PSoC4/BLE_STONE_custom.c ****                 
  96:.\Generated_Source\PSoC4/BLE_STONE_custom.c ****                 for(locDescIndex = 0u; locDescIndex < 
  97:.\Generated_Source\PSoC4/BLE_STONE_custom.c ****                     cyBle_customCServ[locServIndex].customServChar[locCharIndex].descCount; 
  98:.\Generated_Source\PSoC4/BLE_STONE_custom.c ****                         locDescIndex++)
  99:.\Generated_Source\PSoC4/BLE_STONE_custom.c ****                 {
 100:.\Generated_Source\PSoC4/BLE_STONE_custom.c ****                     cyBle_customCServ[locServIndex].customServChar[locCharIndex].
 101:.\Generated_Source\PSoC4/BLE_STONE_custom.c ****                         customServCharDesc[locDescIndex].descHandle = 0u;
 102:.\Generated_Source\PSoC4/BLE_STONE_custom.c ****                 }
 103:.\Generated_Source\PSoC4/BLE_STONE_custom.c ****             }
 104:.\Generated_Source\PSoC4/BLE_STONE_custom.c ****         }
 105:.\Generated_Source\PSoC4/BLE_STONE_custom.c ****     }
 106:.\Generated_Source\PSoC4/BLE_STONE_custom.c **** 
 107:.\Generated_Source\PSoC4/BLE_STONE_custom.c **** #endif /* (CYBLE_CUSTOM_CLIENT) */
 108:.\Generated_Source\PSoC4/BLE_STONE_custom.c **** }
  28              		.loc 1 108 0
  29              		@ sp needed
  30 0000 7047     		bx	lr
  31              		.cfi_endproc
  32              	.LFE2:
  33              		.size	CyBle_CustomInit, .-CyBle_CustomInit
  34              		.global	cyBle_customs
  35 0002 C046     		.section	.rodata
  36              		.align	2
  37              		.type	cyBle_customs, %object
  38              		.size	cyBle_customs, 10
  39              	cyBle_customs:
  40 0000 0E00     		.short	14
  41 0002 1000     		.short	16
  42 0004 1100     		.short	17
  43 0006 1300     		.short	19
  44 0008 1400     		.short	20
  45 000a 0000     		.text
  46              	.Letext0:
  47              		.file 2 ".\\Generated_Source\\PSoC4\\cytypes.h"
  48              		.file 3 ".\\Generated_Source\\PSoC4\\BLE_STONE_StackGatt.h"
  49              		.file 4 ".\\Generated_Source\\PSoC4\\BLE_STONE_custom.h"
  50              		.file 5 ".\\Generated_Source\\PSoC4\\BLE_STONE_Stack.h"
  51              		.section	.debug_info,"",%progbits
  52              	.Ldebug_info0:
  53 0000 08030000 		.4byte	0x308
  54 0004 0400     		.2byte	0x4
  55 0006 00000000 		.4byte	.Ldebug_abbrev0
  56 000a 04       		.byte	0x4
  57 000b 01       		.uleb128 0x1
  58 000c 2E090000 		.4byte	.LASF87
  59 0010 01       		.byte	0x1
  60 0011 3E060000 		.4byte	.LASF88
  61 0015 95010000 		.4byte	.LASF89
  62 0019 00000000 		.4byte	.Ldebug_ranges0+0
  63 001d 00000000 		.4byte	0
ARM GAS  C:\Users\tiantiaf\AppData\Local\Temp\ccgtdsno.s 			page 4


  64 0021 00000000 		.4byte	.Ldebug_line0
  65 0025 02       		.uleb128 0x2
  66 0026 01       		.byte	0x1
  67 0027 06       		.byte	0x6
  68 0028 AF040000 		.4byte	.LASF0
  69 002c 02       		.uleb128 0x2
  70 002d 01       		.byte	0x1
  71 002e 08       		.byte	0x8
  72 002f 36040000 		.4byte	.LASF1
  73 0033 02       		.uleb128 0x2
  74 0034 02       		.byte	0x2
  75 0035 05       		.byte	0x5
  76 0036 B7000000 		.4byte	.LASF2
  77 003a 02       		.uleb128 0x2
  78 003b 02       		.byte	0x2
  79 003c 07       		.byte	0x7
  80 003d 8B060000 		.4byte	.LASF3
  81 0041 02       		.uleb128 0x2
  82 0042 04       		.byte	0x4
  83 0043 05       		.byte	0x5
  84 0044 EA020000 		.4byte	.LASF4
  85 0048 02       		.uleb128 0x2
  86 0049 04       		.byte	0x4
  87 004a 07       		.byte	0x7
  88 004b 40050000 		.4byte	.LASF5
  89 004f 02       		.uleb128 0x2
  90 0050 08       		.byte	0x8
  91 0051 05       		.byte	0x5
  92 0052 05010000 		.4byte	.LASF6
  93 0056 02       		.uleb128 0x2
  94 0057 08       		.byte	0x8
  95 0058 07       		.byte	0x7
  96 0059 BE020000 		.4byte	.LASF7
  97 005d 03       		.uleb128 0x3
  98 005e 04       		.byte	0x4
  99 005f 05       		.byte	0x5
 100 0060 696E7400 		.ascii	"int\000"
 101 0064 02       		.uleb128 0x2
 102 0065 04       		.byte	0x4
 103 0066 07       		.byte	0x7
 104 0067 18050000 		.4byte	.LASF8
 105 006b 04       		.uleb128 0x4
 106 006c 7B010000 		.4byte	.LASF79
 107 0070 02       		.byte	0x2
 108 0071 9901     		.2byte	0x199
 109 0073 3A000000 		.4byte	0x3a
 110 0077 02       		.uleb128 0x2
 111 0078 04       		.byte	0x4
 112 0079 04       		.byte	0x4
 113 007a 55020000 		.4byte	.LASF9
 114 007e 02       		.uleb128 0x2
 115 007f 08       		.byte	0x8
 116 0080 04       		.byte	0x4
 117 0081 3B070000 		.4byte	.LASF10
 118 0085 02       		.uleb128 0x2
 119 0086 01       		.byte	0x1
 120 0087 08       		.byte	0x8
ARM GAS  C:\Users\tiantiaf\AppData\Local\Temp\ccgtdsno.s 			page 5


 121 0088 6A060000 		.4byte	.LASF11
 122 008c 02       		.uleb128 0x2
 123 008d 04       		.byte	0x4
 124 008e 07       		.byte	0x7
 125 008f DB000000 		.4byte	.LASF12
 126 0093 05       		.uleb128 0x5
 127 0094 01       		.byte	0x1
 128 0095 05       		.byte	0x5
 129 0096 4201     		.2byte	0x142
 130 0098 50020000 		.4byte	0x250
 131 009c 06       		.uleb128 0x6
 132 009d FF010000 		.4byte	.LASF13
 133 00a1 00       		.sleb128 0
 134 00a2 06       		.uleb128 0x6
 135 00a3 4A010000 		.4byte	.LASF14
 136 00a7 01       		.sleb128 1
 137 00a8 06       		.uleb128 0x6
 138 00a9 C3080000 		.4byte	.LASF15
 139 00ad 02       		.sleb128 2
 140 00ae 06       		.uleb128 0x6
 141 00af 7A070000 		.4byte	.LASF16
 142 00b3 03       		.sleb128 3
 143 00b4 06       		.uleb128 0x6
 144 00b5 24010000 		.4byte	.LASF17
 145 00b9 04       		.sleb128 4
 146 00ba 06       		.uleb128 0x6
 147 00bb 7C030000 		.4byte	.LASF18
 148 00bf 05       		.sleb128 5
 149 00c0 06       		.uleb128 0x6
 150 00c1 3E000000 		.4byte	.LASF19
 151 00c5 06       		.sleb128 6
 152 00c6 06       		.uleb128 0x6
 153 00c7 D8070000 		.4byte	.LASF20
 154 00cb 20       		.sleb128 32
 155 00cc 06       		.uleb128 0x6
 156 00cd 52050000 		.4byte	.LASF21
 157 00d1 21       		.sleb128 33
 158 00d2 06       		.uleb128 0x6
 159 00d3 00000000 		.4byte	.LASF22
 160 00d7 22       		.sleb128 34
 161 00d8 06       		.uleb128 0x6
 162 00d9 98030000 		.4byte	.LASF23
 163 00dd 23       		.sleb128 35
 164 00de 06       		.uleb128 0x6
 165 00df FC040000 		.4byte	.LASF24
 166 00e3 24       		.sleb128 36
 167 00e4 06       		.uleb128 0x6
 168 00e5 C1000000 		.4byte	.LASF25
 169 00e9 25       		.sleb128 37
 170 00ea 06       		.uleb128 0x6
 171 00eb 33030000 		.4byte	.LASF26
 172 00ef 26       		.sleb128 38
 173 00f0 06       		.uleb128 0x6
 174 00f1 14030000 		.4byte	.LASF27
 175 00f5 27       		.sleb128 39
 176 00f6 06       		.uleb128 0x6
 177 00f7 71000000 		.4byte	.LASF28
ARM GAS  C:\Users\tiantiaf\AppData\Local\Temp\ccgtdsno.s 			page 6


 178 00fb 28       		.sleb128 40
 179 00fc 06       		.uleb128 0x6
 180 00fd 8A050000 		.4byte	.LASF29
 181 0101 29       		.sleb128 41
 182 0102 06       		.uleb128 0x6
 183 0103 EE050000 		.4byte	.LASF30
 184 0107 2A       		.sleb128 42
 185 0108 06       		.uleb128 0x6
 186 0109 DB060000 		.4byte	.LASF31
 187 010d 2B       		.sleb128 43
 188 010e 06       		.uleb128 0x6
 189 010f CA050000 		.4byte	.LASF32
 190 0113 2C       		.sleb128 44
 191 0114 06       		.uleb128 0x6
 192 0115 74020000 		.4byte	.LASF33
 193 0119 2D       		.sleb128 45
 194 011a 06       		.uleb128 0x6
 195 011b 93000000 		.4byte	.LASF34
 196 011f 2E       		.sleb128 46
 197 0120 06       		.uleb128 0x6
 198 0121 470A0000 		.4byte	.LASF35
 199 0125 2F       		.sleb128 47
 200 0126 06       		.uleb128 0x6
 201 0127 E4000000 		.4byte	.LASF36
 202 012b 30       		.sleb128 48
 203 012c 06       		.uleb128 0x6
 204 012d EC030000 		.4byte	.LASF37
 205 0131 31       		.sleb128 49
 206 0132 06       		.uleb128 0x6
 207 0133 9D020000 		.4byte	.LASF38
 208 0137 32       		.sleb128 50
 209 0138 06       		.uleb128 0x6
 210 0139 17060000 		.4byte	.LASF39
 211 013d 33       		.sleb128 51
 212 013e 06       		.uleb128 0x6
 213 013f 57000000 		.4byte	.LASF40
 214 0143 C000     		.sleb128 64
 215 0145 06       		.uleb128 0x6
 216 0146 25050000 		.4byte	.LASF41
 217 014a C100     		.sleb128 65
 218 014c 06       		.uleb128 0x6
 219 014d 290A0000 		.4byte	.LASF42
 220 0151 C200     		.sleb128 66
 221 0153 06       		.uleb128 0x6
 222 0154 5D010000 		.4byte	.LASF43
 223 0158 C300     		.sleb128 67
 224 015a 06       		.uleb128 0x6
 225 015b 62080000 		.4byte	.LASF44
 226 015f C400     		.sleb128 68
 227 0161 06       		.uleb128 0x6
 228 0162 FC070000 		.4byte	.LASF45
 229 0166 C500     		.sleb128 69
 230 0168 06       		.uleb128 0x6
 231 0169 41080000 		.4byte	.LASF46
 232 016d C600     		.sleb128 70
 233 016f 06       		.uleb128 0x6
 234 0170 91040000 		.4byte	.LASF47
ARM GAS  C:\Users\tiantiaf\AppData\Local\Temp\ccgtdsno.s 			page 7


 235 0174 C700     		.sleb128 71
 236 0176 06       		.uleb128 0x6
 237 0177 D5040000 		.4byte	.LASF48
 238 017b C800     		.sleb128 72
 239 017d 06       		.uleb128 0x6
 240 017e 5B020000 		.4byte	.LASF49
 241 0182 C900     		.sleb128 73
 242 0184 06       		.uleb128 0x6
 243 0185 9E060000 		.4byte	.LASF50
 244 0189 CA00     		.sleb128 74
 245 018b 06       		.uleb128 0x6
 246 018c 80080000 		.4byte	.LASF51
 247 0190 CB00     		.sleb128 75
 248 0192 06       		.uleb128 0x6
 249 0193 BB040000 		.4byte	.LASF52
 250 0197 CC00     		.sleb128 76
 251 0199 06       		.uleb128 0x6
 252 019a 24000000 		.4byte	.LASF53
 253 019e CD00     		.sleb128 77
 254 01a0 06       		.uleb128 0x6
 255 01a1 23080000 		.4byte	.LASF54
 256 01a5 CE00     		.sleb128 78
 257 01a7 06       		.uleb128 0x6
 258 01a8 53040000 		.4byte	.LASF55
 259 01ac CF00     		.sleb128 79
 260 01ae 06       		.uleb128 0x6
 261 01af BC090000 		.4byte	.LASF56
 262 01b3 D000     		.sleb128 80
 263 01b5 06       		.uleb128 0x6
 264 01b6 BC060000 		.4byte	.LASF57
 265 01ba D100     		.sleb128 81
 266 01bc 06       		.uleb128 0x6
 267 01bd 5B030000 		.4byte	.LASF58
 268 01c1 D200     		.sleb128 82
 269 01c3 06       		.uleb128 0x6
 270 01c4 F3020000 		.4byte	.LASF59
 271 01c8 D300     		.sleb128 83
 272 01ca 06       		.uleb128 0x6
 273 01cb DE010000 		.4byte	.LASF60
 274 01cf D400     		.sleb128 84
 275 01d1 06       		.uleb128 0x6
 276 01d2 050A0000 		.4byte	.LASF61
 277 01d6 D500     		.sleb128 85
 278 01d8 06       		.uleb128 0x6
 279 01d9 0C090000 		.4byte	.LASF62
 280 01dd D600     		.sleb128 86
 281 01df 06       		.uleb128 0x6
 282 01e0 E3080000 		.4byte	.LASF63
 283 01e4 D700     		.sleb128 87
 284 01e6 06       		.uleb128 0x6
 285 01e7 A7050000 		.4byte	.LASF64
 286 01eb D800     		.sleb128 88
 287 01ed 06       		.uleb128 0x6
 288 01ee 10040000 		.4byte	.LASF65
 289 01f2 F000     		.sleb128 112
 290 01f4 06       		.uleb128 0x6
 291 01f5 B2070000 		.4byte	.LASF66
ARM GAS  C:\Users\tiantiaf\AppData\Local\Temp\ccgtdsno.s 			page 8


 292 01f9 F100     		.sleb128 113
 293 01fb 06       		.uleb128 0x6
 294 01fc 6F060000 		.4byte	.LASF67
 295 0200 F200     		.sleb128 114
 296 0202 06       		.uleb128 0x6
 297 0203 16020000 		.4byte	.LASF68
 298 0207 F300     		.sleb128 115
 299 0209 06       		.uleb128 0x6
 300 020a CE030000 		.4byte	.LASF69
 301 020e F400     		.sleb128 116
 302 0210 06       		.uleb128 0x6
 303 0211 69050000 		.4byte	.LASF70
 304 0215 F500     		.sleb128 117
 305 0217 06       		.uleb128 0x6
 306 0218 34020000 		.4byte	.LASF71
 307 021c F600     		.sleb128 118
 308 021e 06       		.uleb128 0x6
 309 021f 93070000 		.4byte	.LASF72
 310 0223 F700     		.sleb128 119
 311 0225 06       		.uleb128 0x6
 312 0226 18070000 		.4byte	.LASF73
 313 022a F800     		.sleb128 120
 314 022c 06       		.uleb128 0x6
 315 022d 42070000 		.4byte	.LASF74
 316 0231 F900     		.sleb128 121
 317 0233 06       		.uleb128 0x6
 318 0234 9F080000 		.4byte	.LASF75
 319 0238 FA00     		.sleb128 122
 320 023a 06       		.uleb128 0x6
 321 023b FA060000 		.4byte	.LASF76
 322 023f FA01     		.sleb128 250
 323 0241 06       		.uleb128 0x6
 324 0242 72040000 		.4byte	.LASF77
 325 0246 FB01     		.sleb128 251
 326 0248 06       		.uleb128 0x6
 327 0249 D5080000 		.4byte	.LASF78
 328 024d FF01     		.sleb128 255
 329 024f 00       		.byte	0
 330 0250 04       		.uleb128 0x4
 331 0251 DB090000 		.4byte	.LASF80
 332 0255 03       		.byte	0x3
 333 0256 9201     		.2byte	0x192
 334 0258 6B000000 		.4byte	0x6b
 335 025c 07       		.uleb128 0x7
 336 025d 04       		.byte	0x4
 337 025e 04       		.byte	0x4
 338 025f 46       		.byte	0x46
 339 0260 7D020000 		.4byte	0x27d
 340 0264 08       		.uleb128 0x8
 341 0265 65070000 		.4byte	.LASF81
 342 0269 04       		.byte	0x4
 343 026a 49       		.byte	0x49
 344 026b 50020000 		.4byte	0x250
 345 026f 00       		.byte	0
 346 0270 08       		.uleb128 0x8
 347 0271 82010000 		.4byte	.LASF82
 348 0275 04       		.byte	0x4
ARM GAS  C:\Users\tiantiaf\AppData\Local\Temp\ccgtdsno.s 			page 9


 349 0276 4B       		.byte	0x4b
 350 0277 7D020000 		.4byte	0x27d
 351 027b 02       		.byte	0x2
 352 027c 00       		.byte	0
 353 027d 09       		.uleb128 0x9
 354 027e 50020000 		.4byte	0x250
 355 0282 8D020000 		.4byte	0x28d
 356 0286 0A       		.uleb128 0xa
 357 0287 8C000000 		.4byte	0x8c
 358 028b 00       		.byte	0
 359 028c 00       		.byte	0
 360 028d 0B       		.uleb128 0xb
 361 028e D5020000 		.4byte	.LASF83
 362 0292 04       		.byte	0x4
 363 0293 4D       		.byte	0x4d
 364 0294 5C020000 		.4byte	0x25c
 365 0298 07       		.uleb128 0x7
 366 0299 0A       		.byte	0xa
 367 029a 04       		.byte	0x4
 368 029b 50       		.byte	0x50
 369 029c B9020000 		.4byte	0x2b9
 370 02a0 08       		.uleb128 0x8
 371 02a1 13010000 		.4byte	.LASF84
 372 02a5 04       		.byte	0x4
 373 02a6 53       		.byte	0x53
 374 02a7 50020000 		.4byte	0x250
 375 02ab 00       		.byte	0
 376 02ac 08       		.uleb128 0x8
 377 02ad 44040000 		.4byte	.LASF85
 378 02b1 04       		.byte	0x4
 379 02b2 56       		.byte	0x56
 380 02b3 B9020000 		.4byte	0x2b9
 381 02b7 02       		.byte	0x2
 382 02b8 00       		.byte	0
 383 02b9 09       		.uleb128 0x9
 384 02ba 8D020000 		.4byte	0x28d
 385 02be C9020000 		.4byte	0x2c9
 386 02c2 0A       		.uleb128 0xa
 387 02c3 8C000000 		.4byte	0x8c
 388 02c7 01       		.byte	0x1
 389 02c8 00       		.byte	0
 390 02c9 0B       		.uleb128 0xb
 391 02ca BE030000 		.4byte	.LASF86
 392 02ce 04       		.byte	0x4
 393 02cf 58       		.byte	0x58
 394 02d0 98020000 		.4byte	0x298
 395 02d4 0C       		.uleb128 0xc
 396 02d5 39010000 		.4byte	.LASF90
 397 02d9 01       		.byte	0x1
 398 02da 4E       		.byte	0x4e
 399 02db 00000000 		.4byte	.LFB2
 400 02df 02000000 		.4byte	.LFE2-.LFB2
 401 02e3 01       		.uleb128 0x1
 402 02e4 9C       		.byte	0x9c
 403 02e5 09       		.uleb128 0x9
 404 02e6 C9020000 		.4byte	0x2c9
 405 02ea F5020000 		.4byte	0x2f5
ARM GAS  C:\Users\tiantiaf\AppData\Local\Temp\ccgtdsno.s 			page 10


 406 02ee 0A       		.uleb128 0xa
 407 02ef 8C000000 		.4byte	0x8c
 408 02f3 00       		.byte	0
 409 02f4 00       		.byte	0
 410 02f5 0D       		.uleb128 0xd
 411 02f6 F7090000 		.4byte	.LASF91
 412 02fa 01       		.byte	0x1
 413 02fb 1A       		.byte	0x1a
 414 02fc 06030000 		.4byte	0x306
 415 0300 05       		.uleb128 0x5
 416 0301 03       		.byte	0x3
 417 0302 00000000 		.4byte	cyBle_customs
 418 0306 0E       		.uleb128 0xe
 419 0307 E5020000 		.4byte	0x2e5
 420 030b 00       		.byte	0
 421              		.section	.debug_abbrev,"",%progbits
 422              	.Ldebug_abbrev0:
 423 0000 01       		.uleb128 0x1
 424 0001 11       		.uleb128 0x11
 425 0002 01       		.byte	0x1
 426 0003 25       		.uleb128 0x25
 427 0004 0E       		.uleb128 0xe
 428 0005 13       		.uleb128 0x13
 429 0006 0B       		.uleb128 0xb
 430 0007 03       		.uleb128 0x3
 431 0008 0E       		.uleb128 0xe
 432 0009 1B       		.uleb128 0x1b
 433 000a 0E       		.uleb128 0xe
 434 000b 55       		.uleb128 0x55
 435 000c 17       		.uleb128 0x17
 436 000d 11       		.uleb128 0x11
 437 000e 01       		.uleb128 0x1
 438 000f 10       		.uleb128 0x10
 439 0010 17       		.uleb128 0x17
 440 0011 00       		.byte	0
 441 0012 00       		.byte	0
 442 0013 02       		.uleb128 0x2
 443 0014 24       		.uleb128 0x24
 444 0015 00       		.byte	0
 445 0016 0B       		.uleb128 0xb
 446 0017 0B       		.uleb128 0xb
 447 0018 3E       		.uleb128 0x3e
 448 0019 0B       		.uleb128 0xb
 449 001a 03       		.uleb128 0x3
 450 001b 0E       		.uleb128 0xe
 451 001c 00       		.byte	0
 452 001d 00       		.byte	0
 453 001e 03       		.uleb128 0x3
 454 001f 24       		.uleb128 0x24
 455 0020 00       		.byte	0
 456 0021 0B       		.uleb128 0xb
 457 0022 0B       		.uleb128 0xb
 458 0023 3E       		.uleb128 0x3e
 459 0024 0B       		.uleb128 0xb
 460 0025 03       		.uleb128 0x3
 461 0026 08       		.uleb128 0x8
 462 0027 00       		.byte	0
ARM GAS  C:\Users\tiantiaf\AppData\Local\Temp\ccgtdsno.s 			page 11


 463 0028 00       		.byte	0
 464 0029 04       		.uleb128 0x4
 465 002a 16       		.uleb128 0x16
 466 002b 00       		.byte	0
 467 002c 03       		.uleb128 0x3
 468 002d 0E       		.uleb128 0xe
 469 002e 3A       		.uleb128 0x3a
 470 002f 0B       		.uleb128 0xb
 471 0030 3B       		.uleb128 0x3b
 472 0031 05       		.uleb128 0x5
 473 0032 49       		.uleb128 0x49
 474 0033 13       		.uleb128 0x13
 475 0034 00       		.byte	0
 476 0035 00       		.byte	0
 477 0036 05       		.uleb128 0x5
 478 0037 04       		.uleb128 0x4
 479 0038 01       		.byte	0x1
 480 0039 0B       		.uleb128 0xb
 481 003a 0B       		.uleb128 0xb
 482 003b 3A       		.uleb128 0x3a
 483 003c 0B       		.uleb128 0xb
 484 003d 3B       		.uleb128 0x3b
 485 003e 05       		.uleb128 0x5
 486 003f 01       		.uleb128 0x1
 487 0040 13       		.uleb128 0x13
 488 0041 00       		.byte	0
 489 0042 00       		.byte	0
 490 0043 06       		.uleb128 0x6
 491 0044 28       		.uleb128 0x28
 492 0045 00       		.byte	0
 493 0046 03       		.uleb128 0x3
 494 0047 0E       		.uleb128 0xe
 495 0048 1C       		.uleb128 0x1c
 496 0049 0D       		.uleb128 0xd
 497 004a 00       		.byte	0
 498 004b 00       		.byte	0
 499 004c 07       		.uleb128 0x7
 500 004d 13       		.uleb128 0x13
 501 004e 01       		.byte	0x1
 502 004f 0B       		.uleb128 0xb
 503 0050 0B       		.uleb128 0xb
 504 0051 3A       		.uleb128 0x3a
 505 0052 0B       		.uleb128 0xb
 506 0053 3B       		.uleb128 0x3b
 507 0054 0B       		.uleb128 0xb
 508 0055 01       		.uleb128 0x1
 509 0056 13       		.uleb128 0x13
 510 0057 00       		.byte	0
 511 0058 00       		.byte	0
 512 0059 08       		.uleb128 0x8
 513 005a 0D       		.uleb128 0xd
 514 005b 00       		.byte	0
 515 005c 03       		.uleb128 0x3
 516 005d 0E       		.uleb128 0xe
 517 005e 3A       		.uleb128 0x3a
 518 005f 0B       		.uleb128 0xb
 519 0060 3B       		.uleb128 0x3b
ARM GAS  C:\Users\tiantiaf\AppData\Local\Temp\ccgtdsno.s 			page 12


 520 0061 0B       		.uleb128 0xb
 521 0062 49       		.uleb128 0x49
 522 0063 13       		.uleb128 0x13
 523 0064 38       		.uleb128 0x38
 524 0065 0B       		.uleb128 0xb
 525 0066 00       		.byte	0
 526 0067 00       		.byte	0
 527 0068 09       		.uleb128 0x9
 528 0069 01       		.uleb128 0x1
 529 006a 01       		.byte	0x1
 530 006b 49       		.uleb128 0x49
 531 006c 13       		.uleb128 0x13
 532 006d 01       		.uleb128 0x1
 533 006e 13       		.uleb128 0x13
 534 006f 00       		.byte	0
 535 0070 00       		.byte	0
 536 0071 0A       		.uleb128 0xa
 537 0072 21       		.uleb128 0x21
 538 0073 00       		.byte	0
 539 0074 49       		.uleb128 0x49
 540 0075 13       		.uleb128 0x13
 541 0076 2F       		.uleb128 0x2f
 542 0077 0B       		.uleb128 0xb
 543 0078 00       		.byte	0
 544 0079 00       		.byte	0
 545 007a 0B       		.uleb128 0xb
 546 007b 16       		.uleb128 0x16
 547 007c 00       		.byte	0
 548 007d 03       		.uleb128 0x3
 549 007e 0E       		.uleb128 0xe
 550 007f 3A       		.uleb128 0x3a
 551 0080 0B       		.uleb128 0xb
 552 0081 3B       		.uleb128 0x3b
 553 0082 0B       		.uleb128 0xb
 554 0083 49       		.uleb128 0x49
 555 0084 13       		.uleb128 0x13
 556 0085 00       		.byte	0
 557 0086 00       		.byte	0
 558 0087 0C       		.uleb128 0xc
 559 0088 2E       		.uleb128 0x2e
 560 0089 00       		.byte	0
 561 008a 3F       		.uleb128 0x3f
 562 008b 19       		.uleb128 0x19
 563 008c 03       		.uleb128 0x3
 564 008d 0E       		.uleb128 0xe
 565 008e 3A       		.uleb128 0x3a
 566 008f 0B       		.uleb128 0xb
 567 0090 3B       		.uleb128 0x3b
 568 0091 0B       		.uleb128 0xb
 569 0092 27       		.uleb128 0x27
 570 0093 19       		.uleb128 0x19
 571 0094 11       		.uleb128 0x11
 572 0095 01       		.uleb128 0x1
 573 0096 12       		.uleb128 0x12
 574 0097 06       		.uleb128 0x6
 575 0098 40       		.uleb128 0x40
 576 0099 18       		.uleb128 0x18
ARM GAS  C:\Users\tiantiaf\AppData\Local\Temp\ccgtdsno.s 			page 13


 577 009a 9742     		.uleb128 0x2117
 578 009c 19       		.uleb128 0x19
 579 009d 00       		.byte	0
 580 009e 00       		.byte	0
 581 009f 0D       		.uleb128 0xd
 582 00a0 34       		.uleb128 0x34
 583 00a1 00       		.byte	0
 584 00a2 03       		.uleb128 0x3
 585 00a3 0E       		.uleb128 0xe
 586 00a4 3A       		.uleb128 0x3a
 587 00a5 0B       		.uleb128 0xb
 588 00a6 3B       		.uleb128 0x3b
 589 00a7 0B       		.uleb128 0xb
 590 00a8 49       		.uleb128 0x49
 591 00a9 13       		.uleb128 0x13
 592 00aa 3F       		.uleb128 0x3f
 593 00ab 19       		.uleb128 0x19
 594 00ac 02       		.uleb128 0x2
 595 00ad 18       		.uleb128 0x18
 596 00ae 00       		.byte	0
 597 00af 00       		.byte	0
 598 00b0 0E       		.uleb128 0xe
 599 00b1 26       		.uleb128 0x26
 600 00b2 00       		.byte	0
 601 00b3 49       		.uleb128 0x49
 602 00b4 13       		.uleb128 0x13
 603 00b5 00       		.byte	0
 604 00b6 00       		.byte	0
 605 00b7 00       		.byte	0
 606              		.section	.debug_aranges,"",%progbits
 607 0000 1C000000 		.4byte	0x1c
 608 0004 0200     		.2byte	0x2
 609 0006 00000000 		.4byte	.Ldebug_info0
 610 000a 04       		.byte	0x4
 611 000b 00       		.byte	0
 612 000c 0000     		.2byte	0
 613 000e 0000     		.2byte	0
 614 0010 00000000 		.4byte	.LFB2
 615 0014 02000000 		.4byte	.LFE2-.LFB2
 616 0018 00000000 		.4byte	0
 617 001c 00000000 		.4byte	0
 618              		.section	.debug_ranges,"",%progbits
 619              	.Ldebug_ranges0:
 620 0000 00000000 		.4byte	.LFB2
 621 0004 02000000 		.4byte	.LFE2
 622 0008 00000000 		.4byte	0
 623 000c 00000000 		.4byte	0
 624              		.section	.debug_line,"",%progbits
 625              	.Ldebug_line0:
 626 0000 AC000000 		.section	.debug_str,"MS",%progbits,1
 626      02009300 
 626      00000201 
 626      FB0E0D00 
 626      01010101 
 627              	.LASF22:
 628 0000 4359424C 		.ascii	"CYBLE_EVT_GAP_PASSKEY_ENTRY_REQUEST\000"
 628      455F4556 
ARM GAS  C:\Users\tiantiaf\AppData\Local\Temp\ccgtdsno.s 			page 14


 628      545F4741 
 628      505F5041 
 628      53534B45 
 629              	.LASF53:
 630 0024 4359424C 		.ascii	"CYBLE_EVT_GATTC_WRITE_RSP\000"
 630      455F4556 
 630      545F4741 
 630      5454435F 
 630      57524954 
 631              	.LASF19:
 632 003e 4359424C 		.ascii	"CYBLE_EVT_MEMORY_REQUEST\000"
 632      455F4556 
 632      545F4D45 
 632      4D4F5259 
 632      5F524551 
 633              	.LASF40:
 634 0057 4359424C 		.ascii	"CYBLE_EVT_GATTC_ERROR_RSP\000"
 634      455F4556 
 634      545F4741 
 634      5454435F 
 634      4552524F 
 635              	.LASF28:
 636 0071 4359424C 		.ascii	"CYBLE_EVT_GAP_DEVICE_DISCONNECTED\000"
 636      455F4556 
 636      545F4741 
 636      505F4445 
 636      56494345 
 637              	.LASF34:
 638 0093 4359424C 		.ascii	"CYBLE_EVT_GAP_KEYPRESS_NOTIFICATION\000"
 638      455F4556 
 638      545F4741 
 638      505F4B45 
 638      59505245 
 639              	.LASF2:
 640 00b7 73686F72 		.ascii	"short int\000"
 640      7420696E 
 640      7400
 641              	.LASF25:
 642 00c1 4359424C 		.ascii	"CYBLE_EVT_GAP_AUTH_FAILED\000"
 642      455F4556 
 642      545F4741 
 642      505F4155 
 642      54485F46 
 643              	.LASF12:
 644 00db 73697A65 		.ascii	"sizetype\000"
 644      74797065 
 644      00
 645              	.LASF36:
 646 00e4 4359424C 		.ascii	"CYBLE_EVT_GAP_DATA_LENGTH_CHANGE\000"
 646      455F4556 
 646      545F4741 
 646      505F4441 
 646      54415F4C 
 647              	.LASF6:
 648 0105 6C6F6E67 		.ascii	"long long int\000"
 648      206C6F6E 
 648      6720696E 
ARM GAS  C:\Users\tiantiaf\AppData\Local\Temp\ccgtdsno.s 			page 15


 648      7400
 649              	.LASF84:
 650 0113 63757374 		.ascii	"customServHandle\000"
 650      6F6D5365 
 650      72764861 
 650      6E646C65 
 650      00
 651              	.LASF17:
 652 0124 4359424C 		.ascii	"CYBLE_EVT_HCI_STATUS\000"
 652      455F4556 
 652      545F4843 
 652      495F5354 
 652      41545553 
 653              	.LASF90:
 654 0139 4379426C 		.ascii	"CyBle_CustomInit\000"
 654      655F4375 
 654      73746F6D 
 654      496E6974 
 654      00
 655              	.LASF14:
 656 014a 4359424C 		.ascii	"CYBLE_EVT_STACK_ON\000"
 656      455F4556 
 656      545F5354 
 656      41434B5F 
 656      4F4E00
 657              	.LASF43:
 658 015d 4359424C 		.ascii	"CYBLE_EVT_GATTS_XCNHG_MTU_REQ\000"
 658      455F4556 
 658      545F4741 
 658      5454535F 
 658      58434E48 
 659              	.LASF79:
 660 017b 75696E74 		.ascii	"uint16\000"
 660      313600
 661              	.LASF82:
 662 0182 63757374 		.ascii	"customServCharDesc\000"
 662      6F6D5365 
 662      72764368 
 662      61724465 
 662      736300
 663              	.LASF89:
 664 0195 473A5C47 		.ascii	"G:\\GitHub_Code\\firmware_stone\\fw-stone\\fw-BLE-M"
 664      69744875 
 664      625F436F 
 664      64655C66 
 664      69726D77 
 665 01c4 6F746F72 		.ascii	"otor\\fw-stone\\Stone.cydsn\000"
 665      5C66772D 
 665      73746F6E 
 665      655C5374 
 665      6F6E652E 
 666              	.LASF60:
 667 01de 4359424C 		.ascii	"CYBLE_EVT_GATTS_HANDLE_VALUE_CNF\000"
 667      455F4556 
 667      545F4741 
 667      5454535F 
 667      48414E44 
ARM GAS  C:\Users\tiantiaf\AppData\Local\Temp\ccgtdsno.s 			page 16


 668              	.LASF13:
 669 01ff 4359424C 		.ascii	"CYBLE_EVT_HOST_INVALID\000"
 669      455F4556 
 669      545F484F 
 669      53545F49 
 669      4E56414C 
 670              	.LASF68:
 671 0216 4359424C 		.ascii	"CYBLE_EVT_L2CAP_CBFC_CONN_IND\000"
 671      455F4556 
 671      545F4C32 
 671      4341505F 
 671      43424643 
 672              	.LASF71:
 673 0234 4359424C 		.ascii	"CYBLE_EVT_L2CAP_CBFC_DISCONN_CNF\000"
 673      455F4556 
 673      545F4C32 
 673      4341505F 
 673      43424643 
 674              	.LASF9:
 675 0255 666C6F61 		.ascii	"float\000"
 675      7400
 676              	.LASF49:
 677 025b 4359424C 		.ascii	"CYBLE_EVT_GATTC_READ_RSP\000"
 677      455F4556 
 677      545F4741 
 677      5454435F 
 677      52454144 
 678              	.LASF33:
 679 0274 4359424C 		.ascii	"CYBLE_EVT_GAP_NUMERIC_COMPARISON_REQUEST\000"
 679      455F4556 
 679      545F4741 
 679      505F4E55 
 679      4D455249 
 680              	.LASF38:
 681 029d 4359424C 		.ascii	"CYBLE_EVT_GAPC_DIRECT_ADV_REPORT\000"
 681      455F4556 
 681      545F4741 
 681      50435F44 
 681      49524543 
 682              	.LASF7:
 683 02be 6C6F6E67 		.ascii	"long long unsigned int\000"
 683      206C6F6E 
 683      6720756E 
 683      7369676E 
 683      65642069 
 684              	.LASF83:
 685 02d5 4359424C 		.ascii	"CYBLE_CUSTOMS_INFO_T\000"
 685      455F4355 
 685      53544F4D 
 685      535F494E 
 685      464F5F54 
 686              	.LASF4:
 687 02ea 6C6F6E67 		.ascii	"long int\000"
 687      20696E74 
 687      00
 688              	.LASF59:
 689 02f3 4359424C 		.ascii	"CYBLE_EVT_GATTC_HANDLE_VALUE_IND\000"
ARM GAS  C:\Users\tiantiaf\AppData\Local\Temp\ccgtdsno.s 			page 17


 689      455F4556 
 689      545F4741 
 689      5454435F 
 689      48414E44 
 690              	.LASF27:
 691 0314 4359424C 		.ascii	"CYBLE_EVT_GAP_DEVICE_CONNECTED\000"
 691      455F4556 
 691      545F4741 
 691      505F4445 
 691      56494345 
 692              	.LASF26:
 693 0333 4359424C 		.ascii	"CYBLE_EVT_GAPP_ADVERTISEMENT_START_STOP\000"
 693      455F4556 
 693      545F4741 
 693      50505F41 
 693      44564552 
 694              	.LASF58:
 695 035b 4359424C 		.ascii	"CYBLE_EVT_GATTC_HANDLE_VALUE_NTF\000"
 695      455F4556 
 695      545F4741 
 695      5454435F 
 695      48414E44 
 696              	.LASF18:
 697 037c 4359424C 		.ascii	"CYBLE_EVT_STACK_BUSY_STATUS\000"
 697      455F4556 
 697      545F5354 
 697      41434B5F 
 697      42555359 
 698              	.LASF23:
 699 0398 4359424C 		.ascii	"CYBLE_EVT_GAP_PASSKEY_DISPLAY_REQUEST\000"
 699      455F4556 
 699      545F4741 
 699      505F5041 
 699      53534B45 
 700              	.LASF86:
 701 03be 4359424C 		.ascii	"CYBLE_CUSTOMS_T\000"
 701      455F4355 
 701      53544F4D 
 701      535F5400 
 702              	.LASF69:
 703 03ce 4359424C 		.ascii	"CYBLE_EVT_L2CAP_CBFC_CONN_CNF\000"
 703      455F4556 
 703      545F4C32 
 703      4341505F 
 703      43424643 
 704              	.LASF37:
 705 03ec 4359424C 		.ascii	"CYBLE_EVT_GAP_ENHANCE_CONN_COMPLETE\000"
 705      455F4556 
 705      545F4741 
 705      505F454E 
 705      48414E43 
 706              	.LASF65:
 707 0410 4359424C 		.ascii	"CYBLE_EVT_L2CAP_CONN_PARAM_UPDATE_REQ\000"
 707      455F4556 
 707      545F4C32 
 707      4341505F 
 707      434F4E4E 
ARM GAS  C:\Users\tiantiaf\AppData\Local\Temp\ccgtdsno.s 			page 18


 708              	.LASF1:
 709 0436 756E7369 		.ascii	"unsigned char\000"
 709      676E6564 
 709      20636861 
 709      7200
 710              	.LASF85:
 711 0444 63757374 		.ascii	"customServInfo\000"
 711      6F6D5365 
 711      7276496E 
 711      666F00
 712              	.LASF55:
 713 0453 4359424C 		.ascii	"CYBLE_EVT_GATTS_PREP_WRITE_REQ\000"
 713      455F4556 
 713      545F4741 
 713      5454535F 
 713      50524550 
 714              	.LASF77:
 715 0472 4359424C 		.ascii	"CYBLE_EVT_LE_PING_AUTH_TIMEOUT\000"
 715      455F4556 
 715      545F4C45 
 715      5F50494E 
 715      475F4155 
 716              	.LASF47:
 717 0491 4359424C 		.ascii	"CYBLE_EVT_GATTC_FIND_INFO_RSP\000"
 717      455F4556 
 717      545F4741 
 717      5454435F 
 717      46494E44 
 718              	.LASF0:
 719 04af 7369676E 		.ascii	"signed char\000"
 719      65642063 
 719      68617200 
 720              	.LASF52:
 721 04bb 4359424C 		.ascii	"CYBLE_EVT_GATTS_WRITE_REQ\000"
 721      455F4556 
 721      545F4741 
 721      5454535F 
 721      57524954 
 722              	.LASF48:
 723 04d5 4359424C 		.ascii	"CYBLE_EVT_GATTC_FIND_BY_TYPE_VALUE_RSP\000"
 723      455F4556 
 723      545F4741 
 723      5454435F 
 723      46494E44 
 724              	.LASF24:
 725 04fc 4359424C 		.ascii	"CYBLE_EVT_GAP_AUTH_COMPLETE\000"
 725      455F4556 
 725      545F4741 
 725      505F4155 
 725      54485F43 
 726              	.LASF8:
 727 0518 756E7369 		.ascii	"unsigned int\000"
 727      676E6564 
 727      20696E74 
 727      00
 728              	.LASF41:
 729 0525 4359424C 		.ascii	"CYBLE_EVT_GATT_CONNECT_IND\000"
ARM GAS  C:\Users\tiantiaf\AppData\Local\Temp\ccgtdsno.s 			page 19


 729      455F4556 
 729      545F4741 
 729      54545F43 
 729      4F4E4E45 
 730              	.LASF5:
 731 0540 6C6F6E67 		.ascii	"long unsigned int\000"
 731      20756E73 
 731      69676E65 
 731      6420696E 
 731      7400
 732              	.LASF21:
 733 0552 4359424C 		.ascii	"CYBLE_EVT_GAP_AUTH_REQ\000"
 733      455F4556 
 733      545F4741 
 733      505F4155 
 733      54485F52 
 734              	.LASF70:
 735 0569 4359424C 		.ascii	"CYBLE_EVT_L2CAP_CBFC_DISCONN_IND\000"
 735      455F4556 
 735      545F4C32 
 735      4341505F 
 735      43424643 
 736              	.LASF29:
 737 058a 4359424C 		.ascii	"CYBLE_EVT_GAP_ENCRYPT_CHANGE\000"
 737      455F4556 
 737      545F4741 
 737      505F454E 
 737      43525950 
 738              	.LASF64:
 739 05a7 4359424C 		.ascii	"CYBLE_EVT_GATTC_LONG_PROCEDURE_END\000"
 739      455F4556 
 739      545F4741 
 739      5454435F 
 739      4C4F4E47 
 740              	.LASF32:
 741 05ca 4359424C 		.ascii	"CYBLE_EVT_GAP_KEYINFO_EXCHNGE_CMPLT\000"
 741      455F4556 
 741      545F4741 
 741      505F4B45 
 741      59494E46 
 742              	.LASF30:
 743 05ee 4359424C 		.ascii	"CYBLE_EVT_GAP_CONNECTION_UPDATE_COMPLETE\000"
 743      455F4556 
 743      545F4741 
 743      505F434F 
 743      4E4E4543 
 744              	.LASF39:
 745 0617 4359424C 		.ascii	"CYBLE_EVT_GAP_SMP_NEGOTIATED_AUTH_INFO\000"
 745      455F4556 
 745      545F4741 
 745      505F534D 
 745      505F4E45 
 746              	.LASF88:
 747 063e 2E5C4765 		.ascii	".\\Generated_Source\\PSoC4\\BLE_STONE_custom.c\000"
 747      6E657261 
 747      7465645F 
 747      536F7572 
ARM GAS  C:\Users\tiantiaf\AppData\Local\Temp\ccgtdsno.s 			page 20


 747      63655C50 
 748              	.LASF11:
 749 066a 63686172 		.ascii	"char\000"
 749      00
 750              	.LASF67:
 751 066f 4359424C 		.ascii	"CYBLE_EVT_L2CAP_COMMAND_REJ\000"
 751      455F4556 
 751      545F4C32 
 751      4341505F 
 751      434F4D4D 
 752              	.LASF3:
 753 068b 73686F72 		.ascii	"short unsigned int\000"
 753      7420756E 
 753      7369676E 
 753      65642069 
 753      6E7400
 754              	.LASF50:
 755 069e 4359424C 		.ascii	"CYBLE_EVT_GATTC_READ_BLOB_RSP\000"
 755      455F4556 
 755      545F4741 
 755      5454435F 
 755      52454144 
 756              	.LASF57:
 757 06bc 4359424C 		.ascii	"CYBLE_EVT_GATTC_EXEC_WRITE_RSP\000"
 757      455F4556 
 757      545F4741 
 757      5454435F 
 757      45584543 
 758              	.LASF31:
 759 06db 4359424C 		.ascii	"CYBLE_EVT_GAPC_SCAN_START_STOP\000"
 759      455F4556 
 759      545F4741 
 759      50435F53 
 759      43414E5F 
 760              	.LASF76:
 761 06fa 4359424C 		.ascii	"CYBLE_EVT_PENDING_FLASH_WRITE\000"
 761      455F4556 
 761      545F5045 
 761      4E44494E 
 761      475F464C 
 762              	.LASF73:
 763 0718 4359424C 		.ascii	"CYBLE_EVT_L2CAP_CBFC_RX_CREDIT_IND\000"
 763      455F4556 
 763      545F4C32 
 763      4341505F 
 763      43424643 
 764              	.LASF10:
 765 073b 646F7562 		.ascii	"double\000"
 765      6C6500
 766              	.LASF74:
 767 0742 4359424C 		.ascii	"CYBLE_EVT_L2CAP_CBFC_TX_CREDIT_IND\000"
 767      455F4556 
 767      545F4C32 
 767      4341505F 
 767      43424643 
 768              	.LASF81:
 769 0765 63757374 		.ascii	"customServCharHandle\000"
ARM GAS  C:\Users\tiantiaf\AppData\Local\Temp\ccgtdsno.s 			page 21


 769      6F6D5365 
 769      72764368 
 769      61724861 
 769      6E646C65 
 770              	.LASF16:
 771 077a 4359424C 		.ascii	"CYBLE_EVT_HARDWARE_ERROR\000"
 771      455F4556 
 771      545F4841 
 771      52445741 
 771      52455F45 
 772              	.LASF72:
 773 0793 4359424C 		.ascii	"CYBLE_EVT_L2CAP_CBFC_DATA_READ\000"
 773      455F4556 
 773      545F4C32 
 773      4341505F 
 773      43424643 
 774              	.LASF66:
 775 07b2 4359424C 		.ascii	"CYBLE_EVT_L2CAP_CONN_PARAM_UPDATE_RSP\000"
 775      455F4556 
 775      545F4C32 
 775      4341505F 
 775      434F4E4E 
 776              	.LASF20:
 777 07d8 4359424C 		.ascii	"CYBLE_EVT_GAPC_SCAN_PROGRESS_RESULT\000"
 777      455F4556 
 777      545F4741 
 777      50435F53 
 777      43414E5F 
 778              	.LASF45:
 779 07fc 4359424C 		.ascii	"CYBLE_EVT_GATTC_READ_BY_GROUP_TYPE_RSP\000"
 779      455F4556 
 779      545F4741 
 779      5454435F 
 779      52454144 
 780              	.LASF54:
 781 0823 4359424C 		.ascii	"CYBLE_EVT_GATTS_WRITE_CMD_REQ\000"
 781      455F4556 
 781      545F4741 
 781      5454535F 
 781      57524954 
 782              	.LASF46:
 783 0841 4359424C 		.ascii	"CYBLE_EVT_GATTC_READ_BY_TYPE_RSP\000"
 783      455F4556 
 783      545F4741 
 783      5454435F 
 783      52454144 
 784              	.LASF44:
 785 0862 4359424C 		.ascii	"CYBLE_EVT_GATTC_XCHNG_MTU_RSP\000"
 785      455F4556 
 785      545F4741 
 785      5454435F 
 785      5843484E 
 786              	.LASF51:
 787 0880 4359424C 		.ascii	"CYBLE_EVT_GATTC_READ_MULTI_RSP\000"
 787      455F4556 
 787      545F4741 
 787      5454435F 
ARM GAS  C:\Users\tiantiaf\AppData\Local\Temp\ccgtdsno.s 			page 22


 787      52454144 
 788              	.LASF75:
 789 089f 4359424C 		.ascii	"CYBLE_EVT_L2CAP_CBFC_DATA_WRITE_IND\000"
 789      455F4556 
 789      545F4C32 
 789      4341505F 
 789      43424643 
 790              	.LASF15:
 791 08c3 4359424C 		.ascii	"CYBLE_EVT_TIMEOUT\000"
 791      455F4556 
 791      545F5449 
 791      4D454F55 
 791      5400
 792              	.LASF78:
 793 08d5 4359424C 		.ascii	"CYBLE_EVT_MAX\000"
 793      455F4556 
 793      545F4D41 
 793      5800
 794              	.LASF63:
 795 08e3 4359424C 		.ascii	"CYBLE_EVT_GATTS_READ_CHAR_VAL_ACCESS_REQ\000"
 795      455F4556 
 795      545F4741 
 795      5454535F 
 795      52454144 
 796              	.LASF62:
 797 090c 4359424C 		.ascii	"CYBLE_EVT_GATTC_STOP_CMD_COMPLETE\000"
 797      455F4556 
 797      545F4741 
 797      5454435F 
 797      53544F50 
 798              	.LASF87:
 799 092e 474E5520 		.ascii	"GNU C 4.9.3 20150303 (release) [ARM/embedded-4_9-br"
 799      4320342E 
 799      392E3320 
 799      32303135 
 799      30333033 
 800 0961 616E6368 		.ascii	"anch revision 221220] -mcpu=cortex-m0 -mthumb -g -O"
 800      20726576 
 800      6973696F 
 800      6E203232 
 800      31323230 
 801 0994 67202D66 		.ascii	"g -ffunction-sections -ffat-lto-objects\000"
 801      66756E63 
 801      74696F6E 
 801      2D736563 
 801      74696F6E 
 802              	.LASF56:
 803 09bc 4359424C 		.ascii	"CYBLE_EVT_GATTS_EXEC_WRITE_REQ\000"
 803      455F4556 
 803      545F4741 
 803      5454535F 
 803      45584543 
 804              	.LASF80:
 805 09db 4359424C 		.ascii	"CYBLE_GATT_DB_ATTR_HANDLE_T\000"
 805      455F4741 
 805      54545F44 
 805      425F4154 
ARM GAS  C:\Users\tiantiaf\AppData\Local\Temp\ccgtdsno.s 			page 23


 805      54525F48 
 806              	.LASF91:
 807 09f7 6379426C 		.ascii	"cyBle_customs\000"
 807      655F6375 
 807      73746F6D 
 807      7300
 808              	.LASF61:
 809 0a05 4359424C 		.ascii	"CYBLE_EVT_GATTS_DATA_SIGNED_CMD_REQ\000"
 809      455F4556 
 809      545F4741 
 809      5454535F 
 809      44415441 
 810              	.LASF42:
 811 0a29 4359424C 		.ascii	"CYBLE_EVT_GATT_DISCONNECT_IND\000"
 811      455F4556 
 811      545F4741 
 811      54545F44 
 811      4953434F 
 812              	.LASF35:
 813 0a47 4359424C 		.ascii	"CYBLE_EVT_GAP_OOB_GENERATED_NOTIFICATION\000"
 813      455F4556 
 813      545F4741 
 813      505F4F4F 
 813      425F4745 
 814              		.ident	"GCC: (GNU Tools for ARM Embedded Processors) 4.9.3 20150303 (release) [ARM/embedded-4_9-br
