ARM GAS  C:\Users\tiantiaf\AppData\Local\Temp\ccjYdNfy.s 			page 1


   1              		.cpu cortex-m0
   2              		.fpu softvfp
   3              		.eabi_attribute 20, 1
   4              		.eabi_attribute 21, 1
   5              		.eabi_attribute 23, 3
   6              		.eabi_attribute 24, 1
   7              		.eabi_attribute 25, 1
   8              		.eabi_attribute 26, 1
   9              		.eabi_attribute 30, 1
  10              		.eabi_attribute 34, 0
  11              		.eabi_attribute 18, 4
  12              		.code	16
  13              		.file	"main.c"
  14              		.text
  15              	.Ltext0:
  16              		.cfi_sections	.debug_frame
  17              		.section	.text.main,"ax",%progbits
  18              		.align	2
  19              		.global	main
  20              		.code	16
  21              		.thumb_func
  22              		.type	main, %function
  23              	main:
  24              	.LFB37:
  25              		.file 1 ".\\main.c"
   1:.\main.c      **** /* ========================================
   2:.\main.c      ****  *
   3:.\main.c      ****  * Tiantian Feng, 2017
   4:.\main.c      ****  * All Rights Reserved
   5:.\main.c      ****  * UNPUBLISHED, LICENSED SOFTWARE.
   6:.\main.c      ****  *
   7:.\main.c      ****  * CONFIDENTIAL AND PROPRIETARY INFORMATION
   8:.\main.c      ****  * WHICH IS THE PROPERTY OF your company.
   9:.\main.c      ****  *
  10:.\main.c      ****  * ========================================
  11:.\main.c      **** */
  12:.\main.c      **** 
  13:.\main.c      **** #include <main.h>
  14:.\main.c      **** #include "Stone_Motor.h"
  15:.\main.c      **** #include "Stone_BLEApplications.h"
  16:.\main.c      **** #include "Stone_Init.h"
  17:.\main.c      **** #include "Stone_LED.h"
  18:.\main.c      **** 
  19:.\main.c      **** 
  20:.\main.c      **** int main()
  21:.\main.c      **** {
  26              		.loc 1 21 0
  27              		.cfi_startproc
  28 0000 08B5     		push	{r3, lr}
  29              		.cfi_def_cfa_offset 8
  30              		.cfi_offset 3, -8
  31              		.cfi_offset 14, -4
  22:.\main.c      ****     CyGlobalIntEnable; /* Enable global interrupts. */
  32              		.loc 1 22 0
  33              	@ 22 ".\main.c" 1
  34 0002 62B6     		CPSIE   i
  35              	@ 0 "" 2
ARM GAS  C:\Users\tiantiaf\AppData\Local\Temp\ccjYdNfy.s 			page 2


  23:.\main.c      **** 
  24:.\main.c      ****     /* Place your initialization/startup code here (e.g. MyInst_Start()) */
  25:.\main.c      ****     InitializeSystem();
  36              		.loc 1 25 0
  37              		.code	16
  38 0004 FFF7FEFF 		bl	InitializeSystem
  39              	.LVL0:
  40              	.L2:
  26:.\main.c      ****     
  27:.\main.c      ****     
  28:.\main.c      ****     for(;;)
  29:.\main.c      ****     {
  30:.\main.c      ****         /* Place your application code here. */
  31:.\main.c      ****         /*Process event callback to handle BLE events. The events generated and 
  32:.\main.c      **** 		* used for this application are inside the 'CustomEventHandler' routine*/
  33:.\main.c      ****         CyBle_ProcessEvents();
  41              		.loc 1 33 0
  42 0008 FFF7FEFF 		bl	CyBle_ProcessEvents
  43              	.LVL1:
  34:.\main.c      **** 		
  35:.\main.c      **** 		if(TRUE == deviceConnected)
  44              		.loc 1 35 0
  45 000c 074B     		ldr	r3, .L5
  46 000e 1B78     		ldrb	r3, [r3]
  47 0010 012B     		cmp	r3, #1
  48 0012 F9D1     		bne	.L2
  36:.\main.c      **** 		{
  37:.\main.c      ****             /*Process event callback to handle BLE events. The events generated and 
  38:.\main.c      ****     		* used for this application are inside the 'CustomEventHandler' routine*/
  39:.\main.c      ****             CyBle_ProcessEvents();
  49              		.loc 1 39 0
  50 0014 FFF7FEFF 		bl	CyBle_ProcessEvents
  51              	.LVL2:
  40:.\main.c      **** 			
  41:.\main.c      ****             
  42:.\main.c      **** 			if(TRUE == stoneMotorUpdateEnable)
  52              		.loc 1 42 0
  53 0018 054B     		ldr	r3, .L5+4
  54 001a 1B78     		ldrb	r3, [r3]
  55 001c 012B     		cmp	r3, #1
  56 001e F3D1     		bne	.L2
  43:.\main.c      **** 			{
  44:.\main.c      ****                 StoneUpdateMotor();
  57              		.loc 1 44 0
  58 0020 FFF7FEFF 		bl	StoneUpdateMotor
  59              	.LVL3:
  45:.\main.c      ****                 stoneMotorUpdateEnable = FALSE;
  60              		.loc 1 45 0
  61 0024 0022     		mov	r2, #0
  62 0026 024B     		ldr	r3, .L5+4
  63 0028 1A70     		strb	r2, [r3]
  64 002a EDE7     		b	.L2
  65              	.L6:
  66              		.align	2
  67              	.L5:
  68 002c 00000000 		.word	deviceConnected
  69 0030 00000000 		.word	stoneMotorUpdateEnable
ARM GAS  C:\Users\tiantiaf\AppData\Local\Temp\ccjYdNfy.s 			page 3


  70              		.cfi_endproc
  71              	.LFE37:
  72              		.size	main, .-main
  73              		.text
  74              	.Letext0:
  75              		.file 2 "./Stone_BLEApplications.h"
  76              		.file 3 ".\\Stone_Init.h"
  77              		.file 4 "Generated_Source\\PSoC4/BLE_STONE_Stack.h"
  78              		.file 5 ".\\Stone_Motor.h"
  79              		.file 6 "Generated_Source\\PSoC4/cytypes.h"
  80              		.section	.debug_info,"",%progbits
  81              	.Ldebug_info0:
  82 0000 FA000000 		.4byte	0xfa
  83 0004 0400     		.2byte	0x4
  84 0006 00000000 		.4byte	.Ldebug_abbrev0
  85 000a 04       		.byte	0x4
  86 000b 01       		.uleb128 0x1
  87 000c EC000000 		.4byte	.LASF18
  88 0010 01       		.byte	0x1
  89 0011 BD000000 		.4byte	.LASF19
  90 0015 7A010000 		.4byte	.LASF20
  91 0019 00000000 		.4byte	.Ldebug_ranges0+0
  92 001d 00000000 		.4byte	0
  93 0021 00000000 		.4byte	.Ldebug_line0
  94 0025 02       		.uleb128 0x2
  95 0026 01       		.byte	0x1
  96 0027 06       		.byte	0x6
  97 0028 E0000000 		.4byte	.LASF0
  98 002c 02       		.uleb128 0x2
  99 002d 01       		.byte	0x1
 100 002e 08       		.byte	0x8
 101 002f 7D000000 		.4byte	.LASF1
 102 0033 02       		.uleb128 0x2
 103 0034 02       		.byte	0x2
 104 0035 05       		.byte	0x5
 105 0036 AD010000 		.4byte	.LASF2
 106 003a 02       		.uleb128 0x2
 107 003b 02       		.byte	0x2
 108 003c 07       		.byte	0x7
 109 003d CD000000 		.4byte	.LASF3
 110 0041 02       		.uleb128 0x2
 111 0042 04       		.byte	0x4
 112 0043 05       		.byte	0x5
 113 0044 B4000000 		.4byte	.LASF4
 114 0048 02       		.uleb128 0x2
 115 0049 04       		.byte	0x4
 116 004a 07       		.byte	0x7
 117 004b 21000000 		.4byte	.LASF5
 118 004f 02       		.uleb128 0x2
 119 0050 08       		.byte	0x8
 120 0051 05       		.byte	0x5
 121 0052 00000000 		.4byte	.LASF6
 122 0056 02       		.uleb128 0x2
 123 0057 08       		.byte	0x8
 124 0058 07       		.byte	0x7
 125 0059 33000000 		.4byte	.LASF7
 126 005d 03       		.uleb128 0x3
ARM GAS  C:\Users\tiantiaf\AppData\Local\Temp\ccjYdNfy.s 			page 4


 127 005e 04       		.byte	0x4
 128 005f 05       		.byte	0x5
 129 0060 696E7400 		.ascii	"int\000"
 130 0064 02       		.uleb128 0x2
 131 0065 04       		.byte	0x4
 132 0066 07       		.byte	0x7
 133 0067 0E000000 		.4byte	.LASF8
 134 006b 04       		.uleb128 0x4
 135 006c 1B000000 		.4byte	.LASF21
 136 0070 06       		.byte	0x6
 137 0071 9801     		.2byte	0x198
 138 0073 2C000000 		.4byte	0x2c
 139 0077 02       		.uleb128 0x2
 140 0078 04       		.byte	0x4
 141 0079 04       		.byte	0x4
 142 007a 5B000000 		.4byte	.LASF9
 143 007e 02       		.uleb128 0x2
 144 007f 08       		.byte	0x8
 145 0080 04       		.byte	0x4
 146 0081 C6000000 		.4byte	.LASF10
 147 0085 02       		.uleb128 0x2
 148 0086 01       		.byte	0x1
 149 0087 08       		.byte	0x8
 150 0088 78000000 		.4byte	.LASF11
 151 008c 02       		.uleb128 0x2
 152 008d 04       		.byte	0x4
 153 008e 07       		.byte	0x7
 154 008f C8010000 		.4byte	.LASF12
 155 0093 05       		.uleb128 0x5
 156 0094 9F000000 		.4byte	.LASF22
 157 0098 01       		.byte	0x1
 158 0099 14       		.byte	0x14
 159 009a 5D000000 		.4byte	0x5d
 160 009e 00000000 		.4byte	.LFB37
 161 00a2 34000000 		.4byte	.LFE37-.LFB37
 162 00a6 01       		.uleb128 0x1
 163 00a7 9C       		.byte	0x9c
 164 00a8 D1000000 		.4byte	0xd1
 165 00ac 06       		.uleb128 0x6
 166 00ad 08000000 		.4byte	.LVL0
 167 00b1 E7000000 		.4byte	0xe7
 168 00b5 06       		.uleb128 0x6
 169 00b6 0C000000 		.4byte	.LVL1
 170 00ba EE000000 		.4byte	0xee
 171 00be 06       		.uleb128 0x6
 172 00bf 18000000 		.4byte	.LVL2
 173 00c3 EE000000 		.4byte	0xee
 174 00c7 06       		.uleb128 0x6
 175 00c8 24000000 		.4byte	.LVL3
 176 00cc F6000000 		.4byte	0xf6
 177 00d0 00       		.byte	0
 178 00d1 07       		.uleb128 0x7
 179 00d2 A4000000 		.4byte	.LASF13
 180 00d6 02       		.byte	0x2
 181 00d7 42       		.byte	0x42
 182 00d8 6B000000 		.4byte	0x6b
 183 00dc 07       		.uleb128 0x7
ARM GAS  C:\Users\tiantiaf\AppData\Local\Temp\ccjYdNfy.s 			page 5


 184 00dd 61000000 		.4byte	.LASF14
 185 00e1 02       		.byte	0x2
 186 00e2 44       		.byte	0x44
 187 00e3 6B000000 		.4byte	0x6b
 188 00e7 08       		.uleb128 0x8
 189 00e8 4A000000 		.4byte	.LASF15
 190 00ec 03       		.byte	0x3
 191 00ed 12       		.byte	0x12
 192 00ee 09       		.uleb128 0x9
 193 00ef 8B000000 		.4byte	.LASF16
 194 00f3 04       		.byte	0x4
 195 00f4 4C06     		.2byte	0x64c
 196 00f6 08       		.uleb128 0x8
 197 00f7 B7010000 		.4byte	.LASF17
 198 00fb 05       		.byte	0x5
 199 00fc 1C       		.byte	0x1c
 200 00fd 00       		.byte	0
 201              		.section	.debug_abbrev,"",%progbits
 202              	.Ldebug_abbrev0:
 203 0000 01       		.uleb128 0x1
 204 0001 11       		.uleb128 0x11
 205 0002 01       		.byte	0x1
 206 0003 25       		.uleb128 0x25
 207 0004 0E       		.uleb128 0xe
 208 0005 13       		.uleb128 0x13
 209 0006 0B       		.uleb128 0xb
 210 0007 03       		.uleb128 0x3
 211 0008 0E       		.uleb128 0xe
 212 0009 1B       		.uleb128 0x1b
 213 000a 0E       		.uleb128 0xe
 214 000b 55       		.uleb128 0x55
 215 000c 17       		.uleb128 0x17
 216 000d 11       		.uleb128 0x11
 217 000e 01       		.uleb128 0x1
 218 000f 10       		.uleb128 0x10
 219 0010 17       		.uleb128 0x17
 220 0011 00       		.byte	0
 221 0012 00       		.byte	0
 222 0013 02       		.uleb128 0x2
 223 0014 24       		.uleb128 0x24
 224 0015 00       		.byte	0
 225 0016 0B       		.uleb128 0xb
 226 0017 0B       		.uleb128 0xb
 227 0018 3E       		.uleb128 0x3e
 228 0019 0B       		.uleb128 0xb
 229 001a 03       		.uleb128 0x3
 230 001b 0E       		.uleb128 0xe
 231 001c 00       		.byte	0
 232 001d 00       		.byte	0
 233 001e 03       		.uleb128 0x3
 234 001f 24       		.uleb128 0x24
 235 0020 00       		.byte	0
 236 0021 0B       		.uleb128 0xb
 237 0022 0B       		.uleb128 0xb
 238 0023 3E       		.uleb128 0x3e
 239 0024 0B       		.uleb128 0xb
 240 0025 03       		.uleb128 0x3
ARM GAS  C:\Users\tiantiaf\AppData\Local\Temp\ccjYdNfy.s 			page 6


 241 0026 08       		.uleb128 0x8
 242 0027 00       		.byte	0
 243 0028 00       		.byte	0
 244 0029 04       		.uleb128 0x4
 245 002a 16       		.uleb128 0x16
 246 002b 00       		.byte	0
 247 002c 03       		.uleb128 0x3
 248 002d 0E       		.uleb128 0xe
 249 002e 3A       		.uleb128 0x3a
 250 002f 0B       		.uleb128 0xb
 251 0030 3B       		.uleb128 0x3b
 252 0031 05       		.uleb128 0x5
 253 0032 49       		.uleb128 0x49
 254 0033 13       		.uleb128 0x13
 255 0034 00       		.byte	0
 256 0035 00       		.byte	0
 257 0036 05       		.uleb128 0x5
 258 0037 2E       		.uleb128 0x2e
 259 0038 01       		.byte	0x1
 260 0039 3F       		.uleb128 0x3f
 261 003a 19       		.uleb128 0x19
 262 003b 03       		.uleb128 0x3
 263 003c 0E       		.uleb128 0xe
 264 003d 3A       		.uleb128 0x3a
 265 003e 0B       		.uleb128 0xb
 266 003f 3B       		.uleb128 0x3b
 267 0040 0B       		.uleb128 0xb
 268 0041 49       		.uleb128 0x49
 269 0042 13       		.uleb128 0x13
 270 0043 11       		.uleb128 0x11
 271 0044 01       		.uleb128 0x1
 272 0045 12       		.uleb128 0x12
 273 0046 06       		.uleb128 0x6
 274 0047 40       		.uleb128 0x40
 275 0048 18       		.uleb128 0x18
 276 0049 9742     		.uleb128 0x2117
 277 004b 19       		.uleb128 0x19
 278 004c 01       		.uleb128 0x1
 279 004d 13       		.uleb128 0x13
 280 004e 00       		.byte	0
 281 004f 00       		.byte	0
 282 0050 06       		.uleb128 0x6
 283 0051 898201   		.uleb128 0x4109
 284 0054 00       		.byte	0
 285 0055 11       		.uleb128 0x11
 286 0056 01       		.uleb128 0x1
 287 0057 31       		.uleb128 0x31
 288 0058 13       		.uleb128 0x13
 289 0059 00       		.byte	0
 290 005a 00       		.byte	0
 291 005b 07       		.uleb128 0x7
 292 005c 34       		.uleb128 0x34
 293 005d 00       		.byte	0
 294 005e 03       		.uleb128 0x3
 295 005f 0E       		.uleb128 0xe
 296 0060 3A       		.uleb128 0x3a
 297 0061 0B       		.uleb128 0xb
ARM GAS  C:\Users\tiantiaf\AppData\Local\Temp\ccjYdNfy.s 			page 7


 298 0062 3B       		.uleb128 0x3b
 299 0063 0B       		.uleb128 0xb
 300 0064 49       		.uleb128 0x49
 301 0065 13       		.uleb128 0x13
 302 0066 3F       		.uleb128 0x3f
 303 0067 19       		.uleb128 0x19
 304 0068 3C       		.uleb128 0x3c
 305 0069 19       		.uleb128 0x19
 306 006a 00       		.byte	0
 307 006b 00       		.byte	0
 308 006c 08       		.uleb128 0x8
 309 006d 2E       		.uleb128 0x2e
 310 006e 00       		.byte	0
 311 006f 3F       		.uleb128 0x3f
 312 0070 19       		.uleb128 0x19
 313 0071 03       		.uleb128 0x3
 314 0072 0E       		.uleb128 0xe
 315 0073 3A       		.uleb128 0x3a
 316 0074 0B       		.uleb128 0xb
 317 0075 3B       		.uleb128 0x3b
 318 0076 0B       		.uleb128 0xb
 319 0077 27       		.uleb128 0x27
 320 0078 19       		.uleb128 0x19
 321 0079 3C       		.uleb128 0x3c
 322 007a 19       		.uleb128 0x19
 323 007b 00       		.byte	0
 324 007c 00       		.byte	0
 325 007d 09       		.uleb128 0x9
 326 007e 2E       		.uleb128 0x2e
 327 007f 00       		.byte	0
 328 0080 3F       		.uleb128 0x3f
 329 0081 19       		.uleb128 0x19
 330 0082 03       		.uleb128 0x3
 331 0083 0E       		.uleb128 0xe
 332 0084 3A       		.uleb128 0x3a
 333 0085 0B       		.uleb128 0xb
 334 0086 3B       		.uleb128 0x3b
 335 0087 05       		.uleb128 0x5
 336 0088 27       		.uleb128 0x27
 337 0089 19       		.uleb128 0x19
 338 008a 3C       		.uleb128 0x3c
 339 008b 19       		.uleb128 0x19
 340 008c 00       		.byte	0
 341 008d 00       		.byte	0
 342 008e 00       		.byte	0
 343              		.section	.debug_aranges,"",%progbits
 344 0000 1C000000 		.4byte	0x1c
 345 0004 0200     		.2byte	0x2
 346 0006 00000000 		.4byte	.Ldebug_info0
 347 000a 04       		.byte	0x4
 348 000b 00       		.byte	0
 349 000c 0000     		.2byte	0
 350 000e 0000     		.2byte	0
 351 0010 00000000 		.4byte	.LFB37
 352 0014 34000000 		.4byte	.LFE37-.LFB37
 353 0018 00000000 		.4byte	0
 354 001c 00000000 		.4byte	0
ARM GAS  C:\Users\tiantiaf\AppData\Local\Temp\ccjYdNfy.s 			page 8


 355              		.section	.debug_ranges,"",%progbits
 356              	.Ldebug_ranges0:
 357 0000 00000000 		.4byte	.LFB37
 358 0004 34000000 		.4byte	.LFE37
 359 0008 00000000 		.4byte	0
 360 000c 00000000 		.4byte	0
 361              		.section	.debug_line,"",%progbits
 362              	.Ldebug_line0:
 363 0000 B7000000 		.section	.debug_str,"MS",%progbits,1
 363      02009A00 
 363      00000201 
 363      FB0E0D00 
 363      01010101 
 364              	.LASF6:
 365 0000 6C6F6E67 		.ascii	"long long int\000"
 365      206C6F6E 
 365      6720696E 
 365      7400
 366              	.LASF8:
 367 000e 756E7369 		.ascii	"unsigned int\000"
 367      676E6564 
 367      20696E74 
 367      00
 368              	.LASF21:
 369 001b 75696E74 		.ascii	"uint8\000"
 369      3800
 370              	.LASF5:
 371 0021 6C6F6E67 		.ascii	"long unsigned int\000"
 371      20756E73 
 371      69676E65 
 371      6420696E 
 371      7400
 372              	.LASF7:
 373 0033 6C6F6E67 		.ascii	"long long unsigned int\000"
 373      206C6F6E 
 373      6720756E 
 373      7369676E 
 373      65642069 
 374              	.LASF15:
 375 004a 496E6974 		.ascii	"InitializeSystem\000"
 375      69616C69 
 375      7A655379 
 375      7374656D 
 375      00
 376              	.LASF9:
 377 005b 666C6F61 		.ascii	"float\000"
 377      7400
 378              	.LASF14:
 379 0061 73746F6E 		.ascii	"stoneMotorUpdateEnable\000"
 379      654D6F74 
 379      6F725570 
 379      64617465 
 379      456E6162 
 380              	.LASF11:
 381 0078 63686172 		.ascii	"char\000"
 381      00
 382              	.LASF1:
ARM GAS  C:\Users\tiantiaf\AppData\Local\Temp\ccjYdNfy.s 			page 9


 383 007d 756E7369 		.ascii	"unsigned char\000"
 383      676E6564 
 383      20636861 
 383      7200
 384              	.LASF16:
 385 008b 4379426C 		.ascii	"CyBle_ProcessEvents\000"
 385      655F5072 
 385      6F636573 
 385      73457665 
 385      6E747300 
 386              	.LASF22:
 387 009f 6D61696E 		.ascii	"main\000"
 387      00
 388              	.LASF13:
 389 00a4 64657669 		.ascii	"deviceConnected\000"
 389      6365436F 
 389      6E6E6563 
 389      74656400 
 390              	.LASF4:
 391 00b4 6C6F6E67 		.ascii	"long int\000"
 391      20696E74 
 391      00
 392              	.LASF19:
 393 00bd 2E5C6D61 		.ascii	".\\main.c\000"
 393      696E2E63 
 393      00
 394              	.LASF10:
 395 00c6 646F7562 		.ascii	"double\000"
 395      6C6500
 396              	.LASF3:
 397 00cd 73686F72 		.ascii	"short unsigned int\000"
 397      7420756E 
 397      7369676E 
 397      65642069 
 397      6E7400
 398              	.LASF0:
 399 00e0 7369676E 		.ascii	"signed char\000"
 399      65642063 
 399      68617200 
 400              	.LASF18:
 401 00ec 474E5520 		.ascii	"GNU C 4.9.3 20150303 (release) [ARM/embedded-4_9-br"
 401      4320342E 
 401      392E3320 
 401      32303135 
 401      30333033 
 402 011f 616E6368 		.ascii	"anch revision 221220] -mcpu=cortex-m0 -mthumb -g -O"
 402      20726576 
 402      6973696F 
 402      6E203232 
 402      31323230 
 403 0152 67202D66 		.ascii	"g -ffunction-sections -ffat-lto-objects\000"
 403      66756E63 
 403      74696F6E 
 403      2D736563 
 403      74696F6E 
 404              	.LASF20:
 405 017a 453A5C53 		.ascii	"E:\\Stone_Project\\fw-BLE-Motor\\fw-stone\\Stone.cy"
ARM GAS  C:\Users\tiantiaf\AppData\Local\Temp\ccjYdNfy.s 			page 10


 405      746F6E65 
 405      5F50726F 
 405      6A656374 
 405      5C66772D 
 406 01a9 64736E00 		.ascii	"dsn\000"
 407              	.LASF2:
 408 01ad 73686F72 		.ascii	"short int\000"
 408      7420696E 
 408      7400
 409              	.LASF17:
 410 01b7 53746F6E 		.ascii	"StoneUpdateMotor\000"
 410      65557064 
 410      6174654D 
 410      6F746F72 
 410      00
 411              	.LASF12:
 412 01c8 73697A65 		.ascii	"sizetype\000"
 412      74797065 
 412      00
 413              		.ident	"GCC: (GNU Tools for ARM Embedded Processors) 4.9.3 20150303 (release) [ARM/embedded-4_9-br
