ARM GAS  C:\Users\tiantiaf\AppData\Local\Temp\ccxjj19d.s 			page 1


   1              		.cpu cortex-m0
   2              		.fpu softvfp
   3              		.eabi_attribute 20, 1
   4              		.eabi_attribute 21, 1
   5              		.eabi_attribute 23, 3
   6              		.eabi_attribute 24, 1
   7              		.eabi_attribute 25, 1
   8              		.eabi_attribute 26, 1
   9              		.eabi_attribute 30, 1
  10              		.eabi_attribute 34, 0
  11              		.eabi_attribute 18, 4
  12              		.code	16
  13              		.file	"Stone_LED.c"
  14              		.text
  15              	.Ltext0:
  16              		.cfi_sections	.debug_frame
  17              		.section	.text.UpdateLED,"ax",%progbits
  18              		.align	2
  19              		.global	UpdateLED
  20              		.code	16
  21              		.thumb_func
  22              		.type	UpdateLED, %function
  23              	UpdateLED:
  24              	.LFB37:
  25              		.file 1 ".\\Stone_LED.c"
   1:.\Stone_LED.c **** /* ========================================
   2:.\Stone_LED.c ****  *
   3:.\Stone_LED.c ****  * Tiantian Feng, 2017
   4:.\Stone_LED.c ****  * All Rights Reserved
   5:.\Stone_LED.c ****  * UNPUBLISHED, LICENSED SOFTWARE.
   6:.\Stone_LED.c ****  *
   7:.\Stone_LED.c ****  * CONFIDENTIAL AND PROPRIETARY INFORMATION
   8:.\Stone_LED.c ****  * WHICH IS THE PROPERTY OF your company.
   9:.\Stone_LED.c ****  *
  10:.\Stone_LED.c ****  * ========================================
  11:.\Stone_LED.c **** */
  12:.\Stone_LED.c **** 
  13:.\Stone_LED.c **** #include <main.h> 
  14:.\Stone_LED.c **** #include "Stone_LED.h"
  15:.\Stone_LED.c **** 
  16:.\Stone_LED.c **** uint8 LED_Mode[LED_MODE_LENGTH];
  17:.\Stone_LED.c **** 
  18:.\Stone_LED.c **** void UpdateLED(void)
  19:.\Stone_LED.c **** {
  26              		.loc 1 19 0
  27              		.cfi_startproc
  28 0000 08B5     		push	{r3, lr}
  29              		.cfi_def_cfa_offset 8
  30              		.cfi_offset 3, -8
  31              		.cfi_offset 14, -4
  20:.\Stone_LED.c ****     
  21:.\Stone_LED.c ****     if (LED_Mode[MODE0] == 0x01)
  32              		.loc 1 21 0
  33 0002 064B     		ldr	r3, .L4
  34 0004 1B78     		ldrb	r3, [r3]
  35 0006 012B     		cmp	r3, #1
  36 0008 03D1     		bne	.L2
ARM GAS  C:\Users\tiantiaf\AppData\Local\Temp\ccxjj19d.s 			page 2


  22:.\Stone_LED.c ****     {
  23:.\Stone_LED.c ****         LED_Write(0);
  37              		.loc 1 23 0
  38 000a 0020     		mov	r0, #0
  39 000c FFF7FEFF 		bl	LED_Write
  40              	.LVL0:
  41 0010 02E0     		b	.L1
  42              	.L2:
  24:.\Stone_LED.c ****         
  25:.\Stone_LED.c ****     } else {
  26:.\Stone_LED.c ****         LED_Write(1);
  43              		.loc 1 26 0
  44 0012 0120     		mov	r0, #1
  45 0014 FFF7FEFF 		bl	LED_Write
  46              	.LVL1:
  47              	.L1:
  27:.\Stone_LED.c ****     }
  28:.\Stone_LED.c ****                 
  29:.\Stone_LED.c **** }
  48              		.loc 1 29 0
  49              		@ sp needed
  50 0018 08BD     		pop	{r3, pc}
  51              	.L5:
  52 001a C046     		.align	2
  53              	.L4:
  54 001c 00000000 		.word	LED_Mode
  55              		.cfi_endproc
  56              	.LFE37:
  57              		.size	UpdateLED, .-UpdateLED
  58              		.comm	LED_Mode,4,4
  59              		.text
  60              	.Letext0:
  61              		.file 2 "Generated_Source\\PSoC4/cytypes.h"
  62              		.file 3 "Generated_Source\\PSoC4/BLE_STONE_Stack.h"
  63              		.file 4 "Generated_Source\\PSoC4/LED.h"
  64              		.section	.debug_info,"",%progbits
  65              	.Ldebug_info0:
  66 0000 B3020000 		.4byte	0x2b3
  67 0004 0400     		.2byte	0x4
  68 0006 00000000 		.4byte	.Ldebug_abbrev0
  69 000a 04       		.byte	0x4
  70 000b 01       		.uleb128 0x1
  71 000c 6B030000 		.4byte	.LASF79
  72 0010 01       		.byte	0x1
  73 0011 5D030000 		.4byte	.LASF80
  74 0015 D1080000 		.4byte	.LASF81
  75 0019 00000000 		.4byte	.Ldebug_ranges0+0
  76 001d 00000000 		.4byte	0
  77 0021 00000000 		.4byte	.Ldebug_line0
  78 0025 02       		.uleb128 0x2
  79 0026 01       		.byte	0x1
  80 0027 06       		.byte	0x6
  81 0028 D1040000 		.4byte	.LASF0
  82 002c 02       		.uleb128 0x2
  83 002d 01       		.byte	0x1
  84 002e 08       		.byte	0x8
  85 002f 67040000 		.4byte	.LASF1
ARM GAS  C:\Users\tiantiaf\AppData\Local\Temp\ccxjj19d.s 			page 3


  86 0033 02       		.uleb128 0x2
  87 0034 02       		.byte	0x2
  88 0035 05       		.byte	0x5
  89 0036 A9000000 		.4byte	.LASF2
  90 003a 02       		.uleb128 0x2
  91 003b 02       		.byte	0x2
  92 003c 07       		.byte	0x7
  93 003d EC050000 		.4byte	.LASF3
  94 0041 02       		.uleb128 0x2
  95 0042 04       		.byte	0x4
  96 0043 05       		.byte	0x5
  97 0044 AF020000 		.4byte	.LASF4
  98 0048 02       		.uleb128 0x2
  99 0049 04       		.byte	0x4
 100 004a 07       		.byte	0x7
 101 004b 62050000 		.4byte	.LASF5
 102 004f 02       		.uleb128 0x2
 103 0050 08       		.byte	0x8
 104 0051 05       		.byte	0x5
 105 0052 F7000000 		.4byte	.LASF6
 106 0056 02       		.uleb128 0x2
 107 0057 08       		.byte	0x8
 108 0058 07       		.byte	0x7
 109 0059 98020000 		.4byte	.LASF7
 110 005d 03       		.uleb128 0x3
 111 005e 04       		.byte	0x4
 112 005f 05       		.byte	0x5
 113 0060 696E7400 		.ascii	"int\000"
 114 0064 02       		.uleb128 0x2
 115 0065 04       		.byte	0x4
 116 0066 07       		.byte	0x7
 117 0067 3A050000 		.4byte	.LASF8
 118 006b 04       		.uleb128 0x4
 119 006c 3B040000 		.4byte	.LASF82
 120 0070 02       		.byte	0x2
 121 0071 9801     		.2byte	0x198
 122 0073 2C000000 		.4byte	0x2c
 123 0077 02       		.uleb128 0x2
 124 0078 04       		.byte	0x4
 125 0079 04       		.byte	0x4
 126 007a 2F020000 		.4byte	.LASF9
 127 007e 02       		.uleb128 0x2
 128 007f 08       		.byte	0x8
 129 0080 04       		.byte	0x4
 130 0081 33070000 		.4byte	.LASF10
 131 0085 02       		.uleb128 0x2
 132 0086 01       		.byte	0x1
 133 0087 08       		.byte	0x8
 134 0088 4F060000 		.4byte	.LASF11
 135 008c 02       		.uleb128 0x2
 136 008d 04       		.byte	0x4
 137 008e 07       		.byte	0x7
 138 008f CD000000 		.4byte	.LASF12
 139 0093 05       		.uleb128 0x5
 140 0094 01       		.byte	0x1
 141 0095 03       		.byte	0x3
 142 0096 4201     		.2byte	0x142
ARM GAS  C:\Users\tiantiaf\AppData\Local\Temp\ccxjj19d.s 			page 4


 143 0098 50020000 		.4byte	0x250
 144 009c 06       		.uleb128 0x6
 145 009d D0010000 		.4byte	.LASF13
 146 00a1 00       		.sleb128 0
 147 00a2 06       		.uleb128 0x6
 148 00a3 3B010000 		.4byte	.LASF14
 149 00a7 01       		.sleb128 1
 150 00a8 06       		.uleb128 0x6
 151 00a9 66080000 		.4byte	.LASF15
 152 00ad 02       		.sleb128 2
 153 00ae 06       		.uleb128 0x6
 154 00af 5D070000 		.4byte	.LASF16
 155 00b3 03       		.sleb128 3
 156 00b4 06       		.uleb128 0x6
 157 00b5 05010000 		.4byte	.LASF17
 158 00b9 04       		.sleb128 4
 159 00ba 06       		.uleb128 0x6
 160 00bb 41030000 		.4byte	.LASF18
 161 00bf 05       		.sleb128 5
 162 00c0 06       		.uleb128 0x6
 163 00c1 48000000 		.4byte	.LASF19
 164 00c5 06       		.sleb128 6
 165 00c6 06       		.uleb128 0x6
 166 00c7 BB070000 		.4byte	.LASF20
 167 00cb 20       		.sleb128 32
 168 00cc 06       		.uleb128 0x6
 169 00cd 74050000 		.4byte	.LASF21
 170 00d1 21       		.sleb128 33
 171 00d2 06       		.uleb128 0x6
 172 00d3 0A000000 		.4byte	.LASF22
 173 00d7 22       		.sleb128 34
 174 00d8 06       		.uleb128 0x6
 175 00d9 70060000 		.4byte	.LASF23
 176 00dd 23       		.sleb128 35
 177 00de 06       		.uleb128 0x6
 178 00df 1E050000 		.4byte	.LASF24
 179 00e3 24       		.sleb128 36
 180 00e4 06       		.uleb128 0x6
 181 00e5 B3000000 		.4byte	.LASF25
 182 00e9 25       		.sleb128 37
 183 00ea 06       		.uleb128 0x6
 184 00eb F8020000 		.4byte	.LASF26
 185 00ef 26       		.sleb128 38
 186 00f0 06       		.uleb128 0x6
 187 00f1 D9020000 		.4byte	.LASF27
 188 00f5 27       		.sleb128 39
 189 00f6 06       		.uleb128 0x6
 190 00f7 23090000 		.4byte	.LASF28
 191 00fb 28       		.sleb128 40
 192 00fc 06       		.uleb128 0x6
 193 00fd AC050000 		.4byte	.LASF29
 194 0101 29       		.sleb128 41
 195 0102 06       		.uleb128 0x6
 196 0103 FF050000 		.4byte	.LASF30
 197 0107 2A       		.sleb128 42
 198 0108 06       		.uleb128 0x6
 199 0109 D3060000 		.4byte	.LASF31
ARM GAS  C:\Users\tiantiaf\AppData\Local\Temp\ccxjj19d.s 			page 5


 200 010d 2B       		.sleb128 43
 201 010e 06       		.uleb128 0x6
 202 010f 6C010000 		.4byte	.LASF32
 203 0113 2C       		.sleb128 44
 204 0114 06       		.uleb128 0x6
 205 0115 4E020000 		.4byte	.LASF33
 206 0119 2D       		.sleb128 45
 207 011a 06       		.uleb128 0x6
 208 011b 85000000 		.4byte	.LASF34
 209 011f 2E       		.sleb128 46
 210 0120 06       		.uleb128 0x6
 211 0121 87090000 		.4byte	.LASF35
 212 0125 2F       		.sleb128 47
 213 0126 06       		.uleb128 0x6
 214 0127 D6000000 		.4byte	.LASF36
 215 012b 30       		.sleb128 48
 216 012c 06       		.uleb128 0x6
 217 012d 17040000 		.4byte	.LASF37
 218 0131 31       		.sleb128 49
 219 0132 06       		.uleb128 0x6
 220 0133 77020000 		.4byte	.LASF38
 221 0137 32       		.sleb128 50
 222 0138 06       		.uleb128 0x6
 223 0139 28060000 		.4byte	.LASF39
 224 013d 33       		.sleb128 51
 225 013e 06       		.uleb128 0x6
 226 013f 61000000 		.4byte	.LASF40
 227 0143 C000     		.sleb128 64
 228 0145 06       		.uleb128 0x6
 229 0146 47050000 		.4byte	.LASF41
 230 014a C100     		.sleb128 65
 231 014c 06       		.uleb128 0x6
 232 014d 69090000 		.4byte	.LASF42
 233 0151 C200     		.sleb128 66
 234 0153 06       		.uleb128 0x6
 235 0154 4E010000 		.4byte	.LASF43
 236 0158 C300     		.sleb128 67
 237 015a 06       		.uleb128 0x6
 238 015b 24080000 		.4byte	.LASF44
 239 015f C400     		.sleb128 68
 240 0161 06       		.uleb128 0x6
 241 0162 DF070000 		.4byte	.LASF45
 242 0166 C500     		.sleb128 69
 243 0168 06       		.uleb128 0x6
 244 0169 1A010000 		.4byte	.LASF46
 245 016d C600     		.sleb128 70
 246 016f 06       		.uleb128 0x6
 247 0170 B3040000 		.4byte	.LASF47
 248 0174 C700     		.sleb128 71
 249 0176 06       		.uleb128 0x6
 250 0177 F7040000 		.4byte	.LASF48
 251 017b C800     		.sleb128 72
 252 017d 06       		.uleb128 0x6
 253 017e 35020000 		.4byte	.LASF49
 254 0182 C900     		.sleb128 73
 255 0184 06       		.uleb128 0x6
 256 0185 96060000 		.4byte	.LASF50
ARM GAS  C:\Users\tiantiaf\AppData\Local\Temp\ccxjj19d.s 			page 6


 257 0189 CA00     		.sleb128 74
 258 018b 06       		.uleb128 0x6
 259 018c 90010000 		.4byte	.LASF51
 260 0190 CB00     		.sleb128 75
 261 0192 06       		.uleb128 0x6
 262 0193 DD040000 		.4byte	.LASF52
 263 0197 CC00     		.sleb128 76
 264 0199 06       		.uleb128 0x6
 265 019a 2E000000 		.4byte	.LASF53
 266 019e CD00     		.sleb128 77
 267 01a0 06       		.uleb128 0x6
 268 01a1 06080000 		.4byte	.LASF54
 269 01a5 CE00     		.sleb128 78
 270 01a7 06       		.uleb128 0x6
 271 01a8 75040000 		.4byte	.LASF55
 272 01ac CF00     		.sleb128 79
 273 01ae 06       		.uleb128 0x6
 274 01af 04090000 		.4byte	.LASF56
 275 01b3 D000     		.sleb128 80
 276 01b5 06       		.uleb128 0x6
 277 01b6 B4060000 		.4byte	.LASF57
 278 01ba D100     		.sleb128 81
 279 01bc 06       		.uleb128 0x6
 280 01bd 20030000 		.4byte	.LASF58
 281 01c1 D200     		.sleb128 82
 282 01c3 06       		.uleb128 0x6
 283 01c4 B8020000 		.4byte	.LASF59
 284 01c8 D300     		.sleb128 83
 285 01ca 06       		.uleb128 0x6
 286 01cb AF010000 		.4byte	.LASF60
 287 01cf D400     		.sleb128 84
 288 01d1 06       		.uleb128 0x6
 289 01d2 45090000 		.4byte	.LASF61
 290 01d6 D500     		.sleb128 85
 291 01d8 06       		.uleb128 0x6
 292 01d9 AF080000 		.4byte	.LASF62
 293 01dd D600     		.sleb128 86
 294 01df 06       		.uleb128 0x6
 295 01e0 86080000 		.4byte	.LASF63
 296 01e4 D700     		.sleb128 87
 297 01e6 06       		.uleb128 0x6
 298 01e7 C9050000 		.4byte	.LASF64
 299 01eb D800     		.sleb128 88
 300 01ed 06       		.uleb128 0x6
 301 01ee 41040000 		.4byte	.LASF65
 302 01f2 F000     		.sleb128 112
 303 01f4 06       		.uleb128 0x6
 304 01f5 95070000 		.4byte	.LASF66
 305 01f9 F100     		.sleb128 113
 306 01fb 06       		.uleb128 0x6
 307 01fc 54060000 		.4byte	.LASF67
 308 0200 F200     		.sleb128 114
 309 0202 06       		.uleb128 0x6
 310 0203 E7010000 		.4byte	.LASF68
 311 0207 F300     		.sleb128 115
 312 0209 06       		.uleb128 0x6
 313 020a F9030000 		.4byte	.LASF69
ARM GAS  C:\Users\tiantiaf\AppData\Local\Temp\ccxjj19d.s 			page 7


 314 020e F400     		.sleb128 116
 315 0210 06       		.uleb128 0x6
 316 0211 8B050000 		.4byte	.LASF70
 317 0215 F500     		.sleb128 117
 318 0217 06       		.uleb128 0x6
 319 0218 05020000 		.4byte	.LASF71
 320 021c F600     		.sleb128 118
 321 021e 06       		.uleb128 0x6
 322 021f 76070000 		.4byte	.LASF72
 323 0223 F700     		.sleb128 119
 324 0225 06       		.uleb128 0x6
 325 0226 10070000 		.4byte	.LASF73
 326 022a F800     		.sleb128 120
 327 022c 06       		.uleb128 0x6
 328 022d 3A070000 		.4byte	.LASF74
 329 0231 F900     		.sleb128 121
 330 0233 06       		.uleb128 0x6
 331 0234 42080000 		.4byte	.LASF75
 332 0238 FA00     		.sleb128 122
 333 023a 06       		.uleb128 0x6
 334 023b F2060000 		.4byte	.LASF76
 335 023f FA01     		.sleb128 250
 336 0241 06       		.uleb128 0x6
 337 0242 94040000 		.4byte	.LASF77
 338 0246 FB01     		.sleb128 251
 339 0248 06       		.uleb128 0x6
 340 0249 78080000 		.4byte	.LASF78
 341 024d FF01     		.sleb128 255
 342 024f 00       		.byte	0
 343 0250 07       		.uleb128 0x7
 344 0251 00000000 		.4byte	.LASF83
 345 0255 01       		.byte	0x1
 346 0256 12       		.byte	0x12
 347 0257 00000000 		.4byte	.LFB37
 348 025b 20000000 		.4byte	.LFE37-.LFB37
 349 025f 01       		.uleb128 0x1
 350 0260 9C       		.byte	0x9c
 351 0261 88020000 		.4byte	0x288
 352 0265 08       		.uleb128 0x8
 353 0266 10000000 		.4byte	.LVL0
 354 026a A9020000 		.4byte	0x2a9
 355 026e 78020000 		.4byte	0x278
 356 0272 09       		.uleb128 0x9
 357 0273 01       		.uleb128 0x1
 358 0274 50       		.byte	0x50
 359 0275 01       		.uleb128 0x1
 360 0276 30       		.byte	0x30
 361 0277 00       		.byte	0
 362 0278 0A       		.uleb128 0xa
 363 0279 18000000 		.4byte	.LVL1
 364 027d A9020000 		.4byte	0x2a9
 365 0281 09       		.uleb128 0x9
 366 0282 01       		.uleb128 0x1
 367 0283 50       		.byte	0x50
 368 0284 01       		.uleb128 0x1
 369 0285 31       		.byte	0x31
 370 0286 00       		.byte	0
ARM GAS  C:\Users\tiantiaf\AppData\Local\Temp\ccxjj19d.s 			page 8


 371 0287 00       		.byte	0
 372 0288 0B       		.uleb128 0xb
 373 0289 6B000000 		.4byte	0x6b
 374 028d 98020000 		.4byte	0x298
 375 0291 0C       		.uleb128 0xc
 376 0292 8C000000 		.4byte	0x8c
 377 0296 03       		.byte	0x3
 378 0297 00       		.byte	0
 379 0298 0D       		.uleb128 0xd
 380 0299 26020000 		.4byte	.LASF84
 381 029d 01       		.byte	0x1
 382 029e 10       		.byte	0x10
 383 029f 88020000 		.4byte	0x288
 384 02a3 05       		.uleb128 0x5
 385 02a4 03       		.byte	0x3
 386 02a5 00000000 		.4byte	LED_Mode
 387 02a9 0E       		.uleb128 0xe
 388 02aa 7B000000 		.4byte	.LASF85
 389 02ae 04       		.byte	0x4
 390 02af 33       		.byte	0x33
 391 02b0 0F       		.uleb128 0xf
 392 02b1 6B000000 		.4byte	0x6b
 393 02b5 00       		.byte	0
 394 02b6 00       		.byte	0
 395              		.section	.debug_abbrev,"",%progbits
 396              	.Ldebug_abbrev0:
 397 0000 01       		.uleb128 0x1
 398 0001 11       		.uleb128 0x11
 399 0002 01       		.byte	0x1
 400 0003 25       		.uleb128 0x25
 401 0004 0E       		.uleb128 0xe
 402 0005 13       		.uleb128 0x13
 403 0006 0B       		.uleb128 0xb
 404 0007 03       		.uleb128 0x3
 405 0008 0E       		.uleb128 0xe
 406 0009 1B       		.uleb128 0x1b
 407 000a 0E       		.uleb128 0xe
 408 000b 55       		.uleb128 0x55
 409 000c 17       		.uleb128 0x17
 410 000d 11       		.uleb128 0x11
 411 000e 01       		.uleb128 0x1
 412 000f 10       		.uleb128 0x10
 413 0010 17       		.uleb128 0x17
 414 0011 00       		.byte	0
 415 0012 00       		.byte	0
 416 0013 02       		.uleb128 0x2
 417 0014 24       		.uleb128 0x24
 418 0015 00       		.byte	0
 419 0016 0B       		.uleb128 0xb
 420 0017 0B       		.uleb128 0xb
 421 0018 3E       		.uleb128 0x3e
 422 0019 0B       		.uleb128 0xb
 423 001a 03       		.uleb128 0x3
 424 001b 0E       		.uleb128 0xe
 425 001c 00       		.byte	0
 426 001d 00       		.byte	0
 427 001e 03       		.uleb128 0x3
ARM GAS  C:\Users\tiantiaf\AppData\Local\Temp\ccxjj19d.s 			page 9


 428 001f 24       		.uleb128 0x24
 429 0020 00       		.byte	0
 430 0021 0B       		.uleb128 0xb
 431 0022 0B       		.uleb128 0xb
 432 0023 3E       		.uleb128 0x3e
 433 0024 0B       		.uleb128 0xb
 434 0025 03       		.uleb128 0x3
 435 0026 08       		.uleb128 0x8
 436 0027 00       		.byte	0
 437 0028 00       		.byte	0
 438 0029 04       		.uleb128 0x4
 439 002a 16       		.uleb128 0x16
 440 002b 00       		.byte	0
 441 002c 03       		.uleb128 0x3
 442 002d 0E       		.uleb128 0xe
 443 002e 3A       		.uleb128 0x3a
 444 002f 0B       		.uleb128 0xb
 445 0030 3B       		.uleb128 0x3b
 446 0031 05       		.uleb128 0x5
 447 0032 49       		.uleb128 0x49
 448 0033 13       		.uleb128 0x13
 449 0034 00       		.byte	0
 450 0035 00       		.byte	0
 451 0036 05       		.uleb128 0x5
 452 0037 04       		.uleb128 0x4
 453 0038 01       		.byte	0x1
 454 0039 0B       		.uleb128 0xb
 455 003a 0B       		.uleb128 0xb
 456 003b 3A       		.uleb128 0x3a
 457 003c 0B       		.uleb128 0xb
 458 003d 3B       		.uleb128 0x3b
 459 003e 05       		.uleb128 0x5
 460 003f 01       		.uleb128 0x1
 461 0040 13       		.uleb128 0x13
 462 0041 00       		.byte	0
 463 0042 00       		.byte	0
 464 0043 06       		.uleb128 0x6
 465 0044 28       		.uleb128 0x28
 466 0045 00       		.byte	0
 467 0046 03       		.uleb128 0x3
 468 0047 0E       		.uleb128 0xe
 469 0048 1C       		.uleb128 0x1c
 470 0049 0D       		.uleb128 0xd
 471 004a 00       		.byte	0
 472 004b 00       		.byte	0
 473 004c 07       		.uleb128 0x7
 474 004d 2E       		.uleb128 0x2e
 475 004e 01       		.byte	0x1
 476 004f 3F       		.uleb128 0x3f
 477 0050 19       		.uleb128 0x19
 478 0051 03       		.uleb128 0x3
 479 0052 0E       		.uleb128 0xe
 480 0053 3A       		.uleb128 0x3a
 481 0054 0B       		.uleb128 0xb
 482 0055 3B       		.uleb128 0x3b
 483 0056 0B       		.uleb128 0xb
 484 0057 27       		.uleb128 0x27
ARM GAS  C:\Users\tiantiaf\AppData\Local\Temp\ccxjj19d.s 			page 10


 485 0058 19       		.uleb128 0x19
 486 0059 11       		.uleb128 0x11
 487 005a 01       		.uleb128 0x1
 488 005b 12       		.uleb128 0x12
 489 005c 06       		.uleb128 0x6
 490 005d 40       		.uleb128 0x40
 491 005e 18       		.uleb128 0x18
 492 005f 9742     		.uleb128 0x2117
 493 0061 19       		.uleb128 0x19
 494 0062 01       		.uleb128 0x1
 495 0063 13       		.uleb128 0x13
 496 0064 00       		.byte	0
 497 0065 00       		.byte	0
 498 0066 08       		.uleb128 0x8
 499 0067 898201   		.uleb128 0x4109
 500 006a 01       		.byte	0x1
 501 006b 11       		.uleb128 0x11
 502 006c 01       		.uleb128 0x1
 503 006d 31       		.uleb128 0x31
 504 006e 13       		.uleb128 0x13
 505 006f 01       		.uleb128 0x1
 506 0070 13       		.uleb128 0x13
 507 0071 00       		.byte	0
 508 0072 00       		.byte	0
 509 0073 09       		.uleb128 0x9
 510 0074 8A8201   		.uleb128 0x410a
 511 0077 00       		.byte	0
 512 0078 02       		.uleb128 0x2
 513 0079 18       		.uleb128 0x18
 514 007a 9142     		.uleb128 0x2111
 515 007c 18       		.uleb128 0x18
 516 007d 00       		.byte	0
 517 007e 00       		.byte	0
 518 007f 0A       		.uleb128 0xa
 519 0080 898201   		.uleb128 0x4109
 520 0083 01       		.byte	0x1
 521 0084 11       		.uleb128 0x11
 522 0085 01       		.uleb128 0x1
 523 0086 31       		.uleb128 0x31
 524 0087 13       		.uleb128 0x13
 525 0088 00       		.byte	0
 526 0089 00       		.byte	0
 527 008a 0B       		.uleb128 0xb
 528 008b 01       		.uleb128 0x1
 529 008c 01       		.byte	0x1
 530 008d 49       		.uleb128 0x49
 531 008e 13       		.uleb128 0x13
 532 008f 01       		.uleb128 0x1
 533 0090 13       		.uleb128 0x13
 534 0091 00       		.byte	0
 535 0092 00       		.byte	0
 536 0093 0C       		.uleb128 0xc
 537 0094 21       		.uleb128 0x21
 538 0095 00       		.byte	0
 539 0096 49       		.uleb128 0x49
 540 0097 13       		.uleb128 0x13
 541 0098 2F       		.uleb128 0x2f
ARM GAS  C:\Users\tiantiaf\AppData\Local\Temp\ccxjj19d.s 			page 11


 542 0099 0B       		.uleb128 0xb
 543 009a 00       		.byte	0
 544 009b 00       		.byte	0
 545 009c 0D       		.uleb128 0xd
 546 009d 34       		.uleb128 0x34
 547 009e 00       		.byte	0
 548 009f 03       		.uleb128 0x3
 549 00a0 0E       		.uleb128 0xe
 550 00a1 3A       		.uleb128 0x3a
 551 00a2 0B       		.uleb128 0xb
 552 00a3 3B       		.uleb128 0x3b
 553 00a4 0B       		.uleb128 0xb
 554 00a5 49       		.uleb128 0x49
 555 00a6 13       		.uleb128 0x13
 556 00a7 3F       		.uleb128 0x3f
 557 00a8 19       		.uleb128 0x19
 558 00a9 02       		.uleb128 0x2
 559 00aa 18       		.uleb128 0x18
 560 00ab 00       		.byte	0
 561 00ac 00       		.byte	0
 562 00ad 0E       		.uleb128 0xe
 563 00ae 2E       		.uleb128 0x2e
 564 00af 01       		.byte	0x1
 565 00b0 3F       		.uleb128 0x3f
 566 00b1 19       		.uleb128 0x19
 567 00b2 03       		.uleb128 0x3
 568 00b3 0E       		.uleb128 0xe
 569 00b4 3A       		.uleb128 0x3a
 570 00b5 0B       		.uleb128 0xb
 571 00b6 3B       		.uleb128 0x3b
 572 00b7 0B       		.uleb128 0xb
 573 00b8 27       		.uleb128 0x27
 574 00b9 19       		.uleb128 0x19
 575 00ba 3C       		.uleb128 0x3c
 576 00bb 19       		.uleb128 0x19
 577 00bc 00       		.byte	0
 578 00bd 00       		.byte	0
 579 00be 0F       		.uleb128 0xf
 580 00bf 05       		.uleb128 0x5
 581 00c0 00       		.byte	0
 582 00c1 49       		.uleb128 0x49
 583 00c2 13       		.uleb128 0x13
 584 00c3 00       		.byte	0
 585 00c4 00       		.byte	0
 586 00c5 00       		.byte	0
 587              		.section	.debug_aranges,"",%progbits
 588 0000 1C000000 		.4byte	0x1c
 589 0004 0200     		.2byte	0x2
 590 0006 00000000 		.4byte	.Ldebug_info0
 591 000a 04       		.byte	0x4
 592 000b 00       		.byte	0
 593 000c 0000     		.2byte	0
 594 000e 0000     		.2byte	0
 595 0010 00000000 		.4byte	.LFB37
 596 0014 20000000 		.4byte	.LFE37-.LFB37
 597 0018 00000000 		.4byte	0
 598 001c 00000000 		.4byte	0
ARM GAS  C:\Users\tiantiaf\AppData\Local\Temp\ccxjj19d.s 			page 12


 599              		.section	.debug_ranges,"",%progbits
 600              	.Ldebug_ranges0:
 601 0000 00000000 		.4byte	.LFB37
 602 0004 20000000 		.4byte	.LFE37
 603 0008 00000000 		.4byte	0
 604 000c 00000000 		.4byte	0
 605              		.section	.debug_line,"",%progbits
 606              	.Ldebug_line0:
 607 0000 7F000000 		.section	.debug_str,"MS",%progbits,1
 607      02006600 
 607      00000201 
 607      FB0E0D00 
 607      01010101 
 608              	.LASF83:
 609 0000 55706461 		.ascii	"UpdateLED\000"
 609      74654C45 
 609      4400
 610              	.LASF22:
 611 000a 4359424C 		.ascii	"CYBLE_EVT_GAP_PASSKEY_ENTRY_REQUEST\000"
 611      455F4556 
 611      545F4741 
 611      505F5041 
 611      53534B45 
 612              	.LASF53:
 613 002e 4359424C 		.ascii	"CYBLE_EVT_GATTC_WRITE_RSP\000"
 613      455F4556 
 613      545F4741 
 613      5454435F 
 613      57524954 
 614              	.LASF19:
 615 0048 4359424C 		.ascii	"CYBLE_EVT_MEMORY_REQUEST\000"
 615      455F4556 
 615      545F4D45 
 615      4D4F5259 
 615      5F524551 
 616              	.LASF40:
 617 0061 4359424C 		.ascii	"CYBLE_EVT_GATTC_ERROR_RSP\000"
 617      455F4556 
 617      545F4741 
 617      5454435F 
 617      4552524F 
 618              	.LASF85:
 619 007b 4C45445F 		.ascii	"LED_Write\000"
 619      57726974 
 619      6500
 620              	.LASF34:
 621 0085 4359424C 		.ascii	"CYBLE_EVT_GAP_KEYPRESS_NOTIFICATION\000"
 621      455F4556 
 621      545F4741 
 621      505F4B45 
 621      59505245 
 622              	.LASF2:
 623 00a9 73686F72 		.ascii	"short int\000"
 623      7420696E 
 623      7400
 624              	.LASF25:
 625 00b3 4359424C 		.ascii	"CYBLE_EVT_GAP_AUTH_FAILED\000"
ARM GAS  C:\Users\tiantiaf\AppData\Local\Temp\ccxjj19d.s 			page 13


 625      455F4556 
 625      545F4741 
 625      505F4155 
 625      54485F46 
 626              	.LASF12:
 627 00cd 73697A65 		.ascii	"sizetype\000"
 627      74797065 
 627      00
 628              	.LASF36:
 629 00d6 4359424C 		.ascii	"CYBLE_EVT_GAP_DATA_LENGTH_CHANGE\000"
 629      455F4556 
 629      545F4741 
 629      505F4441 
 629      54415F4C 
 630              	.LASF6:
 631 00f7 6C6F6E67 		.ascii	"long long int\000"
 631      206C6F6E 
 631      6720696E 
 631      7400
 632              	.LASF17:
 633 0105 4359424C 		.ascii	"CYBLE_EVT_HCI_STATUS\000"
 633      455F4556 
 633      545F4843 
 633      495F5354 
 633      41545553 
 634              	.LASF46:
 635 011a 4359424C 		.ascii	"CYBLE_EVT_GATTC_READ_BY_TYPE_RSP\000"
 635      455F4556 
 635      545F4741 
 635      5454435F 
 635      52454144 
 636              	.LASF14:
 637 013b 4359424C 		.ascii	"CYBLE_EVT_STACK_ON\000"
 637      455F4556 
 637      545F5354 
 637      41434B5F 
 637      4F4E00
 638              	.LASF43:
 639 014e 4359424C 		.ascii	"CYBLE_EVT_GATTS_XCNHG_MTU_REQ\000"
 639      455F4556 
 639      545F4741 
 639      5454535F 
 639      58434E48 
 640              	.LASF32:
 641 016c 4359424C 		.ascii	"CYBLE_EVT_GAP_KEYINFO_EXCHNGE_CMPLT\000"
 641      455F4556 
 641      545F4741 
 641      505F4B45 
 641      59494E46 
 642              	.LASF51:
 643 0190 4359424C 		.ascii	"CYBLE_EVT_GATTC_READ_MULTI_RSP\000"
 643      455F4556 
 643      545F4741 
 643      5454435F 
 643      52454144 
 644              	.LASF60:
 645 01af 4359424C 		.ascii	"CYBLE_EVT_GATTS_HANDLE_VALUE_CNF\000"
ARM GAS  C:\Users\tiantiaf\AppData\Local\Temp\ccxjj19d.s 			page 14


 645      455F4556 
 645      545F4741 
 645      5454535F 
 645      48414E44 
 646              	.LASF13:
 647 01d0 4359424C 		.ascii	"CYBLE_EVT_HOST_INVALID\000"
 647      455F4556 
 647      545F484F 
 647      53545F49 
 647      4E56414C 
 648              	.LASF68:
 649 01e7 4359424C 		.ascii	"CYBLE_EVT_L2CAP_CBFC_CONN_IND\000"
 649      455F4556 
 649      545F4C32 
 649      4341505F 
 649      43424643 
 650              	.LASF71:
 651 0205 4359424C 		.ascii	"CYBLE_EVT_L2CAP_CBFC_DISCONN_CNF\000"
 651      455F4556 
 651      545F4C32 
 651      4341505F 
 651      43424643 
 652              	.LASF84:
 653 0226 4C45445F 		.ascii	"LED_Mode\000"
 653      4D6F6465 
 653      00
 654              	.LASF9:
 655 022f 666C6F61 		.ascii	"float\000"
 655      7400
 656              	.LASF49:
 657 0235 4359424C 		.ascii	"CYBLE_EVT_GATTC_READ_RSP\000"
 657      455F4556 
 657      545F4741 
 657      5454435F 
 657      52454144 
 658              	.LASF33:
 659 024e 4359424C 		.ascii	"CYBLE_EVT_GAP_NUMERIC_COMPARISON_REQUEST\000"
 659      455F4556 
 659      545F4741 
 659      505F4E55 
 659      4D455249 
 660              	.LASF38:
 661 0277 4359424C 		.ascii	"CYBLE_EVT_GAPC_DIRECT_ADV_REPORT\000"
 661      455F4556 
 661      545F4741 
 661      50435F44 
 661      49524543 
 662              	.LASF7:
 663 0298 6C6F6E67 		.ascii	"long long unsigned int\000"
 663      206C6F6E 
 663      6720756E 
 663      7369676E 
 663      65642069 
 664              	.LASF4:
 665 02af 6C6F6E67 		.ascii	"long int\000"
 665      20696E74 
 665      00
ARM GAS  C:\Users\tiantiaf\AppData\Local\Temp\ccxjj19d.s 			page 15


 666              	.LASF59:
 667 02b8 4359424C 		.ascii	"CYBLE_EVT_GATTC_HANDLE_VALUE_IND\000"
 667      455F4556 
 667      545F4741 
 667      5454435F 
 667      48414E44 
 668              	.LASF27:
 669 02d9 4359424C 		.ascii	"CYBLE_EVT_GAP_DEVICE_CONNECTED\000"
 669      455F4556 
 669      545F4741 
 669      505F4445 
 669      56494345 
 670              	.LASF26:
 671 02f8 4359424C 		.ascii	"CYBLE_EVT_GAPP_ADVERTISEMENT_START_STOP\000"
 671      455F4556 
 671      545F4741 
 671      50505F41 
 671      44564552 
 672              	.LASF58:
 673 0320 4359424C 		.ascii	"CYBLE_EVT_GATTC_HANDLE_VALUE_NTF\000"
 673      455F4556 
 673      545F4741 
 673      5454435F 
 673      48414E44 
 674              	.LASF18:
 675 0341 4359424C 		.ascii	"CYBLE_EVT_STACK_BUSY_STATUS\000"
 675      455F4556 
 675      545F5354 
 675      41434B5F 
 675      42555359 
 676              	.LASF80:
 677 035d 2E5C5374 		.ascii	".\\Stone_LED.c\000"
 677      6F6E655F 
 677      4C45442E 
 677      6300
 678              	.LASF79:
 679 036b 474E5520 		.ascii	"GNU C 4.9.3 20150303 (release) [ARM/embedded-4_9-br"
 679      4320342E 
 679      392E3320 
 679      32303135 
 679      30333033 
 680 039e 616E6368 		.ascii	"anch revision 221220] -mcpu=cortex-m0 -mthumb -g -O"
 680      20726576 
 680      6973696F 
 680      6E203232 
 680      31323230 
 681 03d1 67202D66 		.ascii	"g -ffunction-sections -ffat-lto-objects\000"
 681      66756E63 
 681      74696F6E 
 681      2D736563 
 681      74696F6E 
 682              	.LASF69:
 683 03f9 4359424C 		.ascii	"CYBLE_EVT_L2CAP_CBFC_CONN_CNF\000"
 683      455F4556 
 683      545F4C32 
 683      4341505F 
 683      43424643 
ARM GAS  C:\Users\tiantiaf\AppData\Local\Temp\ccxjj19d.s 			page 16


 684              	.LASF37:
 685 0417 4359424C 		.ascii	"CYBLE_EVT_GAP_ENHANCE_CONN_COMPLETE\000"
 685      455F4556 
 685      545F4741 
 685      505F454E 
 685      48414E43 
 686              	.LASF82:
 687 043b 75696E74 		.ascii	"uint8\000"
 687      3800
 688              	.LASF65:
 689 0441 4359424C 		.ascii	"CYBLE_EVT_L2CAP_CONN_PARAM_UPDATE_REQ\000"
 689      455F4556 
 689      545F4C32 
 689      4341505F 
 689      434F4E4E 
 690              	.LASF1:
 691 0467 756E7369 		.ascii	"unsigned char\000"
 691      676E6564 
 691      20636861 
 691      7200
 692              	.LASF55:
 693 0475 4359424C 		.ascii	"CYBLE_EVT_GATTS_PREP_WRITE_REQ\000"
 693      455F4556 
 693      545F4741 
 693      5454535F 
 693      50524550 
 694              	.LASF77:
 695 0494 4359424C 		.ascii	"CYBLE_EVT_LE_PING_AUTH_TIMEOUT\000"
 695      455F4556 
 695      545F4C45 
 695      5F50494E 
 695      475F4155 
 696              	.LASF47:
 697 04b3 4359424C 		.ascii	"CYBLE_EVT_GATTC_FIND_INFO_RSP\000"
 697      455F4556 
 697      545F4741 
 697      5454435F 
 697      46494E44 
 698              	.LASF0:
 699 04d1 7369676E 		.ascii	"signed char\000"
 699      65642063 
 699      68617200 
 700              	.LASF52:
 701 04dd 4359424C 		.ascii	"CYBLE_EVT_GATTS_WRITE_REQ\000"
 701      455F4556 
 701      545F4741 
 701      5454535F 
 701      57524954 
 702              	.LASF48:
 703 04f7 4359424C 		.ascii	"CYBLE_EVT_GATTC_FIND_BY_TYPE_VALUE_RSP\000"
 703      455F4556 
 703      545F4741 
 703      5454435F 
 703      46494E44 
 704              	.LASF24:
 705 051e 4359424C 		.ascii	"CYBLE_EVT_GAP_AUTH_COMPLETE\000"
 705      455F4556 
ARM GAS  C:\Users\tiantiaf\AppData\Local\Temp\ccxjj19d.s 			page 17


 705      545F4741 
 705      505F4155 
 705      54485F43 
 706              	.LASF8:
 707 053a 756E7369 		.ascii	"unsigned int\000"
 707      676E6564 
 707      20696E74 
 707      00
 708              	.LASF41:
 709 0547 4359424C 		.ascii	"CYBLE_EVT_GATT_CONNECT_IND\000"
 709      455F4556 
 709      545F4741 
 709      54545F43 
 709      4F4E4E45 
 710              	.LASF5:
 711 0562 6C6F6E67 		.ascii	"long unsigned int\000"
 711      20756E73 
 711      69676E65 
 711      6420696E 
 711      7400
 712              	.LASF21:
 713 0574 4359424C 		.ascii	"CYBLE_EVT_GAP_AUTH_REQ\000"
 713      455F4556 
 713      545F4741 
 713      505F4155 
 713      54485F52 
 714              	.LASF70:
 715 058b 4359424C 		.ascii	"CYBLE_EVT_L2CAP_CBFC_DISCONN_IND\000"
 715      455F4556 
 715      545F4C32 
 715      4341505F 
 715      43424643 
 716              	.LASF29:
 717 05ac 4359424C 		.ascii	"CYBLE_EVT_GAP_ENCRYPT_CHANGE\000"
 717      455F4556 
 717      545F4741 
 717      505F454E 
 717      43525950 
 718              	.LASF64:
 719 05c9 4359424C 		.ascii	"CYBLE_EVT_GATTC_LONG_PROCEDURE_END\000"
 719      455F4556 
 719      545F4741 
 719      5454435F 
 719      4C4F4E47 
 720              	.LASF3:
 721 05ec 73686F72 		.ascii	"short unsigned int\000"
 721      7420756E 
 721      7369676E 
 721      65642069 
 721      6E7400
 722              	.LASF30:
 723 05ff 4359424C 		.ascii	"CYBLE_EVT_GAP_CONNECTION_UPDATE_COMPLETE\000"
 723      455F4556 
 723      545F4741 
 723      505F434F 
 723      4E4E4543 
 724              	.LASF39:
ARM GAS  C:\Users\tiantiaf\AppData\Local\Temp\ccxjj19d.s 			page 18


 725 0628 4359424C 		.ascii	"CYBLE_EVT_GAP_SMP_NEGOTIATED_AUTH_INFO\000"
 725      455F4556 
 725      545F4741 
 725      505F534D 
 725      505F4E45 
 726              	.LASF11:
 727 064f 63686172 		.ascii	"char\000"
 727      00
 728              	.LASF67:
 729 0654 4359424C 		.ascii	"CYBLE_EVT_L2CAP_COMMAND_REJ\000"
 729      455F4556 
 729      545F4C32 
 729      4341505F 
 729      434F4D4D 
 730              	.LASF23:
 731 0670 4359424C 		.ascii	"CYBLE_EVT_GAP_PASSKEY_DISPLAY_REQUEST\000"
 731      455F4556 
 731      545F4741 
 731      505F5041 
 731      53534B45 
 732              	.LASF50:
 733 0696 4359424C 		.ascii	"CYBLE_EVT_GATTC_READ_BLOB_RSP\000"
 733      455F4556 
 733      545F4741 
 733      5454435F 
 733      52454144 
 734              	.LASF57:
 735 06b4 4359424C 		.ascii	"CYBLE_EVT_GATTC_EXEC_WRITE_RSP\000"
 735      455F4556 
 735      545F4741 
 735      5454435F 
 735      45584543 
 736              	.LASF31:
 737 06d3 4359424C 		.ascii	"CYBLE_EVT_GAPC_SCAN_START_STOP\000"
 737      455F4556 
 737      545F4741 
 737      50435F53 
 737      43414E5F 
 738              	.LASF76:
 739 06f2 4359424C 		.ascii	"CYBLE_EVT_PENDING_FLASH_WRITE\000"
 739      455F4556 
 739      545F5045 
 739      4E44494E 
 739      475F464C 
 740              	.LASF73:
 741 0710 4359424C 		.ascii	"CYBLE_EVT_L2CAP_CBFC_RX_CREDIT_IND\000"
 741      455F4556 
 741      545F4C32 
 741      4341505F 
 741      43424643 
 742              	.LASF10:
 743 0733 646F7562 		.ascii	"double\000"
 743      6C6500
 744              	.LASF74:
 745 073a 4359424C 		.ascii	"CYBLE_EVT_L2CAP_CBFC_TX_CREDIT_IND\000"
 745      455F4556 
 745      545F4C32 
ARM GAS  C:\Users\tiantiaf\AppData\Local\Temp\ccxjj19d.s 			page 19


 745      4341505F 
 745      43424643 
 746              	.LASF16:
 747 075d 4359424C 		.ascii	"CYBLE_EVT_HARDWARE_ERROR\000"
 747      455F4556 
 747      545F4841 
 747      52445741 
 747      52455F45 
 748              	.LASF72:
 749 0776 4359424C 		.ascii	"CYBLE_EVT_L2CAP_CBFC_DATA_READ\000"
 749      455F4556 
 749      545F4C32 
 749      4341505F 
 749      43424643 
 750              	.LASF66:
 751 0795 4359424C 		.ascii	"CYBLE_EVT_L2CAP_CONN_PARAM_UPDATE_RSP\000"
 751      455F4556 
 751      545F4C32 
 751      4341505F 
 751      434F4E4E 
 752              	.LASF20:
 753 07bb 4359424C 		.ascii	"CYBLE_EVT_GAPC_SCAN_PROGRESS_RESULT\000"
 753      455F4556 
 753      545F4741 
 753      50435F53 
 753      43414E5F 
 754              	.LASF45:
 755 07df 4359424C 		.ascii	"CYBLE_EVT_GATTC_READ_BY_GROUP_TYPE_RSP\000"
 755      455F4556 
 755      545F4741 
 755      5454435F 
 755      52454144 
 756              	.LASF54:
 757 0806 4359424C 		.ascii	"CYBLE_EVT_GATTS_WRITE_CMD_REQ\000"
 757      455F4556 
 757      545F4741 
 757      5454535F 
 757      57524954 
 758              	.LASF44:
 759 0824 4359424C 		.ascii	"CYBLE_EVT_GATTC_XCHNG_MTU_RSP\000"
 759      455F4556 
 759      545F4741 
 759      5454435F 
 759      5843484E 
 760              	.LASF75:
 761 0842 4359424C 		.ascii	"CYBLE_EVT_L2CAP_CBFC_DATA_WRITE_IND\000"
 761      455F4556 
 761      545F4C32 
 761      4341505F 
 761      43424643 
 762              	.LASF15:
 763 0866 4359424C 		.ascii	"CYBLE_EVT_TIMEOUT\000"
 763      455F4556 
 763      545F5449 
 763      4D454F55 
 763      5400
 764              	.LASF78:
ARM GAS  C:\Users\tiantiaf\AppData\Local\Temp\ccxjj19d.s 			page 20


 765 0878 4359424C 		.ascii	"CYBLE_EVT_MAX\000"
 765      455F4556 
 765      545F4D41 
 765      5800
 766              	.LASF63:
 767 0886 4359424C 		.ascii	"CYBLE_EVT_GATTS_READ_CHAR_VAL_ACCESS_REQ\000"
 767      455F4556 
 767      545F4741 
 767      5454535F 
 767      52454144 
 768              	.LASF62:
 769 08af 4359424C 		.ascii	"CYBLE_EVT_GATTC_STOP_CMD_COMPLETE\000"
 769      455F4556 
 769      545F4741 
 769      5454435F 
 769      53544F50 
 770              	.LASF81:
 771 08d1 453A5C53 		.ascii	"E:\\Stone_Project\\fw-BLE-Motor\\fw-stone\\Stone.cy"
 771      746F6E65 
 771      5F50726F 
 771      6A656374 
 771      5C66772D 
 772 0900 64736E00 		.ascii	"dsn\000"
 773              	.LASF56:
 774 0904 4359424C 		.ascii	"CYBLE_EVT_GATTS_EXEC_WRITE_REQ\000"
 774      455F4556 
 774      545F4741 
 774      5454535F 
 774      45584543 
 775              	.LASF28:
 776 0923 4359424C 		.ascii	"CYBLE_EVT_GAP_DEVICE_DISCONNECTED\000"
 776      455F4556 
 776      545F4741 
 776      505F4445 
 776      56494345 
 777              	.LASF61:
 778 0945 4359424C 		.ascii	"CYBLE_EVT_GATTS_DATA_SIGNED_CMD_REQ\000"
 778      455F4556 
 778      545F4741 
 778      5454535F 
 778      44415441 
 779              	.LASF42:
 780 0969 4359424C 		.ascii	"CYBLE_EVT_GATT_DISCONNECT_IND\000"
 780      455F4556 
 780      545F4741 
 780      54545F44 
 780      4953434F 
 781              	.LASF35:
 782 0987 4359424C 		.ascii	"CYBLE_EVT_GAP_OOB_GENERATED_NOTIFICATION\000"
 782      455F4556 
 782      545F4741 
 782      505F4F4F 
 782      425F4745 
 783              		.ident	"GCC: (GNU Tools for ARM Embedded Processors) 4.9.3 20150303 (release) [ARM/embedded-4_9-br
