#***************************************************************************

#sjplacer

#Version:            1.1

#Build Date:         Apr 25 2016 12:55:34

#File Generated:     Jun 8 2016 23:58:59

#Purpose:            

#Copyright (C) 2010-2011 by Softjin Technologies Pvt Ltd. All rights reserved.

#***************************************************************************

Executing : D:\Program Files (x86)\Cypress\PSoC Creator\3.3\PSoC Creator\bin/sjplacer.exe --proj-name PSoC_4_BLE_CapSense_Proximity --netlist-vh2 PSoC_4_BLE_CapSense_Proximity_p.vh2 --arch-file D:\Program Files (x86)\Cypress\PSoC Creator\3.3\PSoC Creator\dev/arch/p4_udb2x2.ark --rrg-file D:\Program Files (x86)\Cypress\PSoC Creator\3.3\PSoC Creator\dev/psoc4/3/route_arch-rrg.cydata --irq-file D:\Program Files (x86)\Cypress\PSoC Creator\3.3\PSoC Creator\dev/psoc4/3/irqconn.cydata --dsi-conn-file D:\Program Files (x86)\Cypress\PSoC Creator\3.3\PSoC Creator\dev/psoc4/3/dsiconn.cydata --pins-file pins_56-QFN.xml --lib-file PSoC_4_BLE_CapSense_Proximity_p.lib --sdc-file PSoC_4_BLE_CapSense_Proximity.sdc --io-pcf PSoC_4_BLE_CapSense_Proximity.pci --outdir .

		Softjin Techologies Placer, Version 1.1

Build Date : Apr 25 2016	12:53:53

D2004: Option and Settings Summary
=============================================================
Netlist vh2 file          - PSoC_4_BLE_CapSense_Proximity_p.vh2
Architecture file         - D:\Program Files (x86)\Cypress\PSoC Creator\3.3\PSoC Creator\dev/arch/p4_udb2x2.ark
Package                   - 
Defparam file             - 
SDC file                  - PSoC_4_BLE_CapSense_Proximity.sdc
Output directory          - .
Timing library            - PSoC_4_BLE_CapSense_Proximity_p.lib
IO Placement file         - PSoC_4_BLE_CapSense_Proximity.pci

D2050: Starting reading inputs for placer
=============================================================
D2065: Reading netlist file : "PSoC_4_BLE_CapSense_Proximity_p.vh2"
D2065: Reading arch file : "D:\Program Files (x86)\Cypress\PSoC Creator\3.3\PSoC Creator\dev/arch/p4_udb2x2.ark"
D2051: Reading of inputs for placer completed successfully

D2053: Starting placement of the design
=============================================================

Phase 2
Phase 3
I2659: No Constrained paths were found. The placer will run in non-timing driven mode.

Design Statistics after Packing
    Number of Combinational MCs 	:	1
    Number of Sequential MCs    	:	0
    Number of DPs               	:	0
    Number of Controls          	:	0
    Number of Status            	:	0
    Number of SyncCells         	:	0
    Number of count7cells       	:	0

Device Utilization Summary after Packing
    Macrocells                  :	1/32
    UDBS                        :	1/4
    IOs                         :	3/38


D2088: Phase 3, elapsed time : 0.0 (sec)

Phase 4
D2088: Phase 4, elapsed time : 0.0 (sec)

Phase 6
D2088: Phase 6, elapsed time : 0.0 (sec)

Phase 7
D2088: Phase 7, elapsed time : 0.0 (sec)

Final Design Statistics
    Number of Combinational MCs 	:	1
    Number of Sequential MCs    	:	0
    Number of DPs               	:	0
    Number of Controls          	:	0
    Number of Status            	:	0
    Number of SyncCells         	:	0
    Number of count7cells       	:	0
    Number of IOs       	:	3

Device Utilization Summary
    Macrocells                  :	1/32
    IOs                         :	3/38


Phase 8
D2088: Phase 8, elapsed time : 0.0 (sec)

D2054: Placement of the design completed successfully

I2076: Total run-time: 0.3 sec.

